{"logTime": "0520/041153", "correlationVector":"JE3lcaMfBP0U6rmnGgnMHU","action":"Commit Request", "result":"", "context":Item count: 5
Contributing types: Sessions, History}
{"logTime": "0520/041153", "correlationVector":"JE3lcaMfBP0U6rmnGgnMHU.1","action":"SyncServerConnectionManagerRequest", "result":"SYNC_SERVER_OK", "context":{"environment":"Prod_southeastasia_prod-s01-064-apac-southeastasia", "migrationStage":"NotStarted", "server":"akswtt00700003n"}}
{"logTime": "0520/041153", "correlationVector":"JE3lcaMfBP0U6rmnGgnMHU.2","action":"Commit Response", "result":"Success", "context":Result: Success. cV=JE3lcaMfBP0U6rmnGgnMHU.0;server=akswtt00700003n;cloudType=Multitenant;environment=Prod_southeastasia_prod-s01-064-apac-southeastasia;migrationStage=NotStarted}
{"logTime": "0520/041153", "correlationVector":"JE3lcaMfBP0U6rmnGgnMHU.3","action":"Commit.Sessions", "result":"Success", "context":{"id":"2ade7234-8e07-4baf-aabb-728fde9885e1", "isDeleted":"true", "size":"0", "version":"1747714209237"}}
{"logTime": "0520/041253", "correlationVector":"iclVopL9R0dSk/SLpz+dqp","action":"Commit Request", "result":"", "context":Item count: 2
Contributing types: Sessions, History}
{"logTime": "0520/041254", "correlationVector":"iclVopL9R0dSk/SLpz+dqp.1","action":"SyncServerConnectionManagerRequest", "result":"SYNC_SERVER_OK", "context":{"environment":"Prod_southeastasia_prod-s01-065-apac-southeastasia", "migrationStage":"NotStarted", "server":"akswtt00700001j"}}
{"logTime": "0520/041254", "correlationVector":"iclVopL9R0dSk/SLpz+dqp.2","action":"Commit Response", "result":"Success", "context":Result: Success. cV=iclVopL9R0dSk/SLpz+dqp.0;server=akswtt00700001j;cloudType=Multitenant;environment=Prod_southeastasia_prod-s01-065-apac-southeastasia;migrationStage=NotStarted}
{"logTime": "0520/042250", "correlationVector":"ySLa88bjxIo5EAXW59fDf0.1","action":"SyncServerConnectionManagerRequest", "result":"SYNC_SERVER_OK", "context":{"environment":"Prod_southeastasia_prod-s01-064-apac-southeastasia", "migrationStage":"NotStarted", "server":"akswtt00700003u"}}
{"logTime": "0520/042255", "correlationVector":"ySLa88bjxIo5EAXW59fDf0.2","action":"AAD.Mip.Unpack", "result":"Success", "context":MIP_CLOUD_COMMERCIAL:Success}
{"logTime": "0520/042255", "correlationVector":"ySLa88bjxIo5EAXW59fDf0.3","action":"EncryptionKeysManager::SetEncryptionKeys:", "result":"Success", "context":Key names[1]:[Hzcfl8u0Q1fAKPeZybT2iAiixzSLk5albuPJZtr0qUoQtPPFy1kcqjVMJXKQ+vSxp3mGD5BFRwtKisdaXPSh5w==]}
{"logTime": "0520/042255", "correlationVector":"ySLa88bjxIo5EAXW59fDf0.4","action":"AAD.GetKeyResponse", "result":"Success", "context":Keys=1.LastKeyStatus=Active. 2025-04-09 20:51:51 +07.State=None. Tags: Current_encryption_keys_tag = 77+977+9aO+/vXwVUu+/vTTvv70277+9Dirvv73vv73vv71E77+9fe+/vQpg77+9MG7vv70xZjjvv70t, Updated_current_encryption_keys_tag = Empty. Emails: ["fatihfaritshi@student.unp.ac.id"]}
{"logTime": "0520/042255", "correlationVector":"ySLa88bjxIo5EAXW59fDf0.5","action":"ProcessGetUpdates", "result":"Done", "context":{"dataType":"Encryption Keys", "deleted":"0", "process_failed_to_decrypt":"0", "process_pending_decryption":"0", "process_success":"1", "total":"1"}}
{"logTime": "0520/042255", "correlationVector":"ySLa88bjxIo5EAXW59fDf0","action":"Initial GetUpdates", "result":"", "context":Reason: NEW_CLIENT. cV=ySLa88bjxIo5EAXW59fDf0}
{"logTime": "0520/042255", "correlationVector":"ySLa88bjxIo5EAXW59fDf0.6","action":"GetUpdates Response", "result":"Success", "context":Received 1 update(s). cV=ySLa88bjxIo5EAXW59fDf0.0;server=akswtt00700003u;cloudType=Multitenant;environment=Prod_southeastasia_prod-s01-064-apac-southeastasia;migrationStage=NotStarted}
{"logTime": "0520/042255", "correlationVector":"sJ3dvZ4T7cjDOt3tZqWiXx","action":"Normal GetUpdate request", "result":"", "context":cV=sJ3dvZ4T7cjDOt3tZqWiXx
Nudged types: Sessions, History
Refresh requested types: Bookmarks, Preferences, Passwords, Autofill Profiles, Autofill, Extensions, Sessions, Extension settings, History Delete Directives, Device Info, User Consents, Send Tab To Self, Web Apps, History, Saved Tab Group, Collection, Edge E Drop, Edge Hub App Usage, Edge Tab Group, Edge Wallet, Encryption Keys}
{"logTime": "0520/042255", "correlationVector":"sJ3dvZ4T7cjDOt3tZqWiXx.1","action":"SyncServerConnectionManagerRequest", "result":"SYNC_SERVER_OK", "context":{"environment":"Prod_southeastasia_prod-s01-064-apac-southeastasia", "migrationStage":"NotStarted", "server":"akswtt007000038"}}
{"logTime": "0520/042255", "correlationVector":"sJ3dvZ4T7cjDOt3tZqWiXx.2","action":"ProcessGetUpdates", "result":"Done", "context":{"dataType":"Sessions", "deleted":"1", "process_failed_to_decrypt":"0", "process_pending_decryption":"0", "process_success":"3", "total":"3"}}
{"logTime": "0520/042255", "correlationVector":"sJ3dvZ4T7cjDOt3tZqWiXx.3","action":"ProcessGetUpdates", "result":"Done", "context":{"dataType":"History", "deleted":"0", "process_failed_to_decrypt":"0", "process_pending_decryption":"0", "process_success":"2", "total":"2"}}
{"logTime": "0520/042255", "correlationVector":"sJ3dvZ4T7cjDOt3tZqWiXx.4","action":"GetUpdates Response", "result":"Success", "context":Received 5 update(s). cV=sJ3dvZ4T7cjDOt3tZqWiXx.0;server=akswtt007000038;cloudType=Multitenant;environment=Prod_southeastasia_prod-s01-064-apac-southeastasia;migrationStage=NotStarted}
{"logTime": "0520/042255", "correlationVector":"rBQyWA6F015Kaoqh1629bM","action":"Commit Request", "result":"", "context":Item count: 5
Contributing types: Sessions, History}
{"logTime": "0520/042256", "correlationVector":"rBQyWA6F015Kaoqh1629bM.1","action":"SyncServerConnectionManagerRequest", "result":"SYNC_SERVER_OK", "context":{"environment":"Prod_southeastasia_prod-s01-064-apac-southeastasia", "migrationStage":"NotStarted", "server":"akswtt00700002b"}}
{"logTime": "0520/042256", "correlationVector":"rBQyWA6F015Kaoqh1629bM.2","action":"Commit Response", "result":"Success", "context":Result: Success. cV=rBQyWA6F015Kaoqh1629bM.0;server=akswtt00700002b;cloudType=Multitenant;environment=Prod_southeastasia_prod-s01-064-apac-southeastasia;migrationStage=NotStarted}
{"logTime": "0520/042524", "correlationVector":"TOTJTWbpa9sA73rUPylpHY","action":"Commit Request", "result":"", "context":Item count: 1
Contributing types: Sessions}
{"logTime": "0520/042525", "correlationVector":"TOTJTWbpa9sA73rUPylpHY.1","action":"SyncServerConnectionManagerRequest", "result":"SYNC_SERVER_OK", "context":{"environment":"Prod_southeastasia_prod-s01-064-apac-southeastasia", "migrationStage":"NotStarted", "server":"akswtt00700000d"}}
{"logTime": "0520/042525", "correlationVector":"TOTJTWbpa9sA73rUPylpHY.2","action":"Commit Response", "result":"Success", "context":Result: Success. cV=TOTJTWbpa9sA73rUPylpHY.0;server=akswtt00700000d;cloudType=Multitenant;environment=Prod_southeastasia_prod-s01-064-apac-southeastasia;migrationStage=NotStarted}
{"logTime": "0520/042525", "correlationVector":"TOTJTWbpa9sA73rUPylpHY.3","action":"Commit.Sessions", "result":"Success", "context":{"id":"92bb5094-9750-4610-b508-73aa09802ef4", "isDeleted":"true", "size":"0", "version":"1747714963617"}}
{"logTime": "0520/043445", "correlationVector":"wPqoNSwbPyS5FiLV19QtV7","action":"Commit Request", "result":"", "context":Item count: 1
Contributing types: Sessions}
{"logTime": "0520/043446", "correlationVector":"wPqoNSwbPyS5FiLV19QtV7.1","action":"SyncServerConnectionManagerRequest", "result":"SYNC_SERVER_OK", "context":{"environment":"Prod_southeastasia_prod-s01-064-apac-southeastasia", "migrationStage":"NotStarted", "server":"akswtt007000023"}}
{"logTime": "0520/043446", "correlationVector":"wPqoNSwbPyS5FiLV19QtV7.2","action":"Commit Response", "result":"Success", "context":Result: Success. cV=wPqoNSwbPyS5FiLV19QtV7.0;server=akswtt007000023;cloudType=Multitenant;environment=Prod_southeastasia_prod-s01-064-apac-southeastasia;migrationStage=NotStarted}
{"logTime": "0520/043851", "correlationVector":"C6gHvhc1vzClL5wSiC4XrJ.1","action":"SyncServerConnectionManagerRequest", "result":"SYNC_SERVER_OK", "context":{"environment":"Prod_southeastasia_prod-s01-064-apac-southeastasia", "migrationStage":"NotStarted", "server":"akswtt007000014"}}
{"logTime": "0520/043854", "correlationVector":"C6gHvhc1vzClL5wSiC4XrJ.2","action":"AAD.Mip.Unpack", "result":"Success", "context":MIP_CLOUD_COMMERCIAL:Success}
{"logTime": "0520/043854", "correlationVector":"C6gHvhc1vzClL5wSiC4XrJ.3","action":"EncryptionKeysManager::SetEncryptionKeys:", "result":"Success", "context":Key names[1]:[Hzcfl8u0Q1fAKPeZybT2iAiixzSLk5albuPJZtr0qUoQtPPFy1kcqjVMJXKQ+vSxp3mGD5BFRwtKisdaXPSh5w==]}
{"logTime": "0520/043854", "correlationVector":"C6gHvhc1vzClL5wSiC4XrJ.4","action":"AAD.GetKeyResponse", "result":"Success", "context":Keys=1.LastKeyStatus=Active. 2025-04-09 20:51:51 +07.State=None. Tags: Current_encryption_keys_tag = 77+977+9aO+/vXwVUu+/vTTvv70277+9Dirvv73vv73vv71E77+9fe+/vQpg77+9MG7vv70xZjjvv70t, Updated_current_encryption_keys_tag = Empty. Emails: ["fatihfaritshi@student.unp.ac.id"]}
{"logTime": "0520/043854", "correlationVector":"C6gHvhc1vzClL5wSiC4XrJ.5","action":"ProcessGetUpdates", "result":"Done", "context":{"dataType":"Encryption Keys", "deleted":"0", "process_failed_to_decrypt":"0", "process_pending_decryption":"0", "process_success":"1", "total":"1"}}
{"logTime": "0520/043854", "correlationVector":"C6gHvhc1vzClL5wSiC4XrJ","action":"Initial GetUpdates", "result":"", "context":Reason: NEW_CLIENT. cV=C6gHvhc1vzClL5wSiC4XrJ}
{"logTime": "0520/043854", "correlationVector":"C6gHvhc1vzClL5wSiC4XrJ.6","action":"GetUpdates Response", "result":"Success", "context":Received 1 update(s). cV=C6gHvhc1vzClL5wSiC4XrJ.0;server=akswtt007000014;cloudType=Multitenant;environment=Prod_southeastasia_prod-s01-064-apac-southeastasia;migrationStage=NotStarted}
{"logTime": "0520/043854", "correlationVector":"DapFxREp9E4v/Z/06lnsmP","action":"Normal GetUpdate request", "result":"", "context":cV=DapFxREp9E4v/Z/06lnsmP
Nudged types: Sessions, History
Refresh requested types: Bookmarks, Preferences, Passwords, Autofill Profiles, Autofill, Extensions, Sessions, Extension settings, History Delete Directives, Device Info, User Consents, Send Tab To Self, Web Apps, History, Saved Tab Group, Collection, Edge E Drop, Edge Hub App Usage, Edge Tab Group, Edge Wallet, Encryption Keys}
{"logTime": "0520/043854", "correlationVector":"DapFxREp9E4v/Z/06lnsmP.1","action":"SyncServerConnectionManagerRequest", "result":"SYNC_SERVER_OK", "context":{"environment":"Prod_southeastasia_prod-s01-064-apac-southeastasia", "migrationStage":"NotStarted", "server":"akswtt007000015"}}
{"logTime": "0520/043854", "correlationVector":"DapFxREp9E4v/Z/06lnsmP.2","action":"ProcessGetUpdates", "result":"Done", "context":{"dataType":"Sessions", "deleted":"1", "process_failed_to_decrypt":"0", "process_pending_decryption":"0", "process_success":"3", "total":"3"}}
{"logTime": "0520/043854", "correlationVector":"DapFxREp9E4v/Z/06lnsmP.3","action":"ProcessGetUpdates", "result":"Done", "context":{"dataType":"History", "deleted":"0", "process_failed_to_decrypt":"0", "process_pending_decryption":"0", "process_success":"2", "total":"2"}}
{"logTime": "0520/043854", "correlationVector":"DapFxREp9E4v/Z/06lnsmP.4","action":"GetUpdates Response", "result":"Success", "context":Received 5 update(s). cV=DapFxREp9E4v/Z/06lnsmP.0;server=akswtt007000015;cloudType=Multitenant;environment=Prod_southeastasia_prod-s01-064-apac-southeastasia;migrationStage=NotStarted}
{"logTime": "0520/043854", "correlationVector":"x2VXC3qTaazdDGxEYiX3RR","action":"Commit Request", "result":"", "context":Item count: 4
Contributing types: Sessions, History}
{"logTime": "0520/043854", "correlationVector":"x2VXC3qTaazdDGxEYiX3RR.1","action":"SyncServerConnectionManagerRequest", "result":"SYNC_SERVER_OK", "context":{"environment":"Prod_southeastasia_prod-s01-064-apac-southeastasia", "migrationStage":"NotStarted", "server":"akswtt00700003z"}}
{"logTime": "0520/043854", "correlationVector":"x2VXC3qTaazdDGxEYiX3RR.2","action":"Commit Response", "result":"Success", "context":Result: Success. cV=x2VXC3qTaazdDGxEYiX3RR.0;server=akswtt00700003z;cloudType=Multitenant;environment=Prod_southeastasia_prod-s01-064-apac-southeastasia;migrationStage=NotStarted}
{"logTime": "0520/043854", "correlationVector":"x2VXC3qTaazdDGxEYiX3RR.3","action":"Commit.Sessions", "result":"Success", "context":{"id":"e519afce-f10b-4a79-9402-5a0a3661d895", "isDeleted":"true", "size":"0", "version":"1747715674192"}}
{"logTime": "0520/043955", "correlationVector":"abKVB0aGHez1mckClz1O+t","action":"Commit Request", "result":"", "context":Item count: 2
Contributing types: Sessions, History}
{"logTime": "0520/043955", "correlationVector":"abKVB0aGHez1mckClz1O+t.1","action":"SyncServerConnectionManagerRequest", "result":"SYNC_SERVER_OK", "context":{"environment":"Prod_southeastasia_prod-s01-064-apac-southeastasia", "migrationStage":"NotStarted", "server":"akswtt007000010"}}
{"logTime": "0520/043955", "correlationVector":"abKVB0aGHez1mckClz1O+t.2","action":"Commit Response", "result":"Success", "context":Result: Success. cV=abKVB0aGHez1mckClz1O+t.0;server=akswtt007000010;cloudType=Multitenant;environment=Prod_southeastasia_prod-s01-064-apac-southeastasia;migrationStage=NotStarted}
{"logTime": "0520/045505", "correlationVector":"BApOUI4WK/ulwra+cjl+X0.1","action":"SyncServerConnectionManagerRequest", "result":"SYNC_SERVER_OK", "context":{"environment":"Prod_southeastasia_prod-s01-065-apac-southeastasia", "migrationStage":"NotStarted", "server":"akswtt00700001e"}}
{"logTime": "0520/045505", "correlationVector":"BApOUI4WK/ulwra+cjl+X0.2","action":"AAD.Mip.Unpack", "result":"Success", "context":MIP_CLOUD_COMMERCIAL:Success}
{"logTime": "0520/045505", "correlationVector":"BApOUI4WK/ulwra+cjl+X0.3","action":"EncryptionKeysManager::SetEncryptionKeys:", "result":"Success", "context":Key names[1]:[Hzcfl8u0Q1fAKPeZybT2iAiixzSLk5albuPJZtr0qUoQtPPFy1kcqjVMJXKQ+vSxp3mGD5BFRwtKisdaXPSh5w==]}
{"logTime": "0520/045505", "correlationVector":"BApOUI4WK/ulwra+cjl+X0.4","action":"AAD.GetKeyResponse", "result":"Success", "context":Keys=1.LastKeyStatus=Active. 2025-04-09 20:51:51 +07.State=None. Tags: Current_encryption_keys_tag = 77+977+9aO+/vXwVUu+/vTTvv70277+9Dirvv73vv73vv71E77+9fe+/vQpg77+9MG7vv70xZjjvv70t, Updated_current_encryption_keys_tag = Empty. Emails: ["fatihfaritshi@student.unp.ac.id"]}
{"logTime": "0520/045505", "correlationVector":"BApOUI4WK/ulwra+cjl+X0.5","action":"ProcessGetUpdates", "result":"Done", "context":{"dataType":"Encryption Keys", "deleted":"0", "process_failed_to_decrypt":"0", "process_pending_decryption":"0", "process_success":"1", "total":"1"}}
{"logTime": "0520/045505", "correlationVector":"BApOUI4WK/ulwra+cjl+X0","action":"Initial GetUpdates", "result":"", "context":Reason: NEW_CLIENT. cV=BApOUI4WK/ulwra+cjl+X0}
{"logTime": "0520/045505", "correlationVector":"BApOUI4WK/ulwra+cjl+X0.6","action":"GetUpdates Response", "result":"Success", "context":Received 1 update(s). cV=BApOUI4WK/ulwra+cjl+X0.0;server=akswtt00700001e;cloudType=Multitenant;environment=Prod_southeastasia_prod-s01-065-apac-southeastasia;migrationStage=NotStarted}
{"logTime": "0520/045506", "correlationVector":"cpNUOpXqzW15Xx1nb0N2o0","action":"Normal GetUpdate request", "result":"", "context":cV=cpNUOpXqzW15Xx1nb0N2o0
Nudged types: Sessions, History
Refresh requested types: Bookmarks, Preferences, Passwords, Autofill Profiles, Autofill, Extensions, Sessions, Extension settings, History Delete Directives, Device Info, User Consents, Send Tab To Self, Web Apps, History, Saved Tab Group, Collection, Edge E Drop, Edge Hub App Usage, Edge Tab Group, Edge Wallet, Encryption Keys}
{"logTime": "0520/045506", "correlationVector":"cpNUOpXqzW15Xx1nb0N2o0.1","action":"SyncServerConnectionManagerRequest", "result":"SYNC_SERVER_OK", "context":{"environment":"Prod_southeastasia_prod-s01-064-apac-southeastasia", "migrationStage":"NotStarted", "server":"akswtt00700000g"}}
{"logTime": "0520/045506", "correlationVector":"cpNUOpXqzW15Xx1nb0N2o0.2","action":"ProcessGetUpdates", "result":"Done", "context":{"dataType":"Sessions", "deleted":"1", "process_failed_to_decrypt":"0", "process_pending_decryption":"0", "process_success":"3", "total":"3"}}
{"logTime": "0520/045506", "correlationVector":"cpNUOpXqzW15Xx1nb0N2o0.3","action":"ProcessGetUpdates", "result":"Done", "context":{"dataType":"History", "deleted":"0", "process_failed_to_decrypt":"0", "process_pending_decryption":"0", "process_success":"2", "total":"2"}}
{"logTime": "0520/045506", "correlationVector":"cpNUOpXqzW15Xx1nb0N2o0.4","action":"GetUpdates Response", "result":"Success", "context":Received 5 update(s). cV=cpNUOpXqzW15Xx1nb0N2o0.0;server=akswtt00700000g;cloudType=Multitenant;environment=Prod_southeastasia_prod-s01-064-apac-southeastasia;migrationStage=NotStarted}
{"logTime": "0520/045506", "correlationVector":"LfdHxXzwXMpRqBT5fekJnk","action":"Commit Request", "result":"", "context":Item count: 4
Contributing types: Sessions, History}
{"logTime": "0520/045507", "correlationVector":"LfdHxXzwXMpRqBT5fekJnk.1","action":"SyncServerConnectionManagerRequest", "result":"SYNC_SERVER_OK", "context":{"environment":"Prod_southeastasia_prod-s01-064-apac-southeastasia", "migrationStage":"NotStarted", "server":"akswtt00700002f"}}
{"logTime": "0520/045507", "correlationVector":"LfdHxXzwXMpRqBT5fekJnk.2","action":"Commit Response", "result":"Success", "context":Result: Success. cV=LfdHxXzwXMpRqBT5fekJnk.0;server=akswtt00700002f;cloudType=Multitenant;environment=Prod_southeastasia_prod-s01-064-apac-southeastasia;migrationStage=NotStarted}
{"logTime": "0520/045607", "correlationVector":"I9yj+SxDlTKeCM+T7bLcmo","action":"Commit Request", "result":"", "context":Item count: 3
Contributing types: Sessions, History}
{"logTime": "0520/045607", "correlationVector":"I9yj+SxDlTKeCM+T7bLcmo.1","action":"SyncServerConnectionManagerRequest", "result":"SYNC_SERVER_OK", "context":{"environment":"Prod_southeastasia_prod-s01-064-apac-southeastasia", "migrationStage":"NotStarted", "server":"akswtt007000045"}}
{"logTime": "0520/045607", "correlationVector":"I9yj+SxDlTKeCM+T7bLcmo.2","action":"Commit Response", "result":"Success", "context":Result: Success. cV=I9yj+SxDlTKeCM+T7bLcmo.0;server=akswtt007000045;cloudType=Multitenant;environment=Prod_southeastasia_prod-s01-064-apac-southeastasia;migrationStage=NotStarted}
{"logTime": "0520/045607", "correlationVector":"I9yj+SxDlTKeCM+T7bLcmo.3","action":"Commit.Sessions", "result":"Success", "context":{"id":"57d8ef91-aae3-4e4c-b8f2-3704b9f78615", "isDeleted":"true", "size":"0", "version":"1747716894801"}}
{"logTime": "0520/070506", "correlationVector":"Um1dFf2aqcYcS09G8RqOu5.1","action":"SyncServerConnectionManagerRequest", "result":"SYNC_SERVER_OK", "context":{"environment":"Prod_southeastasia_prod-s01-064-apac-southeastasia", "migrationStage":"NotStarted", "server":"akswtt00700003c"}}
{"logTime": "0520/070517", "correlationVector":"Um1dFf2aqcYcS09G8RqOu5.2","action":"AAD.Mip.Unpack", "result":"Success", "context":MIP_CLOUD_COMMERCIAL:Success}
{"logTime": "0520/070517", "correlationVector":"Um1dFf2aqcYcS09G8RqOu5.3","action":"EncryptionKeysManager::SetEncryptionKeys:", "result":"Success", "context":Key names[1]:[Hzcfl8u0Q1fAKPeZybT2iAiixzSLk5albuPJZtr0qUoQtPPFy1kcqjVMJXKQ+vSxp3mGD5BFRwtKisdaXPSh5w==]}
{"logTime": "0520/070517", "correlationVector":"Um1dFf2aqcYcS09G8RqOu5.4","action":"AAD.GetKeyResponse", "result":"Success", "context":Keys=1.LastKeyStatus=Active. 2025-04-09 20:51:51 +07.State=None. Tags: Current_encryption_keys_tag = 77+977+9aO+/vXwVUu+/vTTvv70277+9Dirvv73vv73vv71E77+9fe+/vQpg77+9MG7vv70xZjjvv70t, Updated_current_encryption_keys_tag = Empty. Emails: ["fatihfaritshi@student.unp.ac.id"]}
{"logTime": "0520/070517", "correlationVector":"Um1dFf2aqcYcS09G8RqOu5.5","action":"ProcessGetUpdates", "result":"Done", "context":{"dataType":"Encryption Keys", "deleted":"0", "process_failed_to_decrypt":"0", "process_pending_decryption":"0", "process_success":"1", "total":"1"}}
{"logTime": "0520/070517", "correlationVector":"Um1dFf2aqcYcS09G8RqOu5","action":"Initial GetUpdates", "result":"", "context":Reason: NEW_CLIENT. cV=Um1dFf2aqcYcS09G8RqOu5}
{"logTime": "0520/070517", "correlationVector":"Um1dFf2aqcYcS09G8RqOu5.6","action":"GetUpdates Response", "result":"Success", "context":Received 1 update(s). cV=Um1dFf2aqcYcS09G8RqOu5.0;server=akswtt00700003c;cloudType=Multitenant;environment=Prod_southeastasia_prod-s01-064-apac-southeastasia;migrationStage=NotStarted}
{"logTime": "0520/070517", "correlationVector":"OIVhH0tlkAVheOZqeN1zBx","action":"Normal GetUpdate request", "result":"", "context":cV=OIVhH0tlkAVheOZqeN1zBx
Nudged types: Sessions, History
Refresh requested types: Bookmarks, Preferences, Passwords, Autofill Profiles, Autofill, Extensions, Sessions, Extension settings, History Delete Directives, Device Info, User Consents, Send Tab To Self, Web Apps, History, Saved Tab Group, Collection, Edge E Drop, Edge Hub App Usage, Edge Tab Group, Edge Wallet, Encryption Keys}
{"logTime": "0520/070517", "correlationVector":"OIVhH0tlkAVheOZqeN1zBx.1","action":"SyncServerConnectionManagerRequest", "result":"SYNC_SERVER_OK", "context":{"environment":"Prod_southeastasia_prod-s01-065-apac-southeastasia", "migrationStage":"NotStarted", "server":"akswtt007000048"}}
{"logTime": "0520/070517", "correlationVector":"OIVhH0tlkAVheOZqeN1zBx.2","action":"ProcessGetUpdates", "result":"Done", "context":{"dataType":"Sessions", "deleted":"1", "process_failed_to_decrypt":"0", "process_pending_decryption":"0", "process_success":"3", "total":"3"}}
{"logTime": "0520/070517", "correlationVector":"OIVhH0tlkAVheOZqeN1zBx.3","action":"ProcessGetUpdates", "result":"Done", "context":{"dataType":"History", "deleted":"0", "process_failed_to_decrypt":"0", "process_pending_decryption":"0", "process_success":"2", "total":"2"}}
{"logTime": "0520/070517", "correlationVector":"OIVhH0tlkAVheOZqeN1zBx.4","action":"GetUpdates Response", "result":"Success", "context":Received 5 update(s). cV=OIVhH0tlkAVheOZqeN1zBx.0;server=akswtt007000048;cloudType=Multitenant;environment=Prod_southeastasia_prod-s01-065-apac-southeastasia;migrationStage=NotStarted}
{"logTime": "0520/070517", "correlationVector":"5yCNTC0oGIeI87ITnVPWGy","action":"Commit Request", "result":"", "context":Item count: 6
Contributing types: Sessions, History}
{"logTime": "0520/070518", "correlationVector":"5yCNTC0oGIeI87ITnVPWGy.1","action":"SyncServerConnectionManagerRequest", "result":"SYNC_SERVER_OK", "context":{"environment":"Prod_southeastasia_prod-s01-065-apac-southeastasia", "migrationStage":"NotStarted", "server":"akswtt007000033"}}
{"logTime": "0520/070518", "correlationVector":"5yCNTC0oGIeI87ITnVPWGy.2","action":"Commit Response", "result":"Success", "context":Result: Success. cV=5yCNTC0oGIeI87ITnVPWGy.0;server=akswtt007000033;cloudType=Multitenant;environment=Prod_southeastasia_prod-s01-065-apac-southeastasia;migrationStage=NotStarted}
{"logTime": "0520/070518", "correlationVector":"5yCNTC0oGIeI87ITnVPWGy.3","action":"Commit.Sessions", "result":"Success", "context":{"id":"b9190113-0743-49b3-bc5e-f16b5aa65304", "isDeleted":"true", "size":"0", "version":"1747716955258"}}
{"logTime": "0520/071633", "correlationVector":"xnE0RJQbrVxWoHOBRQYosv","action":"Commit Request", "result":"", "context":Item count: 1
Contributing types: Sessions}
{"logTime": "0520/071635", "correlationVector":"xnE0RJQbrVxWoHOBRQYosv.1","action":"SyncServerConnectionManagerRequest", "result":"SYNC_SERVER_OK", "context":{"environment":"Prod_southeastasia_prod-s01-065-apac-southeastasia", "migrationStage":"NotStarted", "server":"akswtt007000000"}}
{"logTime": "0520/071635", "correlationVector":"xnE0RJQbrVxWoHOBRQYosv.2","action":"Commit Response", "result":"Success", "context":Result: Success. cV=xnE0RJQbrVxWoHOBRQYosv.0;server=akswtt007000000;cloudType=Multitenant;environment=Prod_southeastasia_prod-s01-065-apac-southeastasia;migrationStage=NotStarted}
{"logTime": "0520/072138", "correlationVector":"QHHKEJ3GuT6JEq1MWxGW35.1","action":"SyncServerConnectionManagerRequest", "result":"SYNC_SERVER_OK", "context":{"environment":"Prod_southeastasia_prod-s01-065-apac-southeastasia", "migrationStage":"NotStarted", "server":"akswtt007000008"}}
{"logTime": "0520/072139", "correlationVector":"QHHKEJ3GuT6JEq1MWxGW35.2","action":"AAD.Mip.Unpack", "result":"Success", "context":MIP_CLOUD_COMMERCIAL:Success}
{"logTime": "0520/072139", "correlationVector":"QHHKEJ3GuT6JEq1MWxGW35.3","action":"EncryptionKeysManager::SetEncryptionKeys:", "result":"Success", "context":Key names[1]:[Hzcfl8u0Q1fAKPeZybT2iAiixzSLk5albuPJZtr0qUoQtPPFy1kcqjVMJXKQ+vSxp3mGD5BFRwtKisdaXPSh5w==]}
{"logTime": "0520/072139", "correlationVector":"QHHKEJ3GuT6JEq1MWxGW35.4","action":"AAD.GetKeyResponse", "result":"Success", "context":Keys=1.LastKeyStatus=Active. 2025-04-09 20:51:51 +07.State=None. Tags: Current_encryption_keys_tag = 77+977+9aO+/vXwVUu+/vTTvv70277+9Dirvv73vv73vv71E77+9fe+/vQpg77+9MG7vv70xZjjvv70t, Updated_current_encryption_keys_tag = Empty. Emails: ["fatihfaritshi@student.unp.ac.id"]}
{"logTime": "0520/072139", "correlationVector":"QHHKEJ3GuT6JEq1MWxGW35.5","action":"ProcessGetUpdates", "result":"Done", "context":{"dataType":"Encryption Keys", "deleted":"0", "process_failed_to_decrypt":"0", "process_pending_decryption":"0", "process_success":"1", "total":"1"}}
{"logTime": "0520/072139", "correlationVector":"QHHKEJ3GuT6JEq1MWxGW35","action":"Initial GetUpdates", "result":"", "context":Reason: NEW_CLIENT. cV=QHHKEJ3GuT6JEq1MWxGW35}
{"logTime": "0520/072139", "correlationVector":"QHHKEJ3GuT6JEq1MWxGW35.6","action":"GetUpdates Response", "result":"Success", "context":Received 1 update(s). cV=QHHKEJ3GuT6JEq1MWxGW35.0;server=akswtt007000008;cloudType=Multitenant;environment=Prod_southeastasia_prod-s01-065-apac-southeastasia;migrationStage=NotStarted}
{"logTime": "0520/072139", "correlationVector":"j+qbG6H+jneK2EFxn6KRbW","action":"Normal GetUpdate request", "result":"", "context":cV=j+qbG6H+jneK2EFxn6KRbW
Nudged types: Sessions, History
Refresh requested types: Bookmarks, Preferences, Passwords, Autofill Profiles, Autofill, Extensions, Sessions, Extension settings, History Delete Directives, Device Info, User Consents, Send Tab To Self, Web Apps, History, Saved Tab Group, Collection, Edge E Drop, Edge Hub App Usage, Edge Tab Group, Edge Wallet, Encryption Keys}
{"logTime": "0520/072139", "correlationVector":"j+qbG6H+jneK2EFxn6KRbW.1","action":"SyncServerConnectionManagerRequest", "result":"SYNC_SERVER_OK", "context":{"environment":"Prod_southeastasia_prod-s01-065-apac-southeastasia", "migrationStage":"NotStarted", "server":"akswtt00700000w"}}
{"logTime": "0520/072139", "correlationVector":"j+qbG6H+jneK2EFxn6KRbW.2","action":"ProcessGetUpdates", "result":"Done", "context":{"dataType":"Sessions", "deleted":"1", "process_failed_to_decrypt":"0", "process_pending_decryption":"0", "process_success":"3", "total":"3"}}
{"logTime": "0520/072139", "correlationVector":"j+qbG6H+jneK2EFxn6KRbW.3","action":"ProcessGetUpdates", "result":"Done", "context":{"dataType":"History", "deleted":"0", "process_failed_to_decrypt":"0", "process_pending_decryption":"0", "process_success":"3", "total":"3"}}
{"logTime": "0520/072139", "correlationVector":"j+qbG6H+jneK2EFxn6KRbW.4","action":"GetUpdates Response", "result":"Success", "context":Received 6 update(s). cV=j+qbG6H+jneK2EFxn6KRbW.0;server=akswtt00700000w;cloudType=Multitenant;environment=Prod_southeastasia_prod-s01-065-apac-southeastasia;migrationStage=NotStarted}
{"logTime": "0520/072139", "correlationVector":"bG7K6GxRoIfRh4RPy8J4OV","action":"Commit Request", "result":"", "context":Item count: 5
Contributing types: Sessions, History}
{"logTime": "0520/072139", "correlationVector":"bG7K6GxRoIfRh4RPy8J4OV.1","action":"SyncServerConnectionManagerRequest", "result":"SYNC_SERVER_OK", "context":{"environment":"Prod_southeastasia_prod-s01-065-apac-southeastasia", "migrationStage":"NotStarted", "server":"akswtt007000009"}}
{"logTime": "0520/072139", "correlationVector":"bG7K6GxRoIfRh4RPy8J4OV.2","action":"Commit Response", "result":"Success", "context":Result: Success. cV=bG7K6GxRoIfRh4RPy8J4OV.0;server=akswtt007000009;cloudType=Multitenant;environment=Prod_southeastasia_prod-s01-065-apac-southeastasia;migrationStage=NotStarted}
{"logTime": "0520/072139", "correlationVector":"bG7K6GxRoIfRh4RPy8J4OV.3","action":"Commit.Sessions", "result":"Success", "context":{"id":"a007b6c6-acce-42e7-9f83-e0cdca2dce54", "isDeleted":"true", "size":"0", "version":"1747725383239"}}
{"logTime": "0520/072239", "correlationVector":"CUmyr5nTswoKGecT9zMhnG","action":"Commit Request", "result":"", "context":Item count: 2
Contributing types: Sessions, History}
{"logTime": "0520/072241", "correlationVector":"CUmyr5nTswoKGecT9zMhnG.1","action":"SyncServerConnectionManagerRequest", "result":"SYNC_SERVER_OK", "context":{"environment":"Prod_southeastasia_prod-s01-065-apac-southeastasia", "migrationStage":"NotStarted", "server":"akswtt00700000c"}}
{"logTime": "0520/072241", "correlationVector":"CUmyr5nTswoKGecT9zMhnG.2","action":"Commit Response", "result":"Success", "context":Result: Success. cV=CUmyr5nTswoKGecT9zMhnG.0;server=akswtt00700000c;cloudType=Multitenant;environment=Prod_southeastasia_prod-s01-065-apac-southeastasia;migrationStage=NotStarted}
{"logTime": "0520/073551", "correlationVector":"mdZeWEZU3zcEZ/YYXpqSZH","action":"Commit Request", "result":"", "context":Item count: 1
Contributing types: Sessions}
{"logTime": "0520/073552", "correlationVector":"mdZeWEZU3zcEZ/YYXpqSZH.1","action":"SyncServerConnectionManagerRequest", "result":"SYNC_SERVER_OK", "context":{"environment":"Prod_southeastasia_prod-s01-064-apac-southeastasia", "migrationStage":"NotStarted", "server":"akswtt007000027"}}
{"logTime": "0520/073552", "correlationVector":"mdZeWEZU3zcEZ/YYXpqSZH.2","action":"Commit Response", "result":"Success", "context":Result: Success. cV=mdZeWEZU3zcEZ/YYXpqSZH.0;server=akswtt007000027;cloudType=Multitenant;environment=Prod_southeastasia_prod-s01-064-apac-southeastasia;migrationStage=NotStarted}
{"logTime": "0520/074341", "correlationVector":"x9V/SjJR1UJzbxSHPvMRd5","action":"Commit Request", "result":"", "context":Item count: 1
Contributing types: Device Info}
{"logTime": "0520/074343", "correlationVector":"x9V/SjJR1UJzbxSHPvMRd5.1","action":"SyncServerConnectionManagerRequest", "result":"SYNC_SERVER_OK", "context":{"environment":"Prod_southeastasia_prod-s01-064-apac-southeastasia", "migrationStage":"NotStarted", "server":"akswtt00700001c"}}
{"logTime": "0520/074343", "correlationVector":"x9V/SjJR1UJzbxSHPvMRd5.2","action":"Commit Response", "result":"Success", "context":Result: Success. cV=x9V/SjJR1UJzbxSHPvMRd5.0;server=akswtt00700001c;cloudType=Multitenant;environment=Prod_southeastasia_prod-s01-064-apac-southeastasia;migrationStage=NotStarted}
{"logTime": "0520/081147", "correlationVector":"J/nQu1+qgPKJASS9NFbOo9","action":"Commit Request", "result":"", "context":Item count: 1
Contributing types: Sessions}
{"logTime": "0520/081147", "correlationVector":"J/nQu1+qgPKJASS9NFbOo9.1","action":"SyncServerConnectionManagerRequest", "result":"SYNC_SERVER_OK", "context":{"environment":"Prod_southeastasia_prod-s01-065-apac-southeastasia", "migrationStage":"NotStarted", "server":"akswtt00700000b"}}
{"logTime": "0520/081147", "correlationVector":"J/nQu1+qgPKJASS9NFbOo9.2","action":"Commit Response", "result":"Success", "context":Result: Success. cV=J/nQu1+qgPKJASS9NFbOo9.0;server=akswtt00700000b;cloudType=Multitenant;environment=Prod_southeastasia_prod-s01-065-apac-southeastasia;migrationStage=NotStarted}
{"logTime": "0520/082508", "correlationVector":"0bOKFm5iGOkfKk24H/goss","action":"Commit Request", "result":"", "context":Item count: 1
Contributing types: Sessions}
{"logTime": "0520/082508", "correlationVector":"0bOKFm5iGOkfKk24H/goss.1","action":"SyncServerConnectionManagerRequest", "result":"SYNC_AUTH_ERROR", "context":{"environment":"Prod_southeastasia_prod-s01-064-apac-southeastasia", "migrationStage":"NotStarted", "server":"akswtt00700000x"}}
{"logTime": "0520/082508", "correlationVector":"0bOKFm5iGOkfKk24H/goss.2","action":"Commit Response", "result":"HTTP error (401)", "context":Result: HTTP error (401). cV=0bOKFm5iGOkfKk24H/goss.0;server=akswtt00700000x;cloudType=Undetermined;environment=Prod_southeastasia_prod-s01-064-apac-southeastasia;migrationStage=NotStarted}
{"logTime": "0520/082510", "correlationVector":"J8eArNDjRFjM33fz3iRc2b","action":"Commit Request", "result":"", "context":Item count: 1
Contributing types: Sessions}
{"logTime": "0520/082510", "correlationVector":"J8eArNDjRFjM33fz3iRc2b.1","action":"SyncServerConnectionManagerRequest", "result":"SYNC_SERVER_OK", "context":{"environment":"Prod_southeastasia_prod-s01-064-apac-southeastasia", "migrationStage":"NotStarted", "server":"akswtt00700000d"}}
{"logTime": "0520/082510", "correlationVector":"J8eArNDjRFjM33fz3iRc2b.2","action":"Commit Response", "result":"Success", "context":Result: Success. cV=J8eArNDjRFjM33fz3iRc2b.0;server=akswtt00700000d;cloudType=Multitenant;environment=Prod_southeastasia_prod-s01-064-apac-southeastasia;migrationStage=NotStarted}
{"logTime": "0520/083539", "correlationVector":"NJ39kCUfTVncPSDK1ngdpH","action":"Commit Request", "result":"", "context":Item count: 1
Contributing types: Sessions}
{"logTime": "0520/083540", "correlationVector":"NJ39kCUfTVncPSDK1ngdpH.1","action":"SyncServerConnectionManagerRequest", "result":"SYNC_SERVER_OK", "context":{"environment":"Prod_southeastasia_prod-s01-065-apac-southeastasia", "migrationStage":"NotStarted", "server":"akswtt007000024"}}
{"logTime": "0520/083540", "correlationVector":"NJ39kCUfTVncPSDK1ngdpH.2","action":"Commit Response", "result":"Success", "context":Result: Success. cV=NJ39kCUfTVncPSDK1ngdpH.0;server=akswtt007000024;cloudType=Multitenant;environment=Prod_southeastasia_prod-s01-065-apac-southeastasia;migrationStage=NotStarted}
{"logTime": "0520/161500", "correlationVector":"HUY3EyQrchnk8/KS9lzsr1.1","action":"SyncServerConnectionManagerRequest", "result":"SYNC_SERVER_OK", "context":{"environment":"Prod_southeastasia_prod-s01-065-apac-southeastasia", "migrationStage":"NotStarted", "server":"akswtt007000003"}}
{"logTime": "0520/161501", "correlationVector":"HUY3EyQrchnk8/KS9lzsr1.2","action":"AAD.Mip.Unpack", "result":"Success", "context":MIP_CLOUD_COMMERCIAL:Success}
{"logTime": "0520/161501", "correlationVector":"HUY3EyQrchnk8/KS9lzsr1.3","action":"EncryptionKeysManager::SetEncryptionKeys:", "result":"Success", "context":Key names[1]:[Hzcfl8u0Q1fAKPeZybT2iAiixzSLk5albuPJZtr0qUoQtPPFy1kcqjVMJXKQ+vSxp3mGD5BFRwtKisdaXPSh5w==]}
{"logTime": "0520/161501", "correlationVector":"HUY3EyQrchnk8/KS9lzsr1.4","action":"AAD.GetKeyResponse", "result":"Success", "context":Keys=1.LastKeyStatus=Active. 2025-04-09 20:51:51 +07.State=None. Tags: Current_encryption_keys_tag = 77+977+9aO+/vXwVUu+/vTTvv70277+9Dirvv73vv73vv71E77+9fe+/vQpg77+9MG7vv70xZjjvv70t, Updated_current_encryption_keys_tag = Empty. Emails: ["fatihfaritshi@student.unp.ac.id"]}
{"logTime": "0520/161501", "correlationVector":"HUY3EyQrchnk8/KS9lzsr1.5","action":"ProcessGetUpdates", "result":"Done", "context":{"dataType":"Encryption Keys", "deleted":"0", "process_failed_to_decrypt":"0", "process_pending_decryption":"0", "process_success":"1", "total":"1"}}
{"logTime": "0520/161501", "correlationVector":"HUY3EyQrchnk8/KS9lzsr1","action":"Initial GetUpdates", "result":"", "context":Reason: NEW_CLIENT. cV=HUY3EyQrchnk8/KS9lzsr1}
{"logTime": "0520/161501", "correlationVector":"HUY3EyQrchnk8/KS9lzsr1.6","action":"GetUpdates Response", "result":"Success", "context":Received 1 update(s). cV=HUY3EyQrchnk8/KS9lzsr1.0;server=akswtt007000003;cloudType=Multitenant;environment=Prod_southeastasia_prod-s01-065-apac-southeastasia;migrationStage=NotStarted}
{"logTime": "0520/161501", "correlationVector":"Ia1bXMh0NrHZkTC7v3b/7T","action":"Normal GetUpdate request", "result":"", "context":cV=Ia1bXMh0NrHZkTC7v3b/7T
Nudged types: Sessions, Device Info, History
Refresh requested types: Bookmarks, Preferences, Passwords, Autofill Profiles, Autofill, Extensions, Sessions, Extension settings, History Delete Directives, Device Info, User Consents, Send Tab To Self, Web Apps, History, Saved Tab Group, Collection, Edge E Drop, Edge Hub App Usage, Edge Tab Group, Edge Wallet, Encryption Keys}
{"logTime": "0520/161502", "correlationVector":"Ia1bXMh0NrHZkTC7v3b/7T.1","action":"SyncServerConnectionManagerRequest", "result":"SYNC_SERVER_OK", "context":{"environment":"Prod_southeastasia_prod-s01-065-apac-southeastasia", "migrationStage":"NotStarted", "server":"akswtt007000028"}}
{"logTime": "0520/161502", "correlationVector":"Ia1bXMh0NrHZkTC7v3b/7T.2","action":"ProcessGetUpdates", "result":"Done", "context":{"dataType":"Sessions", "deleted":"1", "process_failed_to_decrypt":"0", "process_pending_decryption":"0", "process_success":"3", "total":"3"}}
{"logTime": "0520/161502", "correlationVector":"Ia1bXMh0NrHZkTC7v3b/7T.3","action":"ProcessGetUpdates", "result":"Done", "context":{"dataType":"Device Info", "deleted":"0", "process_failed_to_decrypt":"0", "process_pending_decryption":"0", "process_success":"1", "total":"1"}}
{"logTime": "0520/161502", "correlationVector":"Ia1bXMh0NrHZkTC7v3b/7T.4","action":"ProcessGetUpdates", "result":"Done", "context":{"dataType":"History", "deleted":"0", "process_failed_to_decrypt":"0", "process_pending_decryption":"0", "process_success":"2", "total":"2"}}
{"logTime": "0520/161502", "correlationVector":"Ia1bXMh0NrHZkTC7v3b/7T.5","action":"GetUpdates Response", "result":"Success", "context":Received 6 update(s). cV=Ia1bXMh0NrHZkTC7v3b/7T.0;server=akswtt007000028;cloudType=Multitenant;environment=Prod_southeastasia_prod-s01-065-apac-southeastasia;migrationStage=NotStarted}
{"logTime": "0520/161502", "correlationVector":"CtJxwHNAJdjY1HplIVbejM","action":"Commit Request", "result":"", "context":Item count: 5
Contributing types: Sessions, Device Info, History}
{"logTime": "0520/161502", "correlationVector":"CtJxwHNAJdjY1HplIVbejM.1","action":"SyncServerConnectionManagerRequest", "result":"SYNC_SERVER_OK", "context":{"environment":"Prod_southeastasia_prod-s01-065-apac-southeastasia", "migrationStage":"NotStarted", "server":"akswtt00700002g"}}
{"logTime": "0520/161502", "correlationVector":"CtJxwHNAJdjY1HplIVbejM.2","action":"Commit Response", "result":"Success", "context":Result: Success. cV=CtJxwHNAJdjY1HplIVbejM.0;server=akswtt00700002g;cloudType=Multitenant;environment=Prod_southeastasia_prod-s01-065-apac-southeastasia;migrationStage=NotStarted}
{"logTime": "0520/161502", "correlationVector":"CtJxwHNAJdjY1HplIVbejM.3","action":"Commit.Sessions", "result":"Success", "context":{"id":"43708352-4554-4fdd-868e-9b90ee93f67b", "isDeleted":"true", "size":"0", "version":"1747730128394"}}
{"logTime": "0520/161502", "correlationVector":"ufUZAwrZ2RVTC9YDY2yZHg","action":"Commit Request", "result":"", "context":Item count: 2
Contributing types: Sessions, History}
{"logTime": "0520/161503", "correlationVector":"ufUZAwrZ2RVTC9YDY2yZHg.1","action":"SyncServerConnectionManagerRequest", "result":"SYNC_SERVER_OK", "context":{"environment":"Prod_southeastasia_prod-s01-065-apac-southeastasia", "migrationStage":"NotStarted", "server":"akswtt00700000a"}}
{"logTime": "0520/161503", "correlationVector":"ufUZAwrZ2RVTC9YDY2yZHg.2","action":"Commit Response", "result":"Success", "context":Result: Success. cV=ufUZAwrZ2RVTC9YDY2yZHg.0;server=akswtt00700000a;cloudType=Multitenant;environment=Prod_southeastasia_prod-s01-065-apac-southeastasia;migrationStage=NotStarted}
{"logTime": "0520/161503", "correlationVector":"srMSNnSr8EUVUTaTY8bZ1g","action":"Commit Request", "result":"", "context":Item count: 1
Contributing types: Sessions}
{"logTime": "0520/161503", "correlationVector":"srMSNnSr8EUVUTaTY8bZ1g.1","action":"SyncServerConnectionManagerRequest", "result":"SYNC_SERVER_OK", "context":{"environment":"Prod_southeastasia_prod-s01-065-apac-southeastasia", "migrationStage":"NotStarted", "server":"akswtt007000028"}}
{"logTime": "0520/161503", "correlationVector":"srMSNnSr8EUVUTaTY8bZ1g.2","action":"Commit Response", "result":"Success", "context":Result: Success. cV=srMSNnSr8EUVUTaTY8bZ1g.0;server=akswtt007000028;cloudType=Multitenant;environment=Prod_southeastasia_prod-s01-065-apac-southeastasia;migrationStage=NotStarted}
{"logTime": "0520/161503", "correlationVector":"2kV5LATgFGxx6+yNnAnfIB","action":"Poll GetUpdate request", "result":"", "context":cV=2kV5LATgFGxx6+yNnAnfIB}
{"logTime": "0520/161503", "correlationVector":"2kV5LATgFGxx6+yNnAnfIB.1","action":"SyncServerConnectionManagerRequest", "result":"SYNC_SERVER_OK", "context":{"environment":"Prod_southeastasia_prod-s01-065-apac-southeastasia", "migrationStage":"NotStarted", "server":"akswtt007000002"}}
{"logTime": "0520/161503", "correlationVector":"2kV5LATgFGxx6+yNnAnfIB.2","action":"ProcessGetUpdates", "result":"Done", "context":{"dataType":"Sessions", "deleted":"1", "process_failed_to_decrypt":"0", "process_pending_decryption":"0", "process_success":"3", "total":"3"}}
{"logTime": "0520/161503", "correlationVector":"2kV5LATgFGxx6+yNnAnfIB.3","action":"ProcessGetUpdates", "result":"Done", "context":{"dataType":"Device Info", "deleted":"0", "process_failed_to_decrypt":"0", "process_pending_decryption":"0", "process_success":"1", "total":"1"}}
{"logTime": "0520/161503", "correlationVector":"2kV5LATgFGxx6+yNnAnfIB.4","action":"ProcessGetUpdates", "result":"Done", "context":{"dataType":"History", "deleted":"0", "process_failed_to_decrypt":"0", "process_pending_decryption":"0", "process_success":"2", "total":"2"}}
{"logTime": "0520/161503", "correlationVector":"2kV5LATgFGxx6+yNnAnfIB.5","action":"GetUpdates Response", "result":"Success", "context":Received 6 update(s). cV=2kV5LATgFGxx6+yNnAnfIB.0;server=akswtt007000002;cloudType=Multitenant;environment=Prod_southeastasia_prod-s01-065-apac-southeastasia;migrationStage=NotStarted}
{"logTime": "0521/023437", "correlationVector":"DkJN0woVGkLIMGUpdANhGP.1","action":"SyncServerConnectionManagerRequest", "result":"SYNC_SERVER_OK", "context":{"environment":"Prod_southeastasia_prod-s01-064-apac-southeastasia", "migrationStage":"NotStarted", "server":"akswtt00700003h"}}
{"logTime": "0521/023438", "correlationVector":"DkJN0woVGkLIMGUpdANhGP.2","action":"AAD.Mip.Unpack", "result":"Success", "context":MIP_CLOUD_COMMERCIAL:Success}
{"logTime": "0521/023438", "correlationVector":"DkJN0woVGkLIMGUpdANhGP.3","action":"EncryptionKeysManager::SetEncryptionKeys:", "result":"Success", "context":Key names[1]:[Hzcfl8u0Q1fAKPeZybT2iAiixzSLk5albuPJZtr0qUoQtPPFy1kcqjVMJXKQ+vSxp3mGD5BFRwtKisdaXPSh5w==]}
{"logTime": "0521/023438", "correlationVector":"DkJN0woVGkLIMGUpdANhGP.4","action":"AAD.GetKeyResponse", "result":"Success", "context":Keys=1.LastKeyStatus=Active. 2025-04-09 20:51:51 +07.State=None. Tags: Current_encryption_keys_tag = 77+977+9aO+/vXwVUu+/vTTvv70277+9Dirvv73vv73vv71E77+9fe+/vQpg77+9MG7vv70xZjjvv70t, Updated_current_encryption_keys_tag = Empty. Emails: ["fatihfaritshi@student.unp.ac.id"]}
{"logTime": "0521/023438", "correlationVector":"DkJN0woVGkLIMGUpdANhGP.5","action":"ProcessGetUpdates", "result":"Done", "context":{"dataType":"Encryption Keys", "deleted":"0", "process_failed_to_decrypt":"0", "process_pending_decryption":"0", "process_success":"1", "total":"1"}}
{"logTime": "0521/023438", "correlationVector":"DkJN0woVGkLIMGUpdANhGP","action":"Initial GetUpdates", "result":"", "context":Reason: NEW_CLIENT. cV=DkJN0woVGkLIMGUpdANhGP}
{"logTime": "0521/023438", "correlationVector":"DkJN0woVGkLIMGUpdANhGP.6","action":"GetUpdates Response", "result":"Success", "context":Received 1 update(s). cV=DkJN0woVGkLIMGUpdANhGP.0;server=akswtt00700003h;cloudType=Multitenant;environment=Prod_southeastasia_prod-s01-064-apac-southeastasia;migrationStage=NotStarted}
{"logTime": "0521/023438", "correlationVector":"dgQZ8Vpt44nsxcN80bxj6d","action":"Normal GetUpdate request", "result":"", "context":cV=dgQZ8Vpt44nsxcN80bxj6d
Nudged types: Sessions, History
Refresh requested types: Bookmarks, Preferences, Passwords, Autofill Profiles, Autofill, Extensions, Sessions, Extension settings, History Delete Directives, Device Info, User Consents, Send Tab To Self, Web Apps, History, Saved Tab Group, Collection, Edge E Drop, Edge Hub App Usage, Edge Tab Group, Edge Wallet, Encryption Keys}
{"logTime": "0521/023439", "correlationVector":"dgQZ8Vpt44nsxcN80bxj6d.1","action":"SyncServerConnectionManagerRequest", "result":"SYNC_SERVER_OK", "context":{"environment":"Prod_southeastasia_prod-s01-064-apac-southeastasia", "migrationStage":"NotStarted", "server":"akswtt00700002a"}}
{"logTime": "0521/023439", "correlationVector":"dgQZ8Vpt44nsxcN80bxj6d.2","action":"GetUpdates Response", "result":"Success", "context":Received 0 update(s). cV=dgQZ8Vpt44nsxcN80bxj6d.0;server=akswtt00700002a;cloudType=Multitenant;environment=Prod_southeastasia_prod-s01-064-apac-southeastasia;migrationStage=NotStarted}
{"logTime": "0521/023439", "correlationVector":"Kevo1yz3MpuLseC61kj//C","action":"Commit Request", "result":"", "context":Item count: 4
Contributing types: Sessions, History}
{"logTime": "0521/023439", "correlationVector":"Kevo1yz3MpuLseC61kj//C.1","action":"SyncServerConnectionManagerRequest", "result":"SYNC_SERVER_OK", "context":{"environment":"Prod_southeastasia_prod-s01-064-apac-southeastasia", "migrationStage":"NotStarted", "server":"akswtt00700002e"}}
{"logTime": "0521/023439", "correlationVector":"Kevo1yz3MpuLseC61kj//C.2","action":"Commit Response", "result":"Success", "context":Result: Success. cV=Kevo1yz3MpuLseC61kj//C.0;server=akswtt00700002e;cloudType=Multitenant;environment=Prod_southeastasia_prod-s01-064-apac-southeastasia;migrationStage=NotStarted}
{"logTime": "0521/023439", "correlationVector":"Kevo1yz3MpuLseC61kj//C.3","action":"Commit.Sessions", "result":"Success", "context":{"id":"f9606154-d115-4eec-841d-7a374f85993e", "isDeleted":"true", "size":"0", "version":"1747757691121"}}
{"logTime": "0521/023439", "correlationVector":"oIrl+JoB7eBn13D6HOM2UU","action":"Poll GetUpdate request", "result":"", "context":cV=oIrl+JoB7eBn13D6HOM2UU}
{"logTime": "0521/023439", "correlationVector":"oIrl+JoB7eBn13D6HOM2UU.1","action":"SyncServerConnectionManagerRequest", "result":"SYNC_SERVER_OK", "context":{"environment":"Prod_southeastasia_prod-s01-064-apac-southeastasia", "migrationStage":"NotStarted", "server":"akswtt00700002g"}}
{"logTime": "0521/023439", "correlationVector":"oIrl+JoB7eBn13D6HOM2UU.2","action":"ProcessGetUpdates", "result":"Done", "context":{"dataType":"Sessions", "deleted":"1", "process_failed_to_decrypt":"0", "process_pending_decryption":"0", "process_success":"3", "total":"3"}}
{"logTime": "0521/023439", "correlationVector":"oIrl+JoB7eBn13D6HOM2UU.3","action":"ProcessGetUpdates", "result":"Done", "context":{"dataType":"History", "deleted":"0", "process_failed_to_decrypt":"0", "process_pending_decryption":"0", "process_success":"1", "total":"1"}}
{"logTime": "0521/023439", "correlationVector":"oIrl+JoB7eBn13D6HOM2UU.4","action":"GetUpdates Response", "result":"Success", "context":Received 4 update(s). cV=oIrl+JoB7eBn13D6HOM2UU.0;server=akswtt00700002g;cloudType=Multitenant;environment=Prod_southeastasia_prod-s01-064-apac-southeastasia;migrationStage=NotStarted}
{"logTime": "0521/023539", "correlationVector":"EeMgRM1VUO3rfqaSjLpJ5f","action":"Commit Request", "result":"", "context":Item count: 2
Contributing types: Sessions, History}
{"logTime": "0521/023540", "correlationVector":"EeMgRM1VUO3rfqaSjLpJ5f.1","action":"SyncServerConnectionManagerRequest", "result":"SYNC_SERVER_OK", "context":{"environment":"Prod_southeastasia_prod-s01-064-apac-southeastasia", "migrationStage":"NotStarted", "server":"akswtt00700002l"}}
{"logTime": "0521/023540", "correlationVector":"EeMgRM1VUO3rfqaSjLpJ5f.2","action":"Commit Response", "result":"Success", "context":Result: Success. cV=EeMgRM1VUO3rfqaSjLpJ5f.0;server=akswtt00700002l;cloudType=Multitenant;environment=Prod_southeastasia_prod-s01-064-apac-southeastasia;migrationStage=NotStarted}
{"logTime": "0521/030537", "correlationVector":"qJvuTo38/EeigKpo1ZJMSy.1","action":"SyncServerConnectionManagerRequest", "result":"SYNC_SERVER_OK", "context":{"environment":"Prod_southeastasia_prod-s01-065-apac-southeastasia", "migrationStage":"NotStarted", "server":"akswtt007000024"}}
{"logTime": "0521/030538", "correlationVector":"qJvuTo38/EeigKpo1ZJMSy.2","action":"AAD.Mip.Unpack", "result":"Success", "context":MIP_CLOUD_COMMERCIAL:Success}
{"logTime": "0521/030538", "correlationVector":"qJvuTo38/EeigKpo1ZJMSy.3","action":"EncryptionKeysManager::SetEncryptionKeys:", "result":"Success", "context":Key names[1]:[Hzcfl8u0Q1fAKPeZybT2iAiixzSLk5albuPJZtr0qUoQtPPFy1kcqjVMJXKQ+vSxp3mGD5BFRwtKisdaXPSh5w==]}
{"logTime": "0521/030538", "correlationVector":"qJvuTo38/EeigKpo1ZJMSy.4","action":"AAD.GetKeyResponse", "result":"Success", "context":Keys=1.LastKeyStatus=Active. 2025-04-09 20:51:51 +07.State=None. Tags: Current_encryption_keys_tag = 77+977+9aO+/vXwVUu+/vTTvv70277+9Dirvv73vv73vv71E77+9fe+/vQpg77+9MG7vv70xZjjvv70t, Updated_current_encryption_keys_tag = Empty. Emails: ["fatihfaritshi@student.unp.ac.id"]}
{"logTime": "0521/030538", "correlationVector":"qJvuTo38/EeigKpo1ZJMSy.5","action":"ProcessGetUpdates", "result":"Done", "context":{"dataType":"Encryption Keys", "deleted":"0", "process_failed_to_decrypt":"0", "process_pending_decryption":"0", "process_success":"1", "total":"1"}}
{"logTime": "0521/030539", "correlationVector":"qJvuTo38/EeigKpo1ZJMSy","action":"Initial GetUpdates", "result":"", "context":Reason: NEW_CLIENT. cV=qJvuTo38/EeigKpo1ZJMSy}
{"logTime": "0521/030539", "correlationVector":"qJvuTo38/EeigKpo1ZJMSy.6","action":"GetUpdates Response", "result":"Success", "context":Received 1 update(s). cV=qJvuTo38/EeigKpo1ZJMSy.0;server=akswtt007000024;cloudType=Multitenant;environment=Prod_southeastasia_prod-s01-065-apac-southeastasia;migrationStage=NotStarted}
{"logTime": "0521/030539", "correlationVector":"qASgmkLCjBEAgPHMDKh7VU","action":"Normal GetUpdate request", "result":"", "context":cV=qASgmkLCjBEAgPHMDKh7VU
Nudged types: Sessions, History
Refresh requested types: Bookmarks, Preferences, Passwords, Autofill Profiles, Autofill, Extensions, Sessions, Extension settings, History Delete Directives, Device Info, User Consents, Send Tab To Self, Web Apps, History, Saved Tab Group, Collection, Edge E Drop, Edge Hub App Usage, Edge Tab Group, Edge Wallet, Encryption Keys}
{"logTime": "0521/030539", "correlationVector":"qASgmkLCjBEAgPHMDKh7VU.1","action":"SyncServerConnectionManagerRequest", "result":"SYNC_SERVER_OK", "context":{"environment":"Prod_southeastasia_prod-s01-064-apac-southeastasia", "migrationStage":"NotStarted", "server":"akswtt00700002l"}}
{"logTime": "0521/030539", "correlationVector":"qASgmkLCjBEAgPHMDKh7VU.2","action":"ProcessGetUpdates", "result":"Done", "context":{"dataType":"Sessions", "deleted":"1", "process_failed_to_decrypt":"0", "process_pending_decryption":"0", "process_success":"3", "total":"3"}}
{"logTime": "0521/030539", "correlationVector":"qASgmkLCjBEAgPHMDKh7VU.3","action":"ProcessGetUpdates", "result":"Done", "context":{"dataType":"History", "deleted":"0", "process_failed_to_decrypt":"0", "process_pending_decryption":"0", "process_success":"2", "total":"2"}}
{"logTime": "0521/030539", "correlationVector":"qASgmkLCjBEAgPHMDKh7VU.4","action":"GetUpdates Response", "result":"Success", "context":Received 5 update(s). cV=qASgmkLCjBEAgPHMDKh7VU.0;server=akswtt00700002l;cloudType=Multitenant;environment=Prod_southeastasia_prod-s01-064-apac-southeastasia;migrationStage=NotStarted}
{"logTime": "0521/030641", "correlationVector":"djEnS/DeA0qdsPtvjU+W2E","action":"Commit Request", "result":"", "context":Item count: 3
Contributing types: Sessions, History}
{"logTime": "0521/030642", "correlationVector":"djEnS/DeA0qdsPtvjU+W2E.1","action":"SyncServerConnectionManagerRequest", "result":"SYNC_SERVER_OK", "context":{"environment":"Prod_southeastasia_prod-s01-065-apac-southeastasia", "migrationStage":"NotStarted", "server":"akswtt007000048"}}
{"logTime": "0521/030642", "correlationVector":"djEnS/DeA0qdsPtvjU+W2E.2","action":"Commit Response", "result":"Success", "context":Result: Success. cV=djEnS/DeA0qdsPtvjU+W2E.0;server=akswtt007000048;cloudType=Multitenant;environment=Prod_southeastasia_prod-s01-065-apac-southeastasia;migrationStage=NotStarted}
{"logTime": "0521/031107", "correlationVector":"Od0U8rlHoJ/Tw+3pz//j/U.1","action":"SyncServerConnectionManagerRequest", "result":"SYNC_SERVER_OK", "context":{"environment":"Prod_southeastasia_prod-s01-065-apac-southeastasia", "migrationStage":"NotStarted", "server":"akswtt007000008"}}
{"logTime": "0521/031108", "correlationVector":"Od0U8rlHoJ/Tw+3pz//j/U.2","action":"AAD.Mip.Unpack", "result":"Success", "context":MIP_CLOUD_COMMERCIAL:Success}
{"logTime": "0521/031108", "correlationVector":"Od0U8rlHoJ/Tw+3pz//j/U.3","action":"EncryptionKeysManager::SetEncryptionKeys:", "result":"Success", "context":Key names[1]:[Hzcfl8u0Q1fAKPeZybT2iAiixzSLk5albuPJZtr0qUoQtPPFy1kcqjVMJXKQ+vSxp3mGD5BFRwtKisdaXPSh5w==]}
{"logTime": "0521/031108", "correlationVector":"Od0U8rlHoJ/Tw+3pz//j/U.4","action":"AAD.GetKeyResponse", "result":"Success", "context":Keys=1.LastKeyStatus=Active. 2025-04-09 20:51:51 +07.State=None. Tags: Current_encryption_keys_tag = 77+977+9aO+/vXwVUu+/vTTvv70277+9Dirvv73vv73vv71E77+9fe+/vQpg77+9MG7vv70xZjjvv70t, Updated_current_encryption_keys_tag = Empty. Emails: ["fatihfaritshi@student.unp.ac.id"]}
{"logTime": "0521/031108", "correlationVector":"Od0U8rlHoJ/Tw+3pz//j/U.5","action":"ProcessGetUpdates", "result":"Done", "context":{"dataType":"Encryption Keys", "deleted":"0", "process_failed_to_decrypt":"0", "process_pending_decryption":"0", "process_success":"1", "total":"1"}}
{"logTime": "0521/031108", "correlationVector":"Od0U8rlHoJ/Tw+3pz//j/U","action":"Initial GetUpdates", "result":"", "context":Reason: NEW_CLIENT. cV=Od0U8rlHoJ/Tw+3pz//j/U}
{"logTime": "0521/031108", "correlationVector":"Od0U8rlHoJ/Tw+3pz//j/U.6","action":"GetUpdates Response", "result":"Success", "context":Received 1 update(s). cV=Od0U8rlHoJ/Tw+3pz//j/U.0;server=akswtt007000008;cloudType=Multitenant;environment=Prod_southeastasia_prod-s01-065-apac-southeastasia;migrationStage=NotStarted}
{"logTime": "0521/031108", "correlationVector":"PrL1DEoQnAlrj0zNjQoXn9","action":"Normal GetUpdate request", "result":"", "context":cV=PrL1DEoQnAlrj0zNjQoXn9
Nudged types: Sessions, History
Refresh requested types: Bookmarks, Preferences, Passwords, Autofill Profiles, Autofill, Extensions, Sessions, Extension settings, History Delete Directives, Device Info, User Consents, Send Tab To Self, Web Apps, History, Saved Tab Group, Collection, Edge E Drop, Edge Hub App Usage, Edge Tab Group, Edge Wallet, Encryption Keys}
{"logTime": "0521/031109", "correlationVector":"PrL1DEoQnAlrj0zNjQoXn9.1","action":"SyncServerConnectionManagerRequest", "result":"SYNC_SERVER_OK", "context":{"environment":"Prod_southindia_prod-s01-004-apac-southindia", "migrationStage":"NotStarted", "server":"akswtt012000023"}}
{"logTime": "0521/031109", "correlationVector":"PrL1DEoQnAlrj0zNjQoXn9.2","action":"ProcessGetUpdates", "result":"Done", "context":{"dataType":"Sessions", "deleted":"0", "process_failed_to_decrypt":"0", "process_pending_decryption":"0", "process_success":"2", "total":"2"}}
{"logTime": "0521/031109", "correlationVector":"PrL1DEoQnAlrj0zNjQoXn9.3","action":"ProcessGetUpdates", "result":"Done", "context":{"dataType":"History", "deleted":"0", "process_failed_to_decrypt":"0", "process_pending_decryption":"0", "process_success":"1", "total":"1"}}
{"logTime": "0521/031109", "correlationVector":"PrL1DEoQnAlrj0zNjQoXn9.4","action":"GetUpdates Response", "result":"Success", "context":Received 3 update(s). cV=PrL1DEoQnAlrj0zNjQoXn9.0;server=akswtt012000023;cloudType=Multitenant;environment=Prod_southindia_prod-s01-004-apac-southindia;migrationStage=NotStarted}
{"logTime": "0521/031109", "correlationVector":"BidYUy8sYSrDOFRHSuGrkO","action":"Commit Request", "result":"", "context":Item count: 4
Contributing types: Sessions, History}
{"logTime": "0521/031110", "correlationVector":"BidYUy8sYSrDOFRHSuGrkO.1","action":"SyncServerConnectionManagerRequest", "result":"SYNC_SERVER_OK", "context":{"environment":"Prod_southindia_prod-s01-004-apac-southindia", "migrationStage":"NotStarted", "server":"akswtt012000021"}}
{"logTime": "0521/031110", "correlationVector":"BidYUy8sYSrDOFRHSuGrkO.2","action":"Commit Response", "result":"Success", "context":Result: Success. cV=BidYUy8sYSrDOFRHSuGrkO.0;server=akswtt012000021;cloudType=Multitenant;environment=Prod_southindia_prod-s01-004-apac-southindia;migrationStage=NotStarted}
{"logTime": "0521/031110", "correlationVector":"BidYUy8sYSrDOFRHSuGrkO.3","action":"Commit.Sessions", "result":"Success", "context":{"id":"f5bc052f-003f-4fa0-9e7f-a83035c8146a", "isDeleted":"true", "size":"0", "version":"1747796789360"}}
{"logTime": "0521/031210", "correlationVector":"YqasZOc9tbV0OS4RS9LyO7","action":"Commit Request", "result":"", "context":Item count: 2
Contributing types: Sessions, History}
{"logTime": "0521/031210", "correlationVector":"YqasZOc9tbV0OS4RS9LyO7.1","action":"SyncServerConnectionManagerRequest", "result":"SYNC_SERVER_OK", "context":{"environment":"Prod_southeastasia_prod-s01-065-apac-southeastasia", "migrationStage":"NotStarted", "server":"akswtt00700001r"}}
{"logTime": "0521/031210", "correlationVector":"YqasZOc9tbV0OS4RS9LyO7.2","action":"Commit Response", "result":"Success", "context":Result: Success. cV=YqasZOc9tbV0OS4RS9LyO7.0;server=akswtt00700001r;cloudType=Multitenant;environment=Prod_southeastasia_prod-s01-065-apac-southeastasia;migrationStage=NotStarted}
{"logTime": "0521/031812", "correlationVector":"0sxvNh0O8kJ4Lx2MZRfgvY.1","action":"SyncServerConnectionManagerRequest", "result":"SYNC_SERVER_OK", "context":{"environment":"Prod_southeastasia_prod-s01-064-apac-southeastasia", "migrationStage":"NotStarted", "server":"akswtt007000014"}}
{"logTime": "0521/031814", "correlationVector":"0sxvNh0O8kJ4Lx2MZRfgvY.2","action":"AAD.Mip.Unpack", "result":"Success", "context":MIP_CLOUD_COMMERCIAL:Success}
{"logTime": "0521/031814", "correlationVector":"0sxvNh0O8kJ4Lx2MZRfgvY.3","action":"EncryptionKeysManager::SetEncryptionKeys:", "result":"Success", "context":Key names[1]:[Hzcfl8u0Q1fAKPeZybT2iAiixzSLk5albuPJZtr0qUoQtPPFy1kcqjVMJXKQ+vSxp3mGD5BFRwtKisdaXPSh5w==]}
{"logTime": "0521/031814", "correlationVector":"0sxvNh0O8kJ4Lx2MZRfgvY.4","action":"AAD.GetKeyResponse", "result":"Success", "context":Keys=1.LastKeyStatus=Active. 2025-04-09 20:51:51 +07.State=None. Tags: Current_encryption_keys_tag = 77+977+9aO+/vXwVUu+/vTTvv70277+9Dirvv73vv73vv71E77+9fe+/vQpg77+9MG7vv70xZjjvv70t, Updated_current_encryption_keys_tag = Empty. Emails: ["fatihfaritshi@student.unp.ac.id"]}
{"logTime": "0521/031814", "correlationVector":"0sxvNh0O8kJ4Lx2MZRfgvY.5","action":"ProcessGetUpdates", "result":"Done", "context":{"dataType":"Encryption Keys", "deleted":"0", "process_failed_to_decrypt":"0", "process_pending_decryption":"0", "process_success":"1", "total":"1"}}
{"logTime": "0521/031814", "correlationVector":"0sxvNh0O8kJ4Lx2MZRfgvY","action":"Initial GetUpdates", "result":"", "context":Reason: NEW_CLIENT. cV=0sxvNh0O8kJ4Lx2MZRfgvY}
{"logTime": "0521/031814", "correlationVector":"0sxvNh0O8kJ4Lx2MZRfgvY.6","action":"GetUpdates Response", "result":"Success", "context":Received 1 update(s). cV=0sxvNh0O8kJ4Lx2MZRfgvY.0;server=akswtt007000014;cloudType=Multitenant;environment=Prod_southeastasia_prod-s01-064-apac-southeastasia;migrationStage=NotStarted}
{"logTime": "0521/031814", "correlationVector":"IWjeHG0UyE8fnVsHWsILpg","action":"Normal GetUpdate request", "result":"", "context":cV=IWjeHG0UyE8fnVsHWsILpg
Nudged types: Sessions, History
Refresh requested types: Bookmarks, Preferences, Passwords, Autofill Profiles, Autofill, Extensions, Sessions, Extension settings, History Delete Directives, Device Info, User Consents, Send Tab To Self, Web Apps, History, Saved Tab Group, Collection, Edge E Drop, Edge Hub App Usage, Edge Tab Group, Edge Wallet, Encryption Keys}
{"logTime": "0521/031815", "correlationVector":"IWjeHG0UyE8fnVsHWsILpg.1","action":"SyncServerConnectionManagerRequest", "result":"SYNC_SERVER_OK", "context":{"environment":"Prod_southeastasia_prod-s01-064-apac-southeastasia", "migrationStage":"NotStarted", "server":"akswtt007000005"}}
{"logTime": "0521/031815", "correlationVector":"IWjeHG0UyE8fnVsHWsILpg.2","action":"ProcessGetUpdates", "result":"Done", "context":{"dataType":"Sessions", "deleted":"1", "process_failed_to_decrypt":"0", "process_pending_decryption":"0", "process_success":"3", "total":"3"}}
{"logTime": "0521/031815", "correlationVector":"IWjeHG0UyE8fnVsHWsILpg.3","action":"ProcessGetUpdates", "result":"Done", "context":{"dataType":"History", "deleted":"0", "process_failed_to_decrypt":"0", "process_pending_decryption":"0", "process_success":"2", "total":"2"}}
{"logTime": "0521/031815", "correlationVector":"IWjeHG0UyE8fnVsHWsILpg.4","action":"GetUpdates Response", "result":"Success", "context":Received 5 update(s). cV=IWjeHG0UyE8fnVsHWsILpg.0;server=akswtt007000005;cloudType=Multitenant;environment=Prod_southeastasia_prod-s01-064-apac-southeastasia;migrationStage=NotStarted}
{"logTime": "0521/031815", "correlationVector":"dPIqWsEngcMQxGHMcn+WQL","action":"Commit Request", "result":"", "context":Item count: 4
Contributing types: Sessions, History}
{"logTime": "0521/031818", "correlationVector":"dPIqWsEngcMQxGHMcn+WQL.1","action":"SyncServerConnectionManagerRequest", "result":"SYNC_SERVER_OK", "context":{"environment":"Prod_southeastasia_prod-s01-064-apac-southeastasia", "migrationStage":"NotStarted", "server":"akswtt00700002f"}}
{"logTime": "0521/031818", "correlationVector":"dPIqWsEngcMQxGHMcn+WQL.2","action":"Commit Response", "result":"Success", "context":Result: Success. cV=dPIqWsEngcMQxGHMcn+WQL.0;server=akswtt00700002f;cloudType=Multitenant;environment=Prod_southeastasia_prod-s01-064-apac-southeastasia;migrationStage=NotStarted}
{"logTime": "0521/031818", "correlationVector":"dPIqWsEngcMQxGHMcn+WQL.3","action":"Commit.Sessions", "result":"Success", "context":{"id":"fa51172d-9605-4e97-b39c-e994b36120d8", "isDeleted":"true", "size":"0", "version":"1747797117911"}}
{"logTime": "0521/031918", "correlationVector":"OvZu2u8I3fDDr7loB55jNt","action":"Commit Request", "result":"", "context":Item count: 2
Contributing types: Sessions, History}
{"logTime": "0521/031919", "correlationVector":"OvZu2u8I3fDDr7loB55jNt.1","action":"SyncServerConnectionManagerRequest", "result":"SYNC_SERVER_OK", "context":{"environment":"Prod_southeastasia_prod-s01-064-apac-southeastasia", "migrationStage":"NotStarted", "server":"akswtt00700001y"}}
{"logTime": "0521/031919", "correlationVector":"OvZu2u8I3fDDr7loB55jNt.2","action":"Commit Response", "result":"Success", "context":Result: Success. cV=OvZu2u8I3fDDr7loB55jNt.0;server=akswtt00700001y;cloudType=Multitenant;environment=Prod_southeastasia_prod-s01-064-apac-southeastasia;migrationStage=NotStarted}
{"logTime": "0521/060713", "correlationVector":"IbjjhI4/4gYYutq7wbUadZ.1","action":"SyncServerConnectionManagerRequest", "result":"SYNC_SERVER_OK", "context":{"environment":"Prod_southeastasia_prod-s01-064-apac-southeastasia", "migrationStage":"NotStarted", "server":"akswtt007000016"}}
{"logTime": "0521/060714", "correlationVector":"IbjjhI4/4gYYutq7wbUadZ.2","action":"AAD.Mip.Unpack", "result":"Success", "context":MIP_CLOUD_COMMERCIAL:Success}
{"logTime": "0521/060714", "correlationVector":"IbjjhI4/4gYYutq7wbUadZ.3","action":"EncryptionKeysManager::SetEncryptionKeys:", "result":"Success", "context":Key names[1]:[Hzcfl8u0Q1fAKPeZybT2iAiixzSLk5albuPJZtr0qUoQtPPFy1kcqjVMJXKQ+vSxp3mGD5BFRwtKisdaXPSh5w==]}
{"logTime": "0521/060714", "correlationVector":"IbjjhI4/4gYYutq7wbUadZ.4","action":"AAD.GetKeyResponse", "result":"Success", "context":Keys=1.LastKeyStatus=Active. 2025-04-09 20:51:51 +07.State=None. Tags: Current_encryption_keys_tag = 77+977+9aO+/vXwVUu+/vTTvv70277+9Dirvv73vv73vv71E77+9fe+/vQpg77+9MG7vv70xZjjvv70t, Updated_current_encryption_keys_tag = Empty. Emails: ["fatihfaritshi@student.unp.ac.id"]}
{"logTime": "0521/060714", "correlationVector":"IbjjhI4/4gYYutq7wbUadZ.5","action":"ProcessGetUpdates", "result":"Done", "context":{"dataType":"Encryption Keys", "deleted":"0", "process_failed_to_decrypt":"0", "process_pending_decryption":"0", "process_success":"1", "total":"1"}}
{"logTime": "0521/060714", "correlationVector":"IbjjhI4/4gYYutq7wbUadZ","action":"Initial GetUpdates", "result":"", "context":Reason: NEW_CLIENT. cV=IbjjhI4/4gYYutq7wbUadZ}
{"logTime": "0521/060714", "correlationVector":"IbjjhI4/4gYYutq7wbUadZ.6","action":"GetUpdates Response", "result":"Success", "context":Received 1 update(s). cV=IbjjhI4/4gYYutq7wbUadZ.0;server=akswtt007000016;cloudType=Multitenant;environment=Prod_southeastasia_prod-s01-064-apac-southeastasia;migrationStage=NotStarted}
{"logTime": "0521/060714", "correlationVector":"rGgGzMf8ad6qpumPDKPtk3","action":"Normal GetUpdate request", "result":"", "context":cV=rGgGzMf8ad6qpumPDKPtk3
Nudged types: Sessions, History
Refresh requested types: Bookmarks, Preferences, Passwords, Autofill Profiles, Autofill, Extensions, Sessions, Extension settings, History Delete Directives, Device Info, User Consents, Send Tab To Self, Web Apps, History, Saved Tab Group, Collection, Edge E Drop, Edge Hub App Usage, Edge Tab Group, Edge Wallet, Encryption Keys}
{"logTime": "0521/060715", "correlationVector":"rGgGzMf8ad6qpumPDKPtk3.1","action":"SyncServerConnectionManagerRequest", "result":"SYNC_SERVER_OK", "context":{"environment":"Prod_southeastasia_prod-s01-064-apac-southeastasia", "migrationStage":"NotStarted", "server":"akswtt00700001q"}}
{"logTime": "0521/060715", "correlationVector":"rGgGzMf8ad6qpumPDKPtk3.2","action":"ProcessGetUpdates", "result":"Done", "context":{"dataType":"Sessions", "deleted":"1", "process_failed_to_decrypt":"0", "process_pending_decryption":"0", "process_success":"3", "total":"3"}}
{"logTime": "0521/060715", "correlationVector":"rGgGzMf8ad6qpumPDKPtk3.3","action":"ProcessGetUpdates", "result":"Done", "context":{"dataType":"History", "deleted":"0", "process_failed_to_decrypt":"0", "process_pending_decryption":"0", "process_success":"2", "total":"2"}}
{"logTime": "0521/060715", "correlationVector":"rGgGzMf8ad6qpumPDKPtk3.4","action":"GetUpdates Response", "result":"Success", "context":Received 5 update(s). cV=rGgGzMf8ad6qpumPDKPtk3.0;server=akswtt00700001q;cloudType=Multitenant;environment=Prod_southeastasia_prod-s01-064-apac-southeastasia;migrationStage=NotStarted}
{"logTime": "0521/060715", "correlationVector":"DfCFDyaG4QAzN9DYl8G1uA","action":"Commit Request", "result":"", "context":Item count: 3
Contributing types: Sessions, History}
{"logTime": "0521/060715", "correlationVector":"DfCFDyaG4QAzN9DYl8G1uA.1","action":"SyncServerConnectionManagerRequest", "result":"SYNC_SERVER_OK", "context":{"environment":"Prod_southeastasia_prod-s01-064-apac-southeastasia", "migrationStage":"NotStarted", "server":"akswtt00700004w"}}
{"logTime": "0521/060715", "correlationVector":"DfCFDyaG4QAzN9DYl8G1uA.2","action":"Commit Response", "result":"Success", "context":Result: Success. cV=DfCFDyaG4QAzN9DYl8G1uA.0;server=akswtt00700004w;cloudType=Multitenant;environment=Prod_southeastasia_prod-s01-064-apac-southeastasia;migrationStage=NotStarted}
{"logTime": "0521/060741", "correlationVector":"sQSdQ7COiop3m/ECmDQTZT","action":"Commit Request", "result":"", "context":Item count: 3
Contributing types: Preferences, Sessions, History}
{"logTime": "0521/060742", "correlationVector":"sQSdQ7COiop3m/ECmDQTZT.1","action":"SyncServerConnectionManagerRequest", "result":"SYNC_SERVER_OK", "context":{"environment":"Prod_southeastasia_prod-s01-064-apac-southeastasia", "migrationStage":"NotStarted", "server":"akswtt00700002a"}}
{"logTime": "0521/060742", "correlationVector":"sQSdQ7COiop3m/ECmDQTZT.2","action":"Commit Response", "result":"Success", "context":Result: Success. cV=sQSdQ7COiop3m/ECmDQTZT.0;server=akswtt00700002a;cloudType=Multitenant;environment=Prod_southeastasia_prod-s01-064-apac-southeastasia;migrationStage=NotStarted}
{"logTime": "0521/060824", "correlationVector":"9FHLbKQlqBVuZ4kb/fzkKM","action":"Commit Request", "result":"", "context":Item count: 1
Contributing types: Device Info}
{"logTime": "0521/060824", "correlationVector":"9FHLbKQlqBVuZ4kb/fzkKM.1","action":"SyncServerConnectionManagerRequest", "result":"SYNC_SERVER_OK", "context":{"environment":"Prod_southeastasia_prod-s01-064-apac-southeastasia", "migrationStage":"NotStarted", "server":"akswtt007000026"}}
{"logTime": "0521/060824", "correlationVector":"9FHLbKQlqBVuZ4kb/fzkKM.2","action":"Commit Response", "result":"Success", "context":Result: Success. cV=9FHLbKQlqBVuZ4kb/fzkKM.0;server=akswtt007000026;cloudType=Multitenant;environment=Prod_southeastasia_prod-s01-064-apac-southeastasia;migrationStage=NotStarted}
{"logTime": "0521/061536", "correlationVector":"X3JN9DmavXDNUFQANLAhI+.1","action":"SyncServerConnectionManagerRequest", "result":"SYNC_SERVER_OK", "context":{"environment":"Prod_southeastasia_prod-s01-065-apac-southeastasia", "migrationStage":"NotStarted", "server":"akswtt00700002p"}}
{"logTime": "0521/061538", "correlationVector":"X3JN9DmavXDNUFQANLAhI+.2","action":"AAD.Mip.Unpack", "result":"Success", "context":MIP_CLOUD_COMMERCIAL:Success}
{"logTime": "0521/061538", "correlationVector":"X3JN9DmavXDNUFQANLAhI+.3","action":"EncryptionKeysManager::SetEncryptionKeys:", "result":"Success", "context":Key names[1]:[Hzcfl8u0Q1fAKPeZybT2iAiixzSLk5albuPJZtr0qUoQtPPFy1kcqjVMJXKQ+vSxp3mGD5BFRwtKisdaXPSh5w==]}
{"logTime": "0521/061538", "correlationVector":"X3JN9DmavXDNUFQANLAhI+.4","action":"AAD.GetKeyResponse", "result":"Success", "context":Keys=1.LastKeyStatus=Active. 2025-04-09 20:51:51 +07.State=None. Tags: Current_encryption_keys_tag = 77+977+9aO+/vXwVUu+/vTTvv70277+9Dirvv73vv73vv71E77+9fe+/vQpg77+9MG7vv70xZjjvv70t, Updated_current_encryption_keys_tag = Empty. Emails: ["fatihfaritshi@student.unp.ac.id"]}
{"logTime": "0521/061538", "correlationVector":"X3JN9DmavXDNUFQANLAhI+.5","action":"ProcessGetUpdates", "result":"Done", "context":{"dataType":"Encryption Keys", "deleted":"0", "process_failed_to_decrypt":"0", "process_pending_decryption":"0", "process_success":"1", "total":"1"}}
{"logTime": "0521/061538", "correlationVector":"X3JN9DmavXDNUFQANLAhI+","action":"Initial GetUpdates", "result":"", "context":Reason: NEW_CLIENT. cV=X3JN9DmavXDNUFQANLAhI+}
{"logTime": "0521/061538", "correlationVector":"X3JN9DmavXDNUFQANLAhI+.6","action":"GetUpdates Response", "result":"Success", "context":Received 1 update(s). cV=X3JN9DmavXDNUFQANLAhI+.0;server=akswtt00700002p;cloudType=Multitenant;environment=Prod_southeastasia_prod-s01-065-apac-southeastasia;migrationStage=NotStarted}
{"logTime": "0521/061538", "correlationVector":"mqwz8cpfI7kAWwbScrHtgN","action":"Normal GetUpdate request", "result":"", "context":cV=mqwz8cpfI7kAWwbScrHtgN
Nudged types: Sessions, Device Info, History
Refresh requested types: Bookmarks, Preferences, Passwords, Autofill Profiles, Autofill, Extensions, Sessions, Extension settings, History Delete Directives, Device Info, User Consents, Send Tab To Self, Web Apps, History, Saved Tab Group, Collection, Edge E Drop, Edge Hub App Usage, Edge Tab Group, Edge Wallet, Encryption Keys}
{"logTime": "0521/061538", "correlationVector":"mqwz8cpfI7kAWwbScrHtgN.1","action":"SyncServerConnectionManagerRequest", "result":"SYNC_SERVER_OK", "context":{"environment":"Prod_southeastasia_prod-s01-065-apac-southeastasia", "migrationStage":"NotStarted", "server":"akswtt00700000b"}}
{"logTime": "0521/061538", "correlationVector":"mqwz8cpfI7kAWwbScrHtgN.2","action":"ProcessGetUpdates", "result":"Done", "context":{"dataType":"Preferences", "deleted":"0", "process_failed_to_decrypt":"0", "process_pending_decryption":"0", "process_success":"1", "total":"1"}}
{"logTime": "0521/061538", "correlationVector":"mqwz8cpfI7kAWwbScrHtgN.3","action":"ProcessGetUpdates", "result":"Done", "context":{"dataType":"Sessions", "deleted":"0", "process_failed_to_decrypt":"0", "process_pending_decryption":"0", "process_success":"2", "total":"2"}}
{"logTime": "0521/061538", "correlationVector":"mqwz8cpfI7kAWwbScrHtgN.4","action":"ProcessGetUpdates", "result":"Done", "context":{"dataType":"Device Info", "deleted":"0", "process_failed_to_decrypt":"0", "process_pending_decryption":"0", "process_success":"1", "total":"1"}}
{"logTime": "0521/061538", "correlationVector":"mqwz8cpfI7kAWwbScrHtgN.5","action":"ProcessGetUpdates", "result":"Done", "context":{"dataType":"History", "deleted":"0", "process_failed_to_decrypt":"0", "process_pending_decryption":"0", "process_success":"2", "total":"2"}}
{"logTime": "0521/061538", "correlationVector":"mqwz8cpfI7kAWwbScrHtgN.6","action":"GetUpdates Response", "result":"Success", "context":Received 6 update(s). cV=mqwz8cpfI7kAWwbScrHtgN.0;server=akswtt00700000b;cloudType=Multitenant;environment=Prod_southeastasia_prod-s01-065-apac-southeastasia;migrationStage=NotStarted}
{"logTime": "0521/061538", "correlationVector":"M1j5z82mR4GwP8UNRFw+SI","action":"Commit Request", "result":"", "context":Item count: 5
Contributing types: Sessions, Device Info, History}
{"logTime": "0521/061539", "correlationVector":"M1j5z82mR4GwP8UNRFw+SI.1","action":"SyncServerConnectionManagerRequest", "result":"SYNC_SERVER_OK", "context":{"environment":"Prod_southeastasia_prod-s01-065-apac-southeastasia", "migrationStage":"NotStarted", "server":"akswtt00700000l"}}
{"logTime": "0521/061539", "correlationVector":"M1j5z82mR4GwP8UNRFw+SI.2","action":"Commit Response", "result":"Success", "context":Result: Success. cV=M1j5z82mR4GwP8UNRFw+SI.0;server=akswtt00700000l;cloudType=Multitenant;environment=Prod_southeastasia_prod-s01-065-apac-southeastasia;migrationStage=NotStarted}
{"logTime": "0521/061642", "correlationVector":"/sXRcnS0hPdHDH1+33n9K7","action":"Commit Request", "result":"", "context":Item count: 2
Contributing types: Sessions, History}
{"logTime": "0521/061642", "correlationVector":"/sXRcnS0hPdHDH1+33n9K7","action":"SyncServerConnectionManagerRequest", "result":"CONNECTION_UNAVAILABLE", "context":{"error_type":"net_error_code", "error_value":"-3"}}
{"logTime": "0521/061712", "correlationVector":"qLTlujgo8P2sA2GZ7glM/5.1","action":"SyncServerConnectionManagerRequest", "result":"SYNC_SERVER_OK", "context":{"environment":"Prod_southeastasia_prod-s01-065-apac-southeastasia", "migrationStage":"NotStarted", "server":"akswtt00700001l"}}
{"logTime": "0521/061714", "correlationVector":"qLTlujgo8P2sA2GZ7glM/5.2","action":"AAD.Mip.Unpack", "result":"Success", "context":MIP_CLOUD_COMMERCIAL:Success}
{"logTime": "0521/061714", "correlationVector":"qLTlujgo8P2sA2GZ7glM/5.3","action":"EncryptionKeysManager::SetEncryptionKeys:", "result":"Success", "context":Key names[1]:[Hzcfl8u0Q1fAKPeZybT2iAiixzSLk5albuPJZtr0qUoQtPPFy1kcqjVMJXKQ+vSxp3mGD5BFRwtKisdaXPSh5w==]}
{"logTime": "0521/061714", "correlationVector":"qLTlujgo8P2sA2GZ7glM/5.4","action":"AAD.GetKeyResponse", "result":"Success", "context":Keys=1.LastKeyStatus=Active. 2025-04-09 20:51:51 +07.State=None. Tags: Current_encryption_keys_tag = 77+977+9aO+/vXwVUu+/vTTvv70277+9Dirvv73vv73vv71E77+9fe+/vQpg77+9MG7vv70xZjjvv70t, Updated_current_encryption_keys_tag = Empty. Emails: ["fatihfaritshi@student.unp.ac.id"]}
{"logTime": "0521/061714", "correlationVector":"qLTlujgo8P2sA2GZ7glM/5.5","action":"ProcessGetUpdates", "result":"Done", "context":{"dataType":"Encryption Keys", "deleted":"0", "process_failed_to_decrypt":"0", "process_pending_decryption":"0", "process_success":"1", "total":"1"}}
{"logTime": "0521/061714", "correlationVector":"qLTlujgo8P2sA2GZ7glM/5","action":"Initial GetUpdates", "result":"", "context":Reason: NEW_CLIENT. cV=qLTlujgo8P2sA2GZ7glM/5}
{"logTime": "0521/061714", "correlationVector":"qLTlujgo8P2sA2GZ7glM/5.6","action":"GetUpdates Response", "result":"Success", "context":Received 1 update(s). cV=qLTlujgo8P2sA2GZ7glM/5.0;server=akswtt00700001l;cloudType=Multitenant;environment=Prod_southeastasia_prod-s01-065-apac-southeastasia;migrationStage=NotStarted}
{"logTime": "0521/061714", "correlationVector":"KNugOcAyUevAF8hx76R28g","action":"Normal GetUpdate request", "result":"", "context":cV=KNugOcAyUevAF8hx76R28g
Nudged types: Sessions, Device Info, History
Refresh requested types: Bookmarks, Preferences, Passwords, Autofill Profiles, Autofill, Extensions, Sessions, Extension settings, History Delete Directives, Device Info, User Consents, Send Tab To Self, Web Apps, History, Saved Tab Group, Collection, Edge E Drop, Edge Hub App Usage, Edge Tab Group, Edge Wallet, Encryption Keys}
{"logTime": "0521/061714", "correlationVector":"KNugOcAyUevAF8hx76R28g.1","action":"SyncServerConnectionManagerRequest", "result":"SYNC_SERVER_OK", "context":{"environment":"Prod_southeastasia_prod-s01-065-apac-southeastasia", "migrationStage":"NotStarted", "server":"akswtt00700000d"}}
{"logTime": "0521/061714", "correlationVector":"KNugOcAyUevAF8hx76R28g.2","action":"ProcessGetUpdates", "result":"Done", "context":{"dataType":"Sessions", "deleted":"0", "process_failed_to_decrypt":"0", "process_pending_decryption":"0", "process_success":"2", "total":"2"}}
{"logTime": "0521/061714", "correlationVector":"KNugOcAyUevAF8hx76R28g.3","action":"ProcessGetUpdates", "result":"Done", "context":{"dataType":"Device Info", "deleted":"0", "process_failed_to_decrypt":"0", "process_pending_decryption":"0", "process_success":"1", "total":"1"}}
{"logTime": "0521/061714", "correlationVector":"KNugOcAyUevAF8hx76R28g.4","action":"ProcessGetUpdates", "result":"Done", "context":{"dataType":"History", "deleted":"0", "process_failed_to_decrypt":"0", "process_pending_decryption":"0", "process_success":"2", "total":"2"}}
{"logTime": "0521/061714", "correlationVector":"KNugOcAyUevAF8hx76R28g.5","action":"GetUpdates Response", "result":"Success", "context":Received 5 update(s). cV=KNugOcAyUevAF8hx76R28g.0;server=akswtt00700000d;cloudType=Multitenant;environment=Prod_southeastasia_prod-s01-065-apac-southeastasia;migrationStage=NotStarted}
{"logTime": "0521/061714", "correlationVector":"EurZdah7MkxGU7Hrzs9mHX","action":"Commit Request", "result":"", "context":Item count: 4
Contributing types: Sessions, Device Info, History}
{"logTime": "0521/061715", "correlationVector":"EurZdah7MkxGU7Hrzs9mHX.1","action":"SyncServerConnectionManagerRequest", "result":"SYNC_SERVER_OK", "context":{"environment":"Prod_southeastasia_prod-s01-065-apac-southeastasia", "migrationStage":"NotStarted", "server":"akswtt00700000c"}}
{"logTime": "0521/061715", "correlationVector":"EurZdah7MkxGU7Hrzs9mHX.2","action":"Commit Response", "result":"Success", "context":Result: Success. cV=EurZdah7MkxGU7Hrzs9mHX.0;server=akswtt00700000c;cloudType=Multitenant;environment=Prod_southeastasia_prod-s01-065-apac-southeastasia;migrationStage=NotStarted}
{"logTime": "0521/061816", "correlationVector":"2W1EZwf6MLaOAuO83Ke/AM","action":"Commit Request", "result":"", "context":Item count: 3
Contributing types: Sessions, History}
{"logTime": "0521/061816", "correlationVector":"2W1EZwf6MLaOAuO83Ke/AM.1","action":"SyncServerConnectionManagerRequest", "result":"SYNC_SERVER_OK", "context":{"environment":"Prod_southeastasia_prod-s01-064-apac-southeastasia", "migrationStage":"NotStarted", "server":"akswtt00700001e"}}
{"logTime": "0521/061816", "correlationVector":"2W1EZwf6MLaOAuO83Ke/AM.2","action":"Commit Response", "result":"Success", "context":Result: Success. cV=2W1EZwf6MLaOAuO83Ke/AM.0;server=akswtt00700001e;cloudType=Multitenant;environment=Prod_southeastasia_prod-s01-064-apac-southeastasia;migrationStage=NotStarted}
{"logTime": "0521/061816", "correlationVector":"2W1EZwf6MLaOAuO83Ke/AM.3","action":"Commit.Sessions", "result":"Success", "context":{"id":"fd0ec771-ea32-48cb-87eb-40b515ea058e", "isDeleted":"true", "size":"0", "version":"1747808190258"}}
{"logTime": "0521/061947", "correlationVector":"7BHVr1HSsY0pxF36ye0J/C","action":"Commit Request", "result":"", "context":Item count: 3
Contributing types: Sessions, History}
{"logTime": "0521/061948", "correlationVector":"7BHVr1HSsY0pxF36ye0J/C.1","action":"SyncServerConnectionManagerRequest", "result":"SYNC_SERVER_OK", "context":{"environment":"Prod_southeastasia_prod-s01-065-apac-southeastasia", "migrationStage":"NotStarted", "server":"akswtt00700002p"}}
{"logTime": "0521/061948", "correlationVector":"7BHVr1HSsY0pxF36ye0J/C.2","action":"Commit Response", "result":"Success", "context":Result: Success. cV=7BHVr1HSsY0pxF36ye0J/C.0;server=akswtt00700002p;cloudType=Multitenant;environment=Prod_southeastasia_prod-s01-065-apac-southeastasia;migrationStage=NotStarted}
{"logTime": "0521/062051", "correlationVector":"nX4Jh4DEWqzu0pe8UZ5CD5.1","action":"SyncServerConnectionManagerRequest", "result":"SYNC_SERVER_OK", "context":{"environment":"Prod_southeastasia_prod-s01-065-apac-southeastasia", "migrationStage":"NotStarted", "server":"akswtt007000028"}}
{"logTime": "0521/062053", "correlationVector":"nX4Jh4DEWqzu0pe8UZ5CD5.2","action":"AAD.Mip.Unpack", "result":"Success", "context":MIP_CLOUD_COMMERCIAL:Success}
{"logTime": "0521/062053", "correlationVector":"nX4Jh4DEWqzu0pe8UZ5CD5.3","action":"EncryptionKeysManager::SetEncryptionKeys:", "result":"Success", "context":Key names[1]:[Hzcfl8u0Q1fAKPeZybT2iAiixzSLk5albuPJZtr0qUoQtPPFy1kcqjVMJXKQ+vSxp3mGD5BFRwtKisdaXPSh5w==]}
{"logTime": "0521/062053", "correlationVector":"nX4Jh4DEWqzu0pe8UZ5CD5.4","action":"AAD.GetKeyResponse", "result":"Success", "context":Keys=1.LastKeyStatus=Active. 2025-04-09 20:51:51 +07.State=None. Tags: Current_encryption_keys_tag = 77+977+9aO+/vXwVUu+/vTTvv70277+9Dirvv73vv73vv71E77+9fe+/vQpg77+9MG7vv70xZjjvv70t, Updated_current_encryption_keys_tag = Empty. Emails: ["fatihfaritshi@student.unp.ac.id"]}
{"logTime": "0521/062053", "correlationVector":"nX4Jh4DEWqzu0pe8UZ5CD5.5","action":"ProcessGetUpdates", "result":"Done", "context":{"dataType":"Encryption Keys", "deleted":"0", "process_failed_to_decrypt":"0", "process_pending_decryption":"0", "process_success":"1", "total":"1"}}
{"logTime": "0521/062053", "correlationVector":"nX4Jh4DEWqzu0pe8UZ5CD5","action":"Initial GetUpdates", "result":"", "context":Reason: NEW_CLIENT. cV=nX4Jh4DEWqzu0pe8UZ5CD5}
{"logTime": "0521/062053", "correlationVector":"nX4Jh4DEWqzu0pe8UZ5CD5.6","action":"GetUpdates Response", "result":"Success", "context":Received 1 update(s). cV=nX4Jh4DEWqzu0pe8UZ5CD5.0;server=akswtt007000028;cloudType=Multitenant;environment=Prod_southeastasia_prod-s01-065-apac-southeastasia;migrationStage=NotStarted}
{"logTime": "0521/062053", "correlationVector":"lwWLO0+xgST+SNeShoahqd","action":"Normal GetUpdate request", "result":"", "context":cV=lwWLO0+xgST+SNeShoahqd
Nudged types: Sessions, Device Info, History
Refresh requested types: Bookmarks, Preferences, Passwords, Autofill Profiles, Autofill, Extensions, Sessions, Extension settings, History Delete Directives, Device Info, User Consents, Send Tab To Self, Web Apps, History, Saved Tab Group, Collection, Edge E Drop, Edge Hub App Usage, Edge Tab Group, Edge Wallet, Encryption Keys}
{"logTime": "0521/062053", "correlationVector":"lwWLO0+xgST+SNeShoahqd.1","action":"SyncServerConnectionManagerRequest", "result":"SYNC_SERVER_OK", "context":{"environment":"Prod_southeastasia_prod-s01-065-apac-southeastasia", "migrationStage":"NotStarted", "server":"akswtt007000019"}}
{"logTime": "0521/062053", "correlationVector":"lwWLO0+xgST+SNeShoahqd.2","action":"ProcessGetUpdates", "result":"Done", "context":{"dataType":"Sessions", "deleted":"1", "process_failed_to_decrypt":"0", "process_pending_decryption":"0", "process_success":"3", "total":"3"}}
{"logTime": "0521/062053", "correlationVector":"lwWLO0+xgST+SNeShoahqd.3","action":"ProcessGetUpdates", "result":"Done", "context":{"dataType":"Device Info", "deleted":"0", "process_failed_to_decrypt":"0", "process_pending_decryption":"0", "process_success":"1", "total":"1"}}
{"logTime": "0521/062053", "correlationVector":"lwWLO0+xgST+SNeShoahqd.4","action":"ProcessGetUpdates", "result":"Done", "context":{"dataType":"History", "deleted":"0", "process_failed_to_decrypt":"0", "process_pending_decryption":"0", "process_success":"3", "total":"3"}}
{"logTime": "0521/062053", "correlationVector":"lwWLO0+xgST+SNeShoahqd.5","action":"GetUpdates Response", "result":"Success", "context":Received 7 update(s). cV=lwWLO0+xgST+SNeShoahqd.0;server=akswtt007000019;cloudType=Multitenant;environment=Prod_southeastasia_prod-s01-065-apac-southeastasia;migrationStage=NotStarted}
{"logTime": "0521/062053", "correlationVector":"ujLlR85K3cPtrK62DD2wql","action":"Commit Request", "result":"", "context":Item count: 7
Contributing types: Sessions, Device Info, History}
{"logTime": "0521/062054", "correlationVector":"ujLlR85K3cPtrK62DD2wql.1","action":"SyncServerConnectionManagerRequest", "result":"SYNC_SERVER_OK", "context":{"environment":"Prod_southeastasia_prod-s01-065-apac-southeastasia", "migrationStage":"NotStarted", "server":"akswtt00700000x"}}
{"logTime": "0521/062054", "correlationVector":"ujLlR85K3cPtrK62DD2wql.2","action":"Commit Response", "result":"Success", "context":Result: Success. cV=ujLlR85K3cPtrK62DD2wql.0;server=akswtt00700000x;cloudType=Multitenant;environment=Prod_southeastasia_prod-s01-065-apac-southeastasia;migrationStage=NotStarted}
{"logTime": "0521/062156", "correlationVector":"8MtVzPK+1mL9KqhTCk31OH","action":"Commit Request", "result":"", "context":Item count: 3
Contributing types: Sessions, History}
{"logTime": "0521/062157", "correlationVector":"8MtVzPK+1mL9KqhTCk31OH.1","action":"SyncServerConnectionManagerRequest", "result":"SYNC_SERVER_OK", "context":{"environment":"Prod_southeastasia_prod-s01-064-apac-southeastasia", "migrationStage":"NotStarted", "server":"akswtt007000007"}}
{"logTime": "0521/062157", "correlationVector":"8MtVzPK+1mL9KqhTCk31OH.2","action":"Commit Response", "result":"Success", "context":Result: Success. cV=8MtVzPK+1mL9KqhTCk31OH.0;server=akswtt007000007;cloudType=Multitenant;environment=Prod_southeastasia_prod-s01-064-apac-southeastasia;migrationStage=NotStarted}
{"logTime": "0521/062157", "correlationVector":"8MtVzPK+1mL9KqhTCk31OH.3","action":"Commit.Sessions", "result":"Success", "context":{"id":"af9a5a17-4a4b-41ff-979b-4d683e679cc3", "isDeleted":"true", "size":"0", "version":"1747808441410"}}
{"logTime": "0521/123745", "correlationVector":"XPsVZVa6Iy+PCuDkQzcLQR.1","action":"SyncServerConnectionManagerRequest", "result":"SYNC_SERVER_OK", "context":{"environment":"Prod_southeastasia_prod-s01-065-apac-southeastasia", "migrationStage":"NotStarted", "server":"akswtt00700001e"}}
{"logTime": "0521/123747", "correlationVector":"XPsVZVa6Iy+PCuDkQzcLQR.2","action":"AAD.Mip.Unpack", "result":"Success", "context":MIP_CLOUD_COMMERCIAL:Success}
{"logTime": "0521/123747", "correlationVector":"XPsVZVa6Iy+PCuDkQzcLQR.3","action":"EncryptionKeysManager::SetEncryptionKeys:", "result":"Success", "context":Key names[1]:[Hzcfl8u0Q1fAKPeZybT2iAiixzSLk5albuPJZtr0qUoQtPPFy1kcqjVMJXKQ+vSxp3mGD5BFRwtKisdaXPSh5w==]}
{"logTime": "0521/123747", "correlationVector":"XPsVZVa6Iy+PCuDkQzcLQR.4","action":"AAD.GetKeyResponse", "result":"Success", "context":Keys=1.LastKeyStatus=Active. 2025-04-09 20:51:51 +07.State=None. Tags: Current_encryption_keys_tag = 77+977+9aO+/vXwVUu+/vTTvv70277+9Dirvv73vv73vv71E77+9fe+/vQpg77+9MG7vv70xZjjvv70t, Updated_current_encryption_keys_tag = Empty. Emails: ["fatihfaritshi@student.unp.ac.id"]}
{"logTime": "0521/123747", "correlationVector":"XPsVZVa6Iy+PCuDkQzcLQR.5","action":"ProcessGetUpdates", "result":"Done", "context":{"dataType":"Encryption Keys", "deleted":"0", "process_failed_to_decrypt":"0", "process_pending_decryption":"0", "process_success":"1", "total":"1"}}
{"logTime": "0521/123747", "correlationVector":"XPsVZVa6Iy+PCuDkQzcLQR","action":"Initial GetUpdates", "result":"", "context":Reason: NEW_CLIENT. cV=XPsVZVa6Iy+PCuDkQzcLQR}
{"logTime": "0521/123747", "correlationVector":"XPsVZVa6Iy+PCuDkQzcLQR.6","action":"GetUpdates Response", "result":"Success", "context":Received 1 update(s). cV=XPsVZVa6Iy+PCuDkQzcLQR.0;server=akswtt00700001e;cloudType=Multitenant;environment=Prod_southeastasia_prod-s01-065-apac-southeastasia;migrationStage=NotStarted}
{"logTime": "0521/123747", "correlationVector":"PDGm663JH7Ua+1C58rDhpB","action":"Normal GetUpdate request", "result":"", "context":cV=PDGm663JH7Ua+1C58rDhpB
Nudged types: Sessions, Device Info, History
Refresh requested types: Bookmarks, Preferences, Passwords, Autofill Profiles, Autofill, Extensions, Sessions, Extension settings, History Delete Directives, Device Info, User Consents, Send Tab To Self, Web Apps, History, Saved Tab Group, Collection, Edge E Drop, Edge Hub App Usage, Edge Tab Group, Edge Wallet, Encryption Keys}
{"logTime": "0521/123747", "correlationVector":"PDGm663JH7Ua+1C58rDhpB.1","action":"SyncServerConnectionManagerRequest", "result":"SYNC_SERVER_OK", "context":{"environment":"Prod_southeastasia_prod-s01-064-apac-southeastasia", "migrationStage":"NotStarted", "server":"akswtt007000046"}}
{"logTime": "0521/123747", "correlationVector":"PDGm663JH7Ua+1C58rDhpB.2","action":"ProcessGetUpdates", "result":"Done", "context":{"dataType":"Sessions", "deleted":"1", "process_failed_to_decrypt":"0", "process_pending_decryption":"0", "process_success":"3", "total":"3"}}
{"logTime": "0521/123747", "correlationVector":"PDGm663JH7Ua+1C58rDhpB.3","action":"ProcessGetUpdates", "result":"Done", "context":{"dataType":"Device Info", "deleted":"0", "process_failed_to_decrypt":"0", "process_pending_decryption":"0", "process_success":"1", "total":"1"}}
{"logTime": "0521/123747", "correlationVector":"PDGm663JH7Ua+1C58rDhpB.4","action":"ProcessGetUpdates", "result":"Done", "context":{"dataType":"History", "deleted":"0", "process_failed_to_decrypt":"0", "process_pending_decryption":"0", "process_success":"3", "total":"3"}}
{"logTime": "0521/123747", "correlationVector":"PDGm663JH7Ua+1C58rDhpB.5","action":"GetUpdates Response", "result":"Success", "context":Received 7 update(s). cV=PDGm663JH7Ua+1C58rDhpB.0;server=akswtt007000046;cloudType=Multitenant;environment=Prod_southeastasia_prod-s01-064-apac-southeastasia;migrationStage=NotStarted}
{"logTime": "0521/123747", "correlationVector":"bQORUqk6dTPV5G/GD+k3fi","action":"Commit Request", "result":"", "context":Item count: 5
Contributing types: Sessions, Device Info, History}
{"logTime": "0521/123748", "correlationVector":"bQORUqk6dTPV5G/GD+k3fi.1","action":"SyncServerConnectionManagerRequest", "result":"SYNC_SERVER_OK", "context":{"environment":"Prod_southeastasia_prod-s01-064-apac-southeastasia", "migrationStage":"NotStarted", "server":"akswtt007000041"}}
{"logTime": "0521/123748", "correlationVector":"bQORUqk6dTPV5G/GD+k3fi.2","action":"Commit Response", "result":"Success", "context":Result: Success. cV=bQORUqk6dTPV5G/GD+k3fi.0;server=akswtt007000041;cloudType=Multitenant;environment=Prod_southeastasia_prod-s01-064-apac-southeastasia;migrationStage=NotStarted}
{"logTime": "0521/123748", "correlationVector":"bQORUqk6dTPV5G/GD+k3fi.3","action":"Commit.Sessions", "result":"Success", "context":{"id":"72f7b0fb-8410-4774-9d34-9185e7e4b738", "isDeleted":"true", "size":"0", "version":"1747808504360"}}
{"logTime": "0521/123748", "correlationVector":"tmrFOP3eFubomy+8wvTyY7","action":"Poll GetUpdate request", "result":"", "context":cV=tmrFOP3eFubomy+8wvTyY7}
{"logTime": "0521/123748", "correlationVector":"tmrFOP3eFubomy+8wvTyY7.1","action":"SyncServerConnectionManagerRequest", "result":"SYNC_SERVER_OK", "context":{"environment":"Prod_southeastasia_prod-s01-064-apac-southeastasia", "migrationStage":"NotStarted", "server":"akswtt007000035"}}
{"logTime": "0521/123748", "correlationVector":"tmrFOP3eFubomy+8wvTyY7.2","action":"ProcessGetUpdates", "result":"Done", "context":{"dataType":"Sessions", "deleted":"1", "process_failed_to_decrypt":"0", "process_pending_decryption":"0", "process_success":"3", "total":"3"}}
{"logTime": "0521/123748", "correlationVector":"tmrFOP3eFubomy+8wvTyY7.3","action":"ProcessGetUpdates", "result":"Done", "context":{"dataType":"Device Info", "deleted":"0", "process_failed_to_decrypt":"0", "process_pending_decryption":"0", "process_success":"1", "total":"1"}}
{"logTime": "0521/123748", "correlationVector":"tmrFOP3eFubomy+8wvTyY7.4","action":"ProcessGetUpdates", "result":"Done", "context":{"dataType":"History", "deleted":"0", "process_failed_to_decrypt":"0", "process_pending_decryption":"0", "process_success":"1", "total":"1"}}
{"logTime": "0521/123748", "correlationVector":"tmrFOP3eFubomy+8wvTyY7.5","action":"GetUpdates Response", "result":"Success", "context":Received 5 update(s). cV=tmrFOP3eFubomy+8wvTyY7.0;server=akswtt007000035;cloudType=Multitenant;environment=Prod_southeastasia_prod-s01-064-apac-southeastasia;migrationStage=NotStarted}
{"logTime": "0521/123849", "correlationVector":"EmUYkVfGYG1xpNrYIyrZSW","action":"Commit Request", "result":"", "context":Item count: 2
Contributing types: Sessions, History}
{"logTime": "0521/123849", "correlationVector":"EmUYkVfGYG1xpNrYIyrZSW.1","action":"SyncServerConnectionManagerRequest", "result":"SYNC_SERVER_OK", "context":{"environment":"Prod_southeastasia_prod-s01-064-apac-southeastasia", "migrationStage":"NotStarted", "server":"akswtt00700001c"}}
{"logTime": "0521/123849", "correlationVector":"EmUYkVfGYG1xpNrYIyrZSW.2","action":"Commit Response", "result":"Success", "context":Result: Success. cV=EmUYkVfGYG1xpNrYIyrZSW.0;server=akswtt00700001c;cloudType=Multitenant;environment=Prod_southeastasia_prod-s01-064-apac-southeastasia;migrationStage=NotStarted}
{"logTime": "0521/125057", "correlationVector":"exr7Moiux3kfXwA9w0YDD1.1","action":"SyncServerConnectionManagerRequest", "result":"SYNC_SERVER_OK", "context":{"environment":"Prod_southeastasia_prod-s01-065-apac-southeastasia", "migrationStage":"NotStarted", "server":"akswtt007000004"}}
{"logTime": "0521/125101", "correlationVector":"exr7Moiux3kfXwA9w0YDD1.2","action":"AAD.Mip.Unpack", "result":"Success", "context":MIP_CLOUD_COMMERCIAL:Success}
{"logTime": "0521/125101", "correlationVector":"exr7Moiux3kfXwA9w0YDD1.3","action":"EncryptionKeysManager::SetEncryptionKeys:", "result":"Success", "context":Key names[1]:[Hzcfl8u0Q1fAKPeZybT2iAiixzSLk5albuPJZtr0qUoQtPPFy1kcqjVMJXKQ+vSxp3mGD5BFRwtKisdaXPSh5w==]}
{"logTime": "0521/125101", "correlationVector":"exr7Moiux3kfXwA9w0YDD1.4","action":"AAD.GetKeyResponse", "result":"Success", "context":Keys=1.LastKeyStatus=Active. 2025-04-09 20:51:51 +07.State=None. Tags: Current_encryption_keys_tag = 77+977+9aO+/vXwVUu+/vTTvv70277+9Dirvv73vv73vv71E77+9fe+/vQpg77+9MG7vv70xZjjvv70t, Updated_current_encryption_keys_tag = Empty. Emails: ["fatihfaritshi@student.unp.ac.id"]}
{"logTime": "0521/125101", "correlationVector":"exr7Moiux3kfXwA9w0YDD1.5","action":"ProcessGetUpdates", "result":"Done", "context":{"dataType":"Encryption Keys", "deleted":"0", "process_failed_to_decrypt":"0", "process_pending_decryption":"0", "process_success":"1", "total":"1"}}
{"logTime": "0521/125101", "correlationVector":"exr7Moiux3kfXwA9w0YDD1","action":"Initial GetUpdates", "result":"", "context":Reason: NEW_CLIENT. cV=exr7Moiux3kfXwA9w0YDD1}
{"logTime": "0521/125101", "correlationVector":"exr7Moiux3kfXwA9w0YDD1.6","action":"GetUpdates Response", "result":"Success", "context":Received 1 update(s). cV=exr7Moiux3kfXwA9w0YDD1.0;server=akswtt007000004;cloudType=Multitenant;environment=Prod_southeastasia_prod-s01-065-apac-southeastasia;migrationStage=NotStarted}
{"logTime": "0521/125101", "correlationVector":"hNe6ufSDq7lMuoNLwVubTe","action":"Normal GetUpdate request", "result":"", "context":cV=hNe6ufSDq7lMuoNLwVubTe
Nudged types: Sessions, Device Info, History
Refresh requested types: Bookmarks, Preferences, Passwords, Autofill Profiles, Autofill, Extensions, Sessions, Extension settings, History Delete Directives, Device Info, User Consents, Send Tab To Self, Web Apps, History, Saved Tab Group, Collection, Edge E Drop, Edge Hub App Usage, Edge Tab Group, Edge Wallet, Encryption Keys}
{"logTime": "0521/125101", "correlationVector":"hNe6ufSDq7lMuoNLwVubTe.1","action":"SyncServerConnectionManagerRequest", "result":"SYNC_SERVER_OK", "context":{"environment":"Prod_southeastasia_prod-s01-064-apac-southeastasia", "migrationStage":"NotStarted", "server":"akswtt00700003j"}}
{"logTime": "0521/125101", "correlationVector":"hNe6ufSDq7lMuoNLwVubTe.2","action":"ProcessGetUpdates", "result":"Done", "context":{"dataType":"Sessions", "deleted":"0", "process_failed_to_decrypt":"0", "process_pending_decryption":"0", "process_success":"1", "total":"1"}}
{"logTime": "0521/125101", "correlationVector":"hNe6ufSDq7lMuoNLwVubTe.3","action":"ProcessGetUpdates", "result":"Done", "context":{"dataType":"History", "deleted":"0", "process_failed_to_decrypt":"0", "process_pending_decryption":"0", "process_success":"1", "total":"1"}}
{"logTime": "0521/125101", "correlationVector":"hNe6ufSDq7lMuoNLwVubTe.4","action":"GetUpdates Response", "result":"Success", "context":Received 2 update(s). cV=hNe6ufSDq7lMuoNLwVubTe.0;server=akswtt00700003j;cloudType=Multitenant;environment=Prod_southeastasia_prod-s01-064-apac-southeastasia;migrationStage=NotStarted}
{"logTime": "0521/125101", "correlationVector":"daDKDoZZWVn/gO3qPK0TiH","action":"Commit Request", "result":"", "context":Item count: 6
Contributing types: Sessions, Device Info, History}
{"logTime": "0521/125122", "correlationVector":"daDKDoZZWVn/gO3qPK0TiH.1","action":"SyncServerConnectionManagerRequest", "result":"SYNC_SERVER_OK", "context":{"environment":"Prod_southeastasia_prod-s01-064-apac-southeastasia", "migrationStage":"NotStarted", "server":"akswtt00700002l"}}
{"logTime": "0521/125122", "correlationVector":"daDKDoZZWVn/gO3qPK0TiH.2","action":"Commit Response", "result":"Success", "context":Result: Success. cV=daDKDoZZWVn/gO3qPK0TiH.0;server=akswtt00700002l;cloudType=Multitenant;environment=Prod_southeastasia_prod-s01-064-apac-southeastasia;migrationStage=NotStarted}
{"logTime": "0521/125122", "correlationVector":"O4x3tRKmDEGnBgKezN+2fq","action":"Commit Request", "result":"", "context":Item count: 2
Contributing types: Sessions, History}
{"logTime": "0521/125122", "correlationVector":"O4x3tRKmDEGnBgKezN+2fq.1","action":"SyncServerConnectionManagerRequest", "result":"SYNC_SERVER_OK", "context":{"environment":"Prod_southeastasia_prod-s01-065-apac-southeastasia", "migrationStage":"NotStarted", "server":"akswtt00700000s"}}
{"logTime": "0521/125122", "correlationVector":"O4x3tRKmDEGnBgKezN+2fq.2","action":"Commit Response", "result":"Success", "context":Result: Success. cV=O4x3tRKmDEGnBgKezN+2fq.0;server=akswtt00700000s;cloudType=Multitenant;environment=Prod_southeastasia_prod-s01-065-apac-southeastasia;migrationStage=NotStarted}
{"logTime": "0521/125414", "correlationVector":"xWnXglOWuIJieZzwiM/XI0","action":"Commit Request", "result":"", "context":Item count: 1
Contributing types: Sessions}
{"logTime": "0521/125435", "correlationVector":"xWnXglOWuIJieZzwiM/XI0.1","action":"SyncServerConnectionManagerRequest", "result":"SYNC_SERVER_OK", "context":{"environment":"Prod_southeastasia_prod-s01-064-apac-southeastasia", "migrationStage":"NotStarted", "server":"akswtt00700002r"}}
{"logTime": "0521/125435", "correlationVector":"xWnXglOWuIJieZzwiM/XI0.2","action":"Commit Response", "result":"Success", "context":Result: Success. cV=xWnXglOWuIJieZzwiM/XI0.0;server=akswtt00700002r;cloudType=Multitenant;environment=Prod_southeastasia_prod-s01-064-apac-southeastasia;migrationStage=NotStarted}
{"logTime": "0521/125435", "correlationVector":"xWnXglOWuIJieZzwiM/XI0.3","action":"Commit.Sessions", "result":"Success", "context":{"id":"79fa57e6-0288-4ec2-8b02-f46435fd5dad", "isDeleted":"true", "size":"0", "version":"1747831849036"}}
