2025-05-20 03:37:14.556: [INFO][Sync] Reset engine, reason: 8
2025-05-20 03:37:14.556: [INFO][Sync] Stopped: Bookmarks
2025-05-20 03:37:14.556: [INFO][Sync] Stopped: Preferences
2025-05-20 03:37:14.556: [INFO][Sync] Stopped: Passwords
2025-05-20 03:37:14.556: [INFO][Sync] Stopped: Autofill Profiles
2025-05-20 03:37:14.556: [INFO][Sync] Stopped: Autofill
2025-05-20 03:37:14.556: [INFO][Sync] Stopped: Extensions
2025-05-20 03:37:14.556: [INFO][Sync] Stopped: Sessions
2025-05-20 03:37:14.556: [INFO][Sync] Stopped: Extension settings
2025-05-20 03:37:14.556: [INFO][Sync] Stopped: History Delete Directives
2025-05-20 03:37:14.556: [INFO][Sync] Stopped: Device Info
2025-05-20 03:37:14.556: [INFO][Sync] Stopped: User Consents
2025-05-20 03:37:14.556: [INFO][Sync] Stopped: Send Tab To Self
2025-05-20 03:37:14.556: [INFO][Sync] Stopped: Web Apps
2025-05-20 03:37:14.556: [INFO][Sync] Stopped: History
2025-05-20 03:37:14.556: [INFO][Sync] Stopped: Saved Tab Group
2025-05-20 03:37:14.556: [INFO][Sync] Stopped: Collection
2025-05-20 03:37:14.556: [INFO][Sync] Stopped: Edge E Drop
2025-05-20 03:37:14.556: [INFO][Sync] Stopped: Edge Hub App Usage
2025-05-20 03:37:14.556: [INFO][Sync] Stopped: Edge Tab Group
2025-05-20 03:37:14.556: [INFO][Sync] Stopped: Edge Wallet
2025-05-20 03:37:14.556: [INFO][Sync] SyncState after authenticated was: NotSignedIn
2025-05-20 03:37:14.782: [INFO][Sync] Reset engine, reason: 8
2025-05-20 03:37:14.782: [INFO][Sync] Stopped: Bookmarks
2025-05-20 03:37:14.782: [INFO][Sync] Stopped: Preferences
2025-05-20 03:37:14.782: [INFO][Sync] Stopped: Passwords
2025-05-20 03:37:14.782: [INFO][Sync] Stopped: Autofill Profiles
2025-05-20 03:37:14.782: [INFO][Sync] Stopped: Autofill
2025-05-20 03:37:14.782: [INFO][Sync] Stopped: Extensions
2025-05-20 03:37:14.782: [INFO][Sync] Stopped: Sessions
2025-05-20 03:37:14.782: [INFO][Sync] Stopped: Extension settings
2025-05-20 03:37:14.782: [INFO][Sync] Stopped: History Delete Directives
2025-05-20 03:37:14.782: [INFO][Sync] Stopped: Device Info
2025-05-20 03:37:14.782: [INFO][Sync] Stopped: User Consents
2025-05-20 03:37:14.782: [INFO][Sync] Stopped: Send Tab To Self
2025-05-20 03:37:14.782: [INFO][Sync] Stopped: Web Apps
2025-05-20 03:37:14.782: [INFO][Sync] Stopped: History
2025-05-20 03:37:14.782: [INFO][Sync] Stopped: Saved Tab Group
2025-05-20 03:37:14.782: [INFO][Sync] Stopped: Collection
2025-05-20 03:37:14.782: [INFO][Sync] Stopped: Edge E Drop
2025-05-20 03:37:14.782: [INFO][Sync] Stopped: Edge Hub App Usage
2025-05-20 03:37:14.782: [INFO][Sync] Stopped: Edge Tab Group
2025-05-20 03:37:14.782: [INFO][Sync] Stopped: Edge Wallet
2025-05-20 03:37:18.485: [INFO][Sync] Try to start sync engine
2025-05-20 03:37:18.768: [INFO][SyncManagerImpl::NudgeForInitialDownload] Initial download nudge for Encryption Keys
2025-05-20 03:37:18.768: [INFO][SyncEngineBackend::LoadAndConnectNigoriController] Load and connect Nigori controller
2025-05-20 03:37:18.768: [INFO][SyncEngineBackend::DoInitialize] Control Types added: Encryption Keys
2025-05-20 03:37:18.769: [INFO][SyncManagerImpl::ConfigureSyncer] Types to download: Encryption Keys with reason: 3
2025-05-20 03:37:18.769: [INFO][SyncSchedulerImpl::DoConfigurationSyncCycleJob] Configure job was blocked
2025-05-20 03:37:21.024: [INFO][SyncAuthManager::SetLastAuthError] Current auth error: None
2025-05-20 03:37:21.024: [INFO][SyncAuthManager::EdgeLogTokenErrorState] Token error with: None for account type: AAD
2025-05-20 03:37:21.024: [INFO][Sync] Credentials changed for: EdgeSyncScopeNew
2025-05-20 03:37:22.924: [INFO][SyncAuthManager::SetLastAuthError] Current auth error: None
2025-05-20 03:37:22.924: [INFO][SyncAuthManager::EdgeLogTokenErrorState] Token error with: None for account type: AAD
2025-05-20 03:37:22.924: [INFO][Sync] Credentials changed for: EdgeSyncKeyDataScope
2025-05-20 03:37:22.924: [INFO][SyncEngineBackend::DoUpdateKeyDataCredentials] Update key data credentials
2025-05-20 03:37:22.924: [INFO][SyncEngineBackend::DoUpdateCredentials] Update credentials
2025-05-20 03:37:22.924: [INFO][SyncSchedulerImpl::DoConfigurationSyncCycleJob] Blocked types:  and types to download: Encryption Keys
2025-05-20 03:37:26.517: [INFO][Sync] Started DataTypeManager configuration, reason: 4
2025-05-20 03:37:26.517: [INFO][Sync] Configuring for: Bookmarks, Preferences, Passwords, Autofill Profiles, Autofill, Extensions, Sessions, Extension settings, History Delete Directives, Device Info, User Consents, Send Tab To Self, Web Apps, History, Saved Tab Group, Collection, Edge E Drop, Edge Hub App Usage, Edge Tab Group, Edge Wallet, Encryption Keys, reason: 3, current state: 0
2025-05-20 03:37:26.518: [INFO][Sync] Configure, desired: Bookmarks, Preferences, Passwords, Autofill Profiles, Autofill, Extensions, Sessions, Extension settings, History Delete Directives, Device Info, User Consents, Send Tab To Self, Web Apps, History, Saved Tab Group, Collection, Edge E Drop, Edge Hub App Usage, Edge Tab Group, Edge Wallet, Encryption Keys; Allow fail: 
2025-05-20 03:37:26.518: [INFO][Sync] Loading: Bookmarks
2025-05-20 03:37:26.518: [INFO][Sync] Loading: Preferences
2025-05-20 03:37:26.518: [INFO][Sync] Loading: Passwords
2025-05-20 03:37:26.518: [INFO][Sync] Loading: Autofill Profiles
2025-05-20 03:37:26.518: [INFO][Sync] Loading: Autofill
2025-05-20 03:37:26.518: [INFO][Sync] Loading: Extensions
2025-05-20 03:37:26.518: [INFO][Sync] Loading: Sessions
2025-05-20 03:37:26.518: [INFO][Sync] Loading: Extension settings
2025-05-20 03:37:26.518: [INFO][Sync] Loading: History Delete Directives
2025-05-20 03:37:26.518: [INFO][Sync] Loading: Device Info
2025-05-20 03:37:26.518: [INFO][Sync] Loading: User Consents
2025-05-20 03:37:26.518: [INFO][Sync] Loading: Send Tab To Self
2025-05-20 03:37:26.518: [INFO][Sync] Loading: Web Apps
2025-05-20 03:37:26.518: [INFO][Sync] Loading: History
2025-05-20 03:37:26.518: [INFO][Sync] Loading: Saved Tab Group
2025-05-20 03:37:26.518: [INFO][Sync] Loading: Collection
2025-05-20 03:37:26.518: [INFO][Sync] Loading: Edge E Drop
2025-05-20 03:37:26.518: [INFO][Sync] Loading: Edge Hub App Usage
2025-05-20 03:37:26.518: [INFO][Sync] Loading: Edge Tab Group
2025-05-20 03:37:26.518: [INFO][Sync] Loading: Edge Wallet
2025-05-20 03:37:26.523: [INFO][SyncEngineBackend::DoStartConfiguration] Start configuration
2025-05-20 03:37:26.526: [INFO][Sync] All data types are ready for configure.
2025-05-20 03:37:26.526: [INFO][SyncManagerImpl::NudgeForInitialDownload] Initial download nudge for Bookmarks
2025-05-20 03:37:26.526: [INFO][SyncManagerImpl::NudgeForInitialDownload] Initial download nudge for Preferences
2025-05-20 03:37:26.526: [INFO][SyncManagerImpl::NudgeForInitialDownload] Initial download nudge for Passwords
2025-05-20 03:37:26.526: [INFO][SyncManagerImpl::NudgeForInitialDownload] Initial download nudge for Autofill Profiles
2025-05-20 03:37:26.526: [INFO][SyncManagerImpl::NudgeForInitialDownload] Initial download nudge for Autofill
2025-05-20 03:37:26.526: [INFO][SyncManagerImpl::NudgeForInitialDownload] Initial download nudge for Extensions
2025-05-20 03:37:26.526: [INFO][SyncManagerImpl::NudgeForInitialDownload] Initial download nudge for Sessions
2025-05-20 03:37:26.526: [INFO][SyncManagerImpl::NudgeForInitialDownload] Initial download nudge for Extension settings
2025-05-20 03:37:26.526: [INFO][SyncManagerImpl::NudgeForInitialDownload] Initial download nudge for History Delete Directives
2025-05-20 03:37:26.526: [INFO][SyncManagerImpl::NudgeForInitialDownload] Initial download nudge for Device Info
2025-05-20 03:37:26.526: [INFO][SyncManagerImpl::NudgeForInitialDownload] Initial download nudge for Send Tab To Self
2025-05-20 03:37:26.526: [INFO][SyncManagerImpl::NudgeForInitialDownload] Initial download nudge for Web Apps
2025-05-20 03:37:26.526: [INFO][SyncManagerImpl::NudgeForInitialDownload] Initial download nudge for History
2025-05-20 03:37:26.526: [INFO][SyncManagerImpl::NudgeForInitialDownload] Initial download nudge for Saved Tab Group
2025-05-20 03:37:26.526: [INFO][SyncManagerImpl::NudgeForInitialDownload] Initial download nudge for Collection
2025-05-20 03:37:26.526: [INFO][SyncManagerImpl::NudgeForInitialDownload] Initial download nudge for Edge E Drop
2025-05-20 03:37:26.527: [INFO][SyncManagerImpl::NudgeForInitialDownload] Initial download nudge for Edge Hub App Usage
2025-05-20 03:37:26.527: [INFO][SyncManagerImpl::NudgeForInitialDownload] Initial download nudge for Edge Tab Group
2025-05-20 03:37:26.527: [INFO][SyncManagerImpl::NudgeForInitialDownload] Initial download nudge for Edge Wallet
2025-05-20 03:37:26.527: [INFO][SyncManagerImpl::ConfigureSyncer] Types to download:  with reason: 3
2025-05-20 03:37:26.527: [INFO][SyncEngineBackend::DoFinishConfigureDataTypes] Failed to download types:  and succeeded types: 
2025-05-20 03:37:26.528: [INFO][Sync] ConfigurationDone, failed: , succeeded: , remaining count: 4
2025-05-20 03:37:26.528: [INFO][Sync] Prepare to configure types: Preferences, Passwords, Device Info, Send Tab To Self, Edge E Drop, Encryption Keys
2025-05-20 03:37:26.528: [INFO][SyncManagerImpl::ConfigureSyncer] Types to download: Preferences, Passwords, Device Info, Send Tab To Self, Edge E Drop, Encryption Keys with reason: 3
2025-05-20 03:37:26.528: [INFO][SyncSchedulerImpl::DoConfigurationSyncCycleJob] Blocked types:  and types to download: Preferences, Passwords, Device Info, Send Tab To Self, Edge E Drop, Encryption Keys
2025-05-20 03:37:26.732: [INFO][SyncEngineBackend::DoFinishConfigureDataTypes] Failed to download types:  and succeeded types: Preferences, Passwords, Device Info, Send Tab To Self, Edge E Drop, Encryption Keys
2025-05-20 03:37:26.734: [INFO][Sync] ConfigurationDone, failed: , succeeded: Preferences, Passwords, Device Info, Send Tab To Self, Edge E Drop, Encryption Keys, remaining count: 3
2025-05-20 03:37:26.734: [INFO][Sync] Prepare to configure types: Bookmarks, Encryption Keys
2025-05-20 03:37:26.734: [INFO][SyncManagerImpl::ConfigureSyncer] Types to download: Bookmarks, Encryption Keys with reason: 3
2025-05-20 03:37:26.734: [INFO][SyncSchedulerImpl::DoConfigurationSyncCycleJob] Blocked types:  and types to download: Bookmarks, Encryption Keys
2025-05-20 03:37:26.969: [INFO][SyncEngineBackend::DoFinishConfigureDataTypes] Failed to download types:  and succeeded types: Bookmarks, Encryption Keys
2025-05-20 03:37:26.971: [INFO][Sync] ConfigurationDone, failed: , succeeded: Bookmarks, Encryption Keys, remaining count: 2
2025-05-20 03:37:26.971: [INFO][Sync] Prepare to configure types: Autofill Profiles, Autofill, Extensions, Sessions, Extension settings, History Delete Directives, Web Apps, Saved Tab Group, Collection, Edge Hub App Usage, Edge Tab Group, Edge Wallet, Encryption Keys
2025-05-20 03:37:26.971: [INFO][SyncManagerImpl::ConfigureSyncer] Types to download: Autofill Profiles, Autofill, Extensions, Sessions, Extension settings, History Delete Directives, Web Apps, Saved Tab Group, Collection, Edge Hub App Usage, Edge Tab Group, Edge Wallet, Encryption Keys with reason: 3
2025-05-20 03:37:26.971: [INFO][SyncSchedulerImpl::DoConfigurationSyncCycleJob] Blocked types:  and types to download: Autofill Profiles, Autofill, Extensions, Sessions, Extension settings, History Delete Directives, Web Apps, Saved Tab Group, Collection, Edge Hub App Usage, Edge Tab Group, Edge Wallet, Encryption Keys
2025-05-20 03:37:27.160: [INFO][SyncEngineBackend::DoFinishConfigureDataTypes] Failed to download types:  and succeeded types: Autofill Profiles, Autofill, Extensions, Sessions, Extension settings, History Delete Directives, Web Apps, Saved Tab Group, Collection, Edge Hub App Usage, Edge Tab Group, Edge Wallet, Encryption Keys
2025-05-20 03:37:27.162: [INFO][Sync] ConfigurationDone, failed: , succeeded: Autofill Profiles, Autofill, Extensions, Sessions, Extension settings, History Delete Directives, Web Apps, Saved Tab Group, Collection, Edge Hub App Usage, Edge Tab Group, Edge Wallet, Encryption Keys, remaining count: 1
2025-05-20 03:37:27.164: [INFO][Sync] Prepare to configure types: History, Encryption Keys
2025-05-20 03:37:27.164: [INFO][SyncManagerImpl::ConfigureSyncer] Types to download: History, Encryption Keys with reason: 3
2025-05-20 03:37:27.164: [INFO][SyncSchedulerImpl::DoConfigurationSyncCycleJob] Blocked types:  and types to download: History, Encryption Keys
2025-05-20 03:37:27.351: [INFO][SyncEngineBackend::DoFinishConfigureDataTypes] Failed to download types:  and succeeded types: History, Encryption Keys
2025-05-20 03:37:27.352: [INFO][Sync] ConfigurationDone, failed: , succeeded: History, Encryption Keys, remaining count: 0
2025-05-20 03:37:27.354: [INFO][Sync]     Configuration completed, state: 3
2025-05-20 03:37:27.354: [INFO][Sync] Configured DataTypeManager: Ok
2025-05-20 03:37:27.356: [INFO][SyncEngineBackend::DoStartSyncing] Start syncing
2025-05-20 03:43:46.371: [INFO][Sync] Reset engine, reason: 0
2025-05-20 03:43:46.371: [INFO][Sync] Reset engine with reason: 0
2025-05-20 03:49:48.147: [INFO][Sync] SyncState after authenticated was: FeatureCanStart
2025-05-20 03:49:48.538: [INFO][Sync] Try to start sync engine
2025-05-20 03:49:48.546: [INFO][SyncManagerImpl::NudgeForInitialDownload] Initial download nudge for Encryption Keys
2025-05-20 03:49:48.546: [INFO][SyncEngineBackend::LoadAndConnectNigoriController] Load and connect Nigori controller
2025-05-20 03:49:48.546: [INFO][SyncEngineBackend::DoInitialize] Control Types added: Encryption Keys
2025-05-20 03:49:48.546: [INFO][SyncManagerImpl::ConfigureSyncer] Types to download: Encryption Keys with reason: 3
2025-05-20 03:49:48.546: [INFO][SyncSchedulerImpl::DoConfigurationSyncCycleJob] Configure job was blocked
2025-05-20 03:49:48.576: [INFO][SyncAuthManager::SetLastAuthError] Current auth error: None
2025-05-20 03:49:48.576: [INFO][SyncAuthManager::EdgeLogTokenErrorState] Token error with: None for account type: AAD
2025-05-20 03:49:48.576: [INFO][Sync] Credentials changed for: EdgeSyncKeyDataScope
2025-05-20 03:49:48.576: [INFO][SyncEngineBackend::DoUpdateKeyDataCredentials] Update key data credentials
2025-05-20 03:49:48.617: [INFO][SyncAuthManager::SetLastAuthError] Current auth error: None
2025-05-20 03:49:48.617: [INFO][SyncAuthManager::EdgeLogTokenErrorState] Token error with: None for account type: AAD
2025-05-20 03:49:48.617: [INFO][Sync] Credentials changed for: EdgeSyncScopeNew
2025-05-20 03:49:48.617: [INFO][SyncEngineBackend::DoUpdateCredentials] Update credentials
2025-05-20 03:49:48.618: [INFO][SyncSchedulerImpl::DoConfigurationSyncCycleJob] Blocked types:  and types to download: Encryption Keys
2025-05-20 03:49:55.935: [INFO][SyncEngineBackend::DoUpdateKeyDataCredentials] Update key data credentials
2025-05-20 03:49:55.936: [INFO][Sync] Started DataTypeManager configuration, reason: 4
2025-05-20 03:49:55.936: [INFO][Sync] Configuring for: Bookmarks, Preferences, Passwords, Autofill Profiles, Autofill, Extensions, Sessions, Extension settings, History Delete Directives, Device Info, User Consents, Send Tab To Self, Web Apps, History, Saved Tab Group, Collection, Edge E Drop, Edge Hub App Usage, Edge Tab Group, Edge Wallet, Encryption Keys, reason: 4, current state: 0
2025-05-20 03:49:55.936: [INFO][SyncEngineBackend::DoStartConfiguration] Start configuration
2025-05-20 03:49:55.937: [INFO][Sync] Configure, desired: Bookmarks, Preferences, Passwords, Autofill Profiles, Autofill, Extensions, Sessions, Extension settings, History Delete Directives, Device Info, User Consents, Send Tab To Self, Web Apps, History, Saved Tab Group, Collection, Edge E Drop, Edge Hub App Usage, Edge Tab Group, Edge Wallet, Encryption Keys; Allow fail: 
2025-05-20 03:49:55.937: [INFO][Sync] Loading: Bookmarks
2025-05-20 03:49:55.937: [INFO][Sync] Loading: Preferences
2025-05-20 03:49:55.937: [INFO][Sync] Loading: Passwords
2025-05-20 03:49:55.937: [INFO][Sync] Loading: Autofill Profiles
2025-05-20 03:49:55.937: [INFO][Sync] Loading: Autofill
2025-05-20 03:49:55.937: [INFO][Sync] Loading: Extensions
2025-05-20 03:49:55.937: [INFO][Sync] Loading: Sessions
2025-05-20 03:49:55.937: [INFO][Sync] Loading: Extension settings
2025-05-20 03:49:55.937: [INFO][Sync] Loading: History Delete Directives
2025-05-20 03:49:55.938: [INFO][Sync] Loading: Device Info
2025-05-20 03:49:55.938: [INFO][Sync] Loading: User Consents
2025-05-20 03:49:55.938: [INFO][Sync] Loading: Send Tab To Self
2025-05-20 03:49:55.938: [INFO][Sync] Loading: Web Apps
2025-05-20 03:49:55.938: [INFO][Sync] Loading: History
2025-05-20 03:49:55.938: [INFO][Sync] Loading: Saved Tab Group
2025-05-20 03:49:55.938: [INFO][Sync] Loading: Collection
2025-05-20 03:49:55.938: [INFO][Sync] Loading: Edge E Drop
2025-05-20 03:49:55.938: [INFO][Sync] Loading: Edge Hub App Usage
2025-05-20 03:49:55.938: [INFO][Sync] Loading: Edge Tab Group
2025-05-20 03:49:55.938: [INFO][Sync] Loading: Edge Wallet
2025-05-20 03:49:55.942: [INFO][Sync] All data types are ready for configure.
2025-05-20 03:49:55.943: [INFO][SyncManagerImpl::ConfigureSyncer] Types to download:  with reason: 4
2025-05-20 03:49:55.943: [INFO][SyncEngineBackend::DoFinishConfigureDataTypes] Failed to download types:  and succeeded types: 
2025-05-20 03:49:55.943: [INFO][Sync] ConfigurationDone, failed: , succeeded: , remaining count: 4
2025-05-20 03:49:55.944: [INFO][SyncManagerImpl::ConfigureSyncer] Types to download:  with reason: 4
2025-05-20 03:49:55.944: [INFO][SyncEngineBackend::DoFinishConfigureDataTypes] Failed to download types:  and succeeded types: 
2025-05-20 03:49:55.944: [INFO][Sync] ConfigurationDone, failed: , succeeded: , remaining count: 3
2025-05-20 03:49:55.944: [INFO][SyncManagerImpl::ConfigureSyncer] Types to download:  with reason: 4
2025-05-20 03:49:55.944: [INFO][SyncEngineBackend::DoFinishConfigureDataTypes] Failed to download types:  and succeeded types: 
2025-05-20 03:49:55.944: [INFO][Sync] ConfigurationDone, failed: , succeeded: , remaining count: 2
2025-05-20 03:49:55.944: [INFO][SyncManagerImpl::ConfigureSyncer] Types to download:  with reason: 4
2025-05-20 03:49:55.944: [INFO][SyncEngineBackend::DoFinishConfigureDataTypes] Failed to download types:  and succeeded types: 
2025-05-20 03:49:55.944: [INFO][Sync] ConfigurationDone, failed: , succeeded: , remaining count: 1
2025-05-20 03:49:55.945: [INFO][SyncManagerImpl::ConfigureSyncer] Types to download:  with reason: 4
2025-05-20 03:49:55.945: [INFO][SyncEngineBackend::DoFinishConfigureDataTypes] Failed to download types:  and succeeded types: 
2025-05-20 03:49:55.945: [INFO][Sync] ConfigurationDone, failed: , succeeded: , remaining count: 0
2025-05-20 03:49:55.946: [INFO][Sync]     Configuration completed, state: 3
2025-05-20 03:49:55.946: [INFO][Sync] Configured DataTypeManager: Ok
2025-05-20 03:49:55.947: [INFO][SyncEngineBackend::DoStartSyncing] Start syncing
2025-05-20 04:08:50.550: [INFO][Sync] Reset engine, reason: 0
2025-05-20 04:08:50.550: [INFO][Sync] Reset engine with reason: 0
2025-05-20 04:09:13.540: [INFO][Sync] SyncState after authenticated was: FeatureCanStart
2025-05-20 04:09:13.888: [INFO][SyncAuthManager::SetLastAuthError] Current auth error: None
2025-05-20 04:09:13.888: [INFO][SyncAuthManager::EdgeLogTokenErrorState] Token error with: None for account type: AAD
2025-05-20 04:09:13.888: [INFO][Sync] Credentials changed for: EdgeSyncKeyDataScope
2025-05-20 04:09:13.888: [INFO][Sync] Try to start sync engine
2025-05-20 04:09:13.894: [INFO][SyncManagerImpl::NudgeForInitialDownload] Initial download nudge for Encryption Keys
2025-05-20 04:09:13.894: [INFO][SyncEngineBackend::LoadAndConnectNigoriController] Load and connect Nigori controller
2025-05-20 04:09:13.894: [INFO][SyncEngineBackend::DoInitialize] Control Types added: Encryption Keys
2025-05-20 04:09:13.894: [INFO][SyncManagerImpl::ConfigureSyncer] Types to download: Encryption Keys with reason: 3
2025-05-20 04:09:13.894: [INFO][SyncEngineBackend::DoUpdateKeyDataCredentials] Update key data credentials
2025-05-20 04:09:13.895: [INFO][SyncSchedulerImpl::DoConfigurationSyncCycleJob] Configure job was blocked
2025-05-20 04:09:13.930: [INFO][SyncAuthManager::SetLastAuthError] Current auth error: None
2025-05-20 04:09:13.930: [INFO][SyncAuthManager::EdgeLogTokenErrorState] Token error with: None for account type: AAD
2025-05-20 04:09:13.930: [INFO][Sync] Credentials changed for: EdgeSyncScopeNew
2025-05-20 04:09:13.930: [INFO][SyncEngineBackend::DoUpdateCredentials] Update credentials
2025-05-20 04:09:13.930: [INFO][SyncEngineBackend::DoUpdateKeyDataCredentials] Update key data credentials
2025-05-20 04:09:13.930: [INFO][SyncSchedulerImpl::DoConfigurationSyncCycleJob] Blocked types:  and types to download: Encryption Keys
2025-05-20 04:09:17.533: [INFO][Sync] Started DataTypeManager configuration, reason: 4
2025-05-20 04:09:17.533: [INFO][Sync] Configuring for: Bookmarks, Preferences, Passwords, Autofill Profiles, Autofill, Extensions, Sessions, Extension settings, History Delete Directives, Device Info, User Consents, Send Tab To Self, Web Apps, History, Saved Tab Group, Collection, Edge E Drop, Edge Hub App Usage, Edge Tab Group, Edge Wallet, Encryption Keys, reason: 4, current state: 0
2025-05-20 04:09:17.533: [INFO][SyncEngineBackend::DoStartConfiguration] Start configuration
2025-05-20 04:09:17.534: [INFO][Sync] Configure, desired: Bookmarks, Preferences, Passwords, Autofill Profiles, Autofill, Extensions, Sessions, Extension settings, History Delete Directives, Device Info, User Consents, Send Tab To Self, Web Apps, History, Saved Tab Group, Collection, Edge E Drop, Edge Hub App Usage, Edge Tab Group, Edge Wallet, Encryption Keys; Allow fail: 
2025-05-20 04:09:17.534: [INFO][Sync] Loading: Bookmarks
2025-05-20 04:09:17.534: [INFO][Sync] Loading: Preferences
2025-05-20 04:09:17.534: [INFO][Sync] Loading: Passwords
2025-05-20 04:09:17.534: [INFO][Sync] Loading: Autofill Profiles
2025-05-20 04:09:17.534: [INFO][Sync] Loading: Autofill
2025-05-20 04:09:17.534: [INFO][Sync] Loading: Extensions
2025-05-20 04:09:17.534: [INFO][Sync] Loading: Sessions
2025-05-20 04:09:17.534: [INFO][Sync] Loading: Extension settings
2025-05-20 04:09:17.534: [INFO][Sync] Loading: History Delete Directives
2025-05-20 04:09:17.534: [INFO][Sync] Loading: Device Info
2025-05-20 04:09:17.534: [INFO][Sync] Loading: User Consents
2025-05-20 04:09:17.534: [INFO][Sync] Loading: Send Tab To Self
2025-05-20 04:09:17.535: [INFO][Sync] Loading: Web Apps
2025-05-20 04:09:17.535: [INFO][Sync] Loading: History
2025-05-20 04:09:17.535: [INFO][Sync] Loading: Saved Tab Group
2025-05-20 04:09:17.535: [INFO][Sync] Loading: Collection
2025-05-20 04:09:17.535: [INFO][Sync] Loading: Edge E Drop
2025-05-20 04:09:17.535: [INFO][Sync] Loading: Edge Hub App Usage
2025-05-20 04:09:17.535: [INFO][Sync] Loading: Edge Tab Group
2025-05-20 04:09:17.535: [INFO][Sync] Loading: Edge Wallet
2025-05-20 04:09:17.540: [INFO][Sync] All data types are ready for configure.
2025-05-20 04:09:17.541: [INFO][SyncManagerImpl::ConfigureSyncer] Types to download:  with reason: 4
2025-05-20 04:09:17.541: [INFO][SyncEngineBackend::DoFinishConfigureDataTypes] Failed to download types:  and succeeded types: 
2025-05-20 04:09:17.541: [INFO][Sync] ConfigurationDone, failed: , succeeded: , remaining count: 4
2025-05-20 04:09:17.541: [INFO][SyncManagerImpl::ConfigureSyncer] Types to download:  with reason: 4
2025-05-20 04:09:17.541: [INFO][SyncEngineBackend::DoFinishConfigureDataTypes] Failed to download types:  and succeeded types: 
2025-05-20 04:09:17.541: [INFO][Sync] ConfigurationDone, failed: , succeeded: , remaining count: 3
2025-05-20 04:09:17.541: [INFO][SyncManagerImpl::ConfigureSyncer] Types to download:  with reason: 4
2025-05-20 04:09:17.541: [INFO][SyncEngineBackend::DoFinishConfigureDataTypes] Failed to download types:  and succeeded types: 
2025-05-20 04:09:17.541: [INFO][Sync] ConfigurationDone, failed: , succeeded: , remaining count: 2
2025-05-20 04:09:17.541: [INFO][SyncManagerImpl::ConfigureSyncer] Types to download:  with reason: 4
2025-05-20 04:09:17.541: [INFO][SyncEngineBackend::DoFinishConfigureDataTypes] Failed to download types:  and succeeded types: 
2025-05-20 04:09:17.541: [INFO][Sync] ConfigurationDone, failed: , succeeded: , remaining count: 1
2025-05-20 04:09:17.542: [INFO][SyncManagerImpl::ConfigureSyncer] Types to download:  with reason: 4
2025-05-20 04:09:17.542: [INFO][SyncEngineBackend::DoFinishConfigureDataTypes] Failed to download types:  and succeeded types: 
2025-05-20 04:09:17.542: [INFO][Sync] ConfigurationDone, failed: , succeeded: , remaining count: 0
2025-05-20 04:09:17.544: [INFO][Sync]     Configuration completed, state: 3
2025-05-20 04:09:17.544: [INFO][Sync] Configured DataTypeManager: Ok
2025-05-20 04:09:17.545: [INFO][SyncEngineBackend::DoStartSyncing] Start syncing
2025-05-20 04:11:26.131: [INFO][Sync] Reset engine, reason: 0
2025-05-20 04:11:26.131: [INFO][Sync] Reset engine with reason: 0
2025-05-20 04:11:49.144: [INFO][Sync] SyncState after authenticated was: FeatureCanStart
2025-05-20 04:11:49.440: [INFO][SyncAuthManager::SetLastAuthError] Current auth error: None
2025-05-20 04:11:49.440: [INFO][SyncAuthManager::EdgeLogTokenErrorState] Token error with: None for account type: AAD
2025-05-20 04:11:49.440: [INFO][Sync] Credentials changed for: EdgeSyncKeyDataScope
2025-05-20 04:11:49.440: [INFO][Sync] Try to start sync engine
2025-05-20 04:11:49.441: [INFO][SyncManagerImpl::NudgeForInitialDownload] Initial download nudge for Encryption Keys
2025-05-20 04:11:49.441: [INFO][SyncEngineBackend::LoadAndConnectNigoriController] Load and connect Nigori controller
2025-05-20 04:11:49.441: [INFO][SyncEngineBackend::DoInitialize] Control Types added: Encryption Keys
2025-05-20 04:11:49.441: [INFO][SyncManagerImpl::ConfigureSyncer] Types to download: Encryption Keys with reason: 3
2025-05-20 04:11:49.441: [INFO][SyncEngineBackend::DoUpdateKeyDataCredentials] Update key data credentials
2025-05-20 04:11:49.441: [INFO][SyncSchedulerImpl::DoConfigurationSyncCycleJob] Configure job was blocked
2025-05-20 04:11:49.497: [INFO][SyncAuthManager::SetLastAuthError] Current auth error: None
2025-05-20 04:11:49.497: [INFO][SyncAuthManager::EdgeLogTokenErrorState] Token error with: None for account type: AAD
2025-05-20 04:11:49.497: [INFO][Sync] Credentials changed for: EdgeSyncScopeNew
2025-05-20 04:11:49.497: [INFO][SyncEngineBackend::DoUpdateCredentials] Update credentials
2025-05-20 04:11:49.497: [INFO][SyncSchedulerImpl::DoConfigurationSyncCycleJob] Blocked types:  and types to download: Encryption Keys
2025-05-20 04:11:52.679: [INFO][SyncEngineBackend::DoUpdateKeyDataCredentials] Update key data credentials
2025-05-20 04:11:52.682: [INFO][Sync] Started DataTypeManager configuration, reason: 4
2025-05-20 04:11:52.682: [INFO][Sync] Configuring for: Bookmarks, Preferences, Passwords, Autofill Profiles, Autofill, Extensions, Sessions, Extension settings, History Delete Directives, Device Info, User Consents, Send Tab To Self, Web Apps, History, Saved Tab Group, Collection, Edge E Drop, Edge Hub App Usage, Edge Tab Group, Edge Wallet, Encryption Keys, reason: 4, current state: 0
2025-05-20 04:11:52.682: [INFO][SyncEngineBackend::DoStartConfiguration] Start configuration
2025-05-20 04:11:52.683: [INFO][Sync] Configure, desired: Bookmarks, Preferences, Passwords, Autofill Profiles, Autofill, Extensions, Sessions, Extension settings, History Delete Directives, Device Info, User Consents, Send Tab To Self, Web Apps, History, Saved Tab Group, Collection, Edge E Drop, Edge Hub App Usage, Edge Tab Group, Edge Wallet, Encryption Keys; Allow fail: 
2025-05-20 04:11:52.683: [INFO][Sync] Loading: Bookmarks
2025-05-20 04:11:52.683: [INFO][Sync] Loading: Preferences
2025-05-20 04:11:52.683: [INFO][Sync] Loading: Passwords
2025-05-20 04:11:52.683: [INFO][Sync] Loading: Autofill Profiles
2025-05-20 04:11:52.683: [INFO][Sync] Loading: Autofill
2025-05-20 04:11:52.683: [INFO][Sync] Loading: Extensions
2025-05-20 04:11:52.683: [INFO][Sync] Loading: Sessions
2025-05-20 04:11:52.683: [INFO][Sync] Loading: Extension settings
2025-05-20 04:11:52.683: [INFO][Sync] Loading: History Delete Directives
2025-05-20 04:11:52.683: [INFO][Sync] Loading: Device Info
2025-05-20 04:11:52.683: [INFO][Sync] Loading: User Consents
2025-05-20 04:11:52.683: [INFO][Sync] Loading: Send Tab To Self
2025-05-20 04:11:52.683: [INFO][Sync] Loading: Web Apps
2025-05-20 04:11:52.683: [INFO][Sync] Loading: History
2025-05-20 04:11:52.683: [INFO][Sync] Loading: Saved Tab Group
2025-05-20 04:11:52.683: [INFO][Sync] Loading: Collection
2025-05-20 04:11:52.684: [INFO][Sync] Loading: Edge E Drop
2025-05-20 04:11:52.684: [INFO][Sync] Loading: Edge Hub App Usage
2025-05-20 04:11:52.684: [INFO][Sync] Loading: Edge Tab Group
2025-05-20 04:11:52.684: [INFO][Sync] Loading: Edge Wallet
2025-05-20 04:11:52.689: [INFO][Sync] All data types are ready for configure.
2025-05-20 04:11:52.690: [INFO][SyncManagerImpl::ConfigureSyncer] Types to download:  with reason: 4
2025-05-20 04:11:52.690: [INFO][SyncEngineBackend::DoFinishConfigureDataTypes] Failed to download types:  and succeeded types: 
2025-05-20 04:11:52.690: [INFO][Sync] ConfigurationDone, failed: , succeeded: , remaining count: 4
2025-05-20 04:11:52.690: [INFO][SyncManagerImpl::ConfigureSyncer] Types to download:  with reason: 4
2025-05-20 04:11:52.690: [INFO][SyncEngineBackend::DoFinishConfigureDataTypes] Failed to download types:  and succeeded types: 
2025-05-20 04:11:52.690: [INFO][Sync] ConfigurationDone, failed: , succeeded: , remaining count: 3
2025-05-20 04:11:52.690: [INFO][SyncManagerImpl::ConfigureSyncer] Types to download:  with reason: 4
2025-05-20 04:11:52.690: [INFO][SyncEngineBackend::DoFinishConfigureDataTypes] Failed to download types:  and succeeded types: 
2025-05-20 04:11:52.690: [INFO][Sync] ConfigurationDone, failed: , succeeded: , remaining count: 2
2025-05-20 04:11:52.690: [INFO][SyncManagerImpl::ConfigureSyncer] Types to download:  with reason: 4
2025-05-20 04:11:52.690: [INFO][SyncEngineBackend::DoFinishConfigureDataTypes] Failed to download types:  and succeeded types: 
2025-05-20 04:11:52.690: [INFO][Sync] ConfigurationDone, failed: , succeeded: , remaining count: 1
2025-05-20 04:11:52.691: [INFO][SyncManagerImpl::ConfigureSyncer] Types to download:  with reason: 4
2025-05-20 04:11:52.691: [INFO][SyncEngineBackend::DoFinishConfigureDataTypes] Failed to download types:  and succeeded types: 
2025-05-20 04:11:52.691: [INFO][Sync] ConfigurationDone, failed: , succeeded: , remaining count: 0
2025-05-20 04:11:52.692: [INFO][Sync]     Configuration completed, state: 3
2025-05-20 04:11:52.693: [INFO][Sync] Configured DataTypeManager: Ok
2025-05-20 04:11:52.694: [INFO][SyncEngineBackend::DoStartSyncing] Start syncing
2025-05-20 04:22:09.289: [INFO][Sync] Reset engine, reason: 0
2025-05-20 04:22:09.289: [INFO][Sync] Reset engine with reason: 0
2025-05-20 04:22:46.671: [INFO][Sync] SyncState after authenticated was: FeatureCanStart
2025-05-20 04:22:47.041: [INFO][SyncAuthManager::SetLastAuthError] Current auth error: None
2025-05-20 04:22:47.041: [INFO][SyncAuthManager::EdgeLogTokenErrorState] Token error with: None for account type: AAD
2025-05-20 04:22:47.041: [INFO][Sync] Credentials changed for: EdgeSyncKeyDataScope
2025-05-20 04:22:47.041: [INFO][Sync] Try to start sync engine
2025-05-20 04:22:47.046: [INFO][SyncManagerImpl::NudgeForInitialDownload] Initial download nudge for Encryption Keys
2025-05-20 04:22:47.046: [INFO][SyncEngineBackend::LoadAndConnectNigoriController] Load and connect Nigori controller
2025-05-20 04:22:47.046: [INFO][SyncEngineBackend::DoInitialize] Control Types added: Encryption Keys
2025-05-20 04:22:47.046: [INFO][SyncManagerImpl::ConfigureSyncer] Types to download: Encryption Keys with reason: 3
2025-05-20 04:22:47.046: [INFO][SyncEngineBackend::DoUpdateKeyDataCredentials] Update key data credentials
2025-05-20 04:22:47.046: [INFO][SyncSchedulerImpl::DoConfigurationSyncCycleJob] Configure job was blocked
2025-05-20 04:22:47.109: [INFO][SyncAuthManager::SetLastAuthError] Current auth error: None
2025-05-20 04:22:47.109: [INFO][SyncAuthManager::EdgeLogTokenErrorState] Token error with: None for account type: AAD
2025-05-20 04:22:47.109: [INFO][Sync] Credentials changed for: EdgeSyncScopeNew
2025-05-20 04:22:47.109: [INFO][SyncEngineBackend::DoUpdateCredentials] Update credentials
2025-05-20 04:22:47.109: [INFO][SyncSchedulerImpl::DoConfigurationSyncCycleJob] Blocked types:  and types to download: Encryption Keys
2025-05-20 04:22:55.114: [INFO][SyncEngineBackend::DoUpdateKeyDataCredentials] Update key data credentials
2025-05-20 04:22:55.116: [INFO][Sync] Started DataTypeManager configuration, reason: 4
2025-05-20 04:22:55.116: [INFO][Sync] Configuring for: Bookmarks, Preferences, Passwords, Autofill Profiles, Autofill, Extensions, Sessions, Extension settings, History Delete Directives, Device Info, User Consents, Send Tab To Self, Web Apps, History, Saved Tab Group, Collection, Edge E Drop, Edge Hub App Usage, Edge Tab Group, Edge Wallet, Encryption Keys, reason: 4, current state: 0
2025-05-20 04:22:55.117: [INFO][SyncEngineBackend::DoStartConfiguration] Start configuration
2025-05-20 04:22:55.118: [INFO][Sync] Configure, desired: Bookmarks, Preferences, Passwords, Autofill Profiles, Autofill, Extensions, Sessions, Extension settings, History Delete Directives, Device Info, User Consents, Send Tab To Self, Web Apps, History, Saved Tab Group, Collection, Edge E Drop, Edge Hub App Usage, Edge Tab Group, Edge Wallet, Encryption Keys; Allow fail: 
2025-05-20 04:22:55.118: [INFO][Sync] Loading: Bookmarks
2025-05-20 04:22:55.118: [INFO][Sync] Loading: Preferences
2025-05-20 04:22:55.118: [INFO][Sync] Loading: Passwords
2025-05-20 04:22:55.118: [INFO][Sync] Loading: Autofill Profiles
2025-05-20 04:22:55.118: [INFO][Sync] Loading: Autofill
2025-05-20 04:22:55.118: [INFO][Sync] Loading: Extensions
2025-05-20 04:22:55.118: [INFO][Sync] Loading: Sessions
2025-05-20 04:22:55.118: [INFO][Sync] Loading: Extension settings
2025-05-20 04:22:55.118: [INFO][Sync] Loading: History Delete Directives
2025-05-20 04:22:55.118: [INFO][Sync] Loading: Device Info
2025-05-20 04:22:55.118: [INFO][Sync] Loading: User Consents
2025-05-20 04:22:55.118: [INFO][Sync] Loading: Send Tab To Self
2025-05-20 04:22:55.118: [INFO][Sync] Loading: Web Apps
2025-05-20 04:22:55.118: [INFO][Sync] Loading: History
2025-05-20 04:22:55.118: [INFO][Sync] Loading: Saved Tab Group
2025-05-20 04:22:55.118: [INFO][Sync] Loading: Collection
2025-05-20 04:22:55.118: [INFO][Sync] Loading: Edge E Drop
2025-05-20 04:22:55.118: [INFO][Sync] Loading: Edge Hub App Usage
2025-05-20 04:22:55.118: [INFO][Sync] Loading: Edge Tab Group
2025-05-20 04:22:55.118: [INFO][Sync] Loading: Edge Wallet
2025-05-20 04:22:55.123: [INFO][Sync] All data types are ready for configure.
2025-05-20 04:22:55.125: [INFO][SyncManagerImpl::ConfigureSyncer] Types to download:  with reason: 4
2025-05-20 04:22:55.125: [INFO][SyncEngineBackend::DoFinishConfigureDataTypes] Failed to download types:  and succeeded types: 
2025-05-20 04:22:55.125: [INFO][Sync] ConfigurationDone, failed: , succeeded: , remaining count: 4
2025-05-20 04:22:55.125: [INFO][SyncManagerImpl::ConfigureSyncer] Types to download:  with reason: 4
2025-05-20 04:22:55.125: [INFO][SyncEngineBackend::DoFinishConfigureDataTypes] Failed to download types:  and succeeded types: 
2025-05-20 04:22:55.125: [INFO][Sync] ConfigurationDone, failed: , succeeded: , remaining count: 3
2025-05-20 04:22:55.125: [INFO][SyncManagerImpl::ConfigureSyncer] Types to download:  with reason: 4
2025-05-20 04:22:55.125: [INFO][SyncEngineBackend::DoFinishConfigureDataTypes] Failed to download types:  and succeeded types: 
2025-05-20 04:22:55.125: [INFO][Sync] ConfigurationDone, failed: , succeeded: , remaining count: 2
2025-05-20 04:22:55.125: [INFO][SyncManagerImpl::ConfigureSyncer] Types to download:  with reason: 4
2025-05-20 04:22:55.125: [INFO][SyncEngineBackend::DoFinishConfigureDataTypes] Failed to download types:  and succeeded types: 
2025-05-20 04:22:55.125: [INFO][Sync] ConfigurationDone, failed: , succeeded: , remaining count: 1
2025-05-20 04:22:55.126: [INFO][SyncManagerImpl::ConfigureSyncer] Types to download:  with reason: 4
2025-05-20 04:22:55.126: [INFO][SyncEngineBackend::DoFinishConfigureDataTypes] Failed to download types:  and succeeded types: 
2025-05-20 04:22:55.126: [INFO][Sync] ConfigurationDone, failed: , succeeded: , remaining count: 0
2025-05-20 04:22:55.128: [INFO][Sync]     Configuration completed, state: 3
2025-05-20 04:22:55.128: [INFO][Sync] Configured DataTypeManager: Ok
2025-05-20 04:22:55.130: [INFO][SyncEngineBackend::DoStartSyncing] Start syncing
2025-05-20 04:38:24.601: [INFO][Sync] Reset engine, reason: 0
2025-05-20 04:38:24.601: [INFO][Sync] Reset engine with reason: 0
2025-05-20 04:38:50.503: [INFO][Sync] SyncState after authenticated was: FeatureCanStart
2025-05-20 04:38:50.887: [INFO][Sync] Try to start sync engine
2025-05-20 04:38:50.893: [INFO][SyncAuthManager::SetLastAuthError] Current auth error: None
2025-05-20 04:38:50.893: [INFO][SyncAuthManager::EdgeLogTokenErrorState] Token error with: None for account type: AAD
2025-05-20 04:38:50.893: [INFO][Sync] Credentials changed for: EdgeSyncKeyDataScope
2025-05-20 04:38:50.894: [INFO][SyncManagerImpl::NudgeForInitialDownload] Initial download nudge for Encryption Keys
2025-05-20 04:38:50.895: [INFO][SyncEngineBackend::LoadAndConnectNigoriController] Load and connect Nigori controller
2025-05-20 04:38:50.895: [INFO][SyncEngineBackend::DoInitialize] Control Types added: Encryption Keys
2025-05-20 04:38:50.895: [INFO][SyncManagerImpl::ConfigureSyncer] Types to download: Encryption Keys with reason: 3
2025-05-20 04:38:50.895: [INFO][SyncEngineBackend::DoUpdateKeyDataCredentials] Update key data credentials
2025-05-20 04:38:50.895: [INFO][SyncSchedulerImpl::DoConfigurationSyncCycleJob] Configure job was blocked
2025-05-20 04:38:50.940: [INFO][SyncAuthManager::SetLastAuthError] Current auth error: None
2025-05-20 04:38:50.940: [INFO][SyncAuthManager::EdgeLogTokenErrorState] Token error with: None for account type: AAD
2025-05-20 04:38:50.940: [INFO][Sync] Credentials changed for: EdgeSyncScopeNew
2025-05-20 04:38:50.940: [INFO][SyncEngineBackend::DoUpdateCredentials] Update credentials
2025-05-20 04:38:50.940: [INFO][SyncSchedulerImpl::DoConfigurationSyncCycleJob] Blocked types:  and types to download: Encryption Keys
2025-05-20 04:38:54.144: [INFO][SyncEngineBackend::DoUpdateKeyDataCredentials] Update key data credentials
2025-05-20 04:38:54.147: [INFO][Sync] Started DataTypeManager configuration, reason: 4
2025-05-20 04:38:54.147: [INFO][Sync] Configuring for: Bookmarks, Preferences, Passwords, Autofill Profiles, Autofill, Extensions, Sessions, Extension settings, History Delete Directives, Device Info, User Consents, Send Tab To Self, Web Apps, History, Saved Tab Group, Collection, Edge E Drop, Edge Hub App Usage, Edge Tab Group, Edge Wallet, Encryption Keys, reason: 4, current state: 0
2025-05-20 04:38:54.147: [INFO][SyncEngineBackend::DoStartConfiguration] Start configuration
2025-05-20 04:38:54.149: [INFO][Sync] Configure, desired: Bookmarks, Preferences, Passwords, Autofill Profiles, Autofill, Extensions, Sessions, Extension settings, History Delete Directives, Device Info, User Consents, Send Tab To Self, Web Apps, History, Saved Tab Group, Collection, Edge E Drop, Edge Hub App Usage, Edge Tab Group, Edge Wallet, Encryption Keys; Allow fail: 
2025-05-20 04:38:54.149: [INFO][Sync] Loading: Bookmarks
2025-05-20 04:38:54.149: [INFO][Sync] Loading: Preferences
2025-05-20 04:38:54.149: [INFO][Sync] Loading: Passwords
2025-05-20 04:38:54.149: [INFO][Sync] Loading: Autofill Profiles
2025-05-20 04:38:54.149: [INFO][Sync] Loading: Autofill
2025-05-20 04:38:54.149: [INFO][Sync] Loading: Extensions
2025-05-20 04:38:54.149: [INFO][Sync] Loading: Sessions
2025-05-20 04:38:54.149: [INFO][Sync] Loading: Extension settings
2025-05-20 04:38:54.149: [INFO][Sync] Loading: History Delete Directives
2025-05-20 04:38:54.149: [INFO][Sync] Loading: Device Info
2025-05-20 04:38:54.149: [INFO][Sync] Loading: User Consents
2025-05-20 04:38:54.149: [INFO][Sync] Loading: Send Tab To Self
2025-05-20 04:38:54.149: [INFO][Sync] Loading: Web Apps
2025-05-20 04:38:54.150: [INFO][Sync] Loading: History
2025-05-20 04:38:54.150: [INFO][Sync] Loading: Saved Tab Group
2025-05-20 04:38:54.150: [INFO][Sync] Loading: Collection
2025-05-20 04:38:54.150: [INFO][Sync] Loading: Edge E Drop
2025-05-20 04:38:54.150: [INFO][Sync] Loading: Edge Hub App Usage
2025-05-20 04:38:54.150: [INFO][Sync] Loading: Edge Tab Group
2025-05-20 04:38:54.150: [INFO][Sync] Loading: Edge Wallet
2025-05-20 04:38:54.156: [INFO][Sync] All data types are ready for configure.
2025-05-20 04:38:54.157: [INFO][SyncManagerImpl::ConfigureSyncer] Types to download:  with reason: 4
2025-05-20 04:38:54.157: [INFO][SyncEngineBackend::DoFinishConfigureDataTypes] Failed to download types:  and succeeded types: 
2025-05-20 04:38:54.157: [INFO][Sync] ConfigurationDone, failed: , succeeded: , remaining count: 4
2025-05-20 04:38:54.157: [INFO][SyncManagerImpl::ConfigureSyncer] Types to download:  with reason: 4
2025-05-20 04:38:54.157: [INFO][SyncEngineBackend::DoFinishConfigureDataTypes] Failed to download types:  and succeeded types: 
2025-05-20 04:38:54.157: [INFO][Sync] ConfigurationDone, failed: , succeeded: , remaining count: 3
2025-05-20 04:38:54.158: [INFO][SyncManagerImpl::ConfigureSyncer] Types to download:  with reason: 4
2025-05-20 04:38:54.158: [INFO][SyncEngineBackend::DoFinishConfigureDataTypes] Failed to download types:  and succeeded types: 
2025-05-20 04:38:54.158: [INFO][Sync] ConfigurationDone, failed: , succeeded: , remaining count: 2
2025-05-20 04:38:54.158: [INFO][SyncManagerImpl::ConfigureSyncer] Types to download:  with reason: 4
2025-05-20 04:38:54.158: [INFO][SyncEngineBackend::DoFinishConfigureDataTypes] Failed to download types:  and succeeded types: 
2025-05-20 04:38:54.158: [INFO][Sync] ConfigurationDone, failed: , succeeded: , remaining count: 1
2025-05-20 04:38:54.159: [INFO][SyncManagerImpl::ConfigureSyncer] Types to download:  with reason: 4
2025-05-20 04:38:54.159: [INFO][SyncEngineBackend::DoFinishConfigureDataTypes] Failed to download types:  and succeeded types: 
2025-05-20 04:38:54.159: [INFO][Sync] ConfigurationDone, failed: , succeeded: , remaining count: 0
2025-05-20 04:38:54.160: [INFO][Sync]     Configuration completed, state: 3
2025-05-20 04:38:54.160: [INFO][Sync] Configured DataTypeManager: Ok
2025-05-20 04:38:54.162: [INFO][SyncEngineBackend::DoStartSyncing] Start syncing
2025-05-20 04:54:38.098: [INFO][Sync] Reset engine, reason: 0
2025-05-20 04:54:38.098: [INFO][Sync] Reset engine with reason: 0
2025-05-20 04:55:02.296: [INFO][Sync] SyncState after authenticated was: FeatureCanStart
2025-05-20 04:55:02.659: [INFO][Sync] Try to start sync engine
2025-05-20 04:55:02.666: [INFO][SyncManagerImpl::NudgeForInitialDownload] Initial download nudge for Encryption Keys
2025-05-20 04:55:02.666: [INFO][SyncEngineBackend::LoadAndConnectNigoriController] Load and connect Nigori controller
2025-05-20 04:55:02.666: [INFO][SyncEngineBackend::DoInitialize] Control Types added: Encryption Keys
2025-05-20 04:55:02.666: [INFO][SyncManagerImpl::ConfigureSyncer] Types to download: Encryption Keys with reason: 3
2025-05-20 04:55:02.666: [INFO][SyncSchedulerImpl::DoConfigurationSyncCycleJob] Configure job was blocked
2025-05-20 04:55:02.734: [INFO][SyncAuthManager::SetLastAuthError] Current auth error: None
2025-05-20 04:55:02.734: [INFO][SyncAuthManager::EdgeLogTokenErrorState] Token error with: None for account type: AAD
2025-05-20 04:55:02.734: [INFO][Sync] Credentials changed for: EdgeSyncScopeNew
2025-05-20 04:55:04.540: [INFO][SyncAuthManager::SetLastAuthError] Current auth error: None
2025-05-20 04:55:04.540: [INFO][SyncAuthManager::EdgeLogTokenErrorState] Token error with: None for account type: AAD
2025-05-20 04:55:04.540: [INFO][Sync] Credentials changed for: EdgeSyncKeyDataScope
2025-05-20 04:55:04.540: [INFO][SyncEngineBackend::DoUpdateKeyDataCredentials] Update key data credentials
2025-05-20 04:55:04.540: [INFO][SyncEngineBackend::DoUpdateCredentials] Update credentials
2025-05-20 04:55:04.540: [INFO][SyncSchedulerImpl::DoConfigurationSyncCycleJob] Blocked types:  and types to download: Encryption Keys
2025-05-20 04:55:05.989: [INFO][Sync] Started DataTypeManager configuration, reason: 4
2025-05-20 04:55:05.989: [INFO][Sync] Configuring for: Bookmarks, Preferences, Passwords, Autofill Profiles, Autofill, Extensions, Sessions, Extension settings, History Delete Directives, Device Info, User Consents, Send Tab To Self, Web Apps, History, Saved Tab Group, Collection, Edge E Drop, Edge Hub App Usage, Edge Tab Group, Edge Wallet, Encryption Keys, reason: 4, current state: 0
2025-05-20 04:55:05.989: [INFO][SyncEngineBackend::DoStartConfiguration] Start configuration
2025-05-20 04:55:05.991: [INFO][Sync] Configure, desired: Bookmarks, Preferences, Passwords, Autofill Profiles, Autofill, Extensions, Sessions, Extension settings, History Delete Directives, Device Info, User Consents, Send Tab To Self, Web Apps, History, Saved Tab Group, Collection, Edge E Drop, Edge Hub App Usage, Edge Tab Group, Edge Wallet, Encryption Keys; Allow fail: 
2025-05-20 04:55:05.991: [INFO][Sync] Loading: Bookmarks
2025-05-20 04:55:05.991: [INFO][Sync] Loading: Preferences
2025-05-20 04:55:05.991: [INFO][Sync] Loading: Passwords
2025-05-20 04:55:05.991: [INFO][Sync] Loading: Autofill Profiles
2025-05-20 04:55:05.991: [INFO][Sync] Loading: Autofill
2025-05-20 04:55:05.991: [INFO][Sync] Loading: Extensions
2025-05-20 04:55:05.991: [INFO][Sync] Loading: Sessions
2025-05-20 04:55:05.991: [INFO][Sync] Loading: Extension settings
2025-05-20 04:55:05.991: [INFO][Sync] Loading: History Delete Directives
2025-05-20 04:55:05.991: [INFO][Sync] Loading: Device Info
2025-05-20 04:55:05.991: [INFO][Sync] Loading: User Consents
2025-05-20 04:55:05.991: [INFO][Sync] Loading: Send Tab To Self
2025-05-20 04:55:05.991: [INFO][Sync] Loading: Web Apps
2025-05-20 04:55:05.991: [INFO][Sync] Loading: History
2025-05-20 04:55:05.991: [INFO][Sync] Loading: Saved Tab Group
2025-05-20 04:55:05.991: [INFO][Sync] Loading: Collection
2025-05-20 04:55:05.991: [INFO][Sync] Loading: Edge E Drop
2025-05-20 04:55:05.991: [INFO][Sync] Loading: Edge Hub App Usage
2025-05-20 04:55:05.991: [INFO][Sync] Loading: Edge Tab Group
2025-05-20 04:55:05.991: [INFO][Sync] Loading: Edge Wallet
2025-05-20 04:55:05.996: [INFO][Sync] All data types are ready for configure.
2025-05-20 04:55:05.996: [INFO][SyncManagerImpl::ConfigureSyncer] Types to download:  with reason: 4
2025-05-20 04:55:05.996: [INFO][SyncEngineBackend::DoFinishConfigureDataTypes] Failed to download types:  and succeeded types: 
2025-05-20 04:55:05.996: [INFO][Sync] ConfigurationDone, failed: , succeeded: , remaining count: 4
2025-05-20 04:55:05.997: [INFO][SyncManagerImpl::ConfigureSyncer] Types to download:  with reason: 4
2025-05-20 04:55:05.997: [INFO][SyncEngineBackend::DoFinishConfigureDataTypes] Failed to download types:  and succeeded types: 
2025-05-20 04:55:05.997: [INFO][Sync] ConfigurationDone, failed: , succeeded: , remaining count: 3
2025-05-20 04:55:05.997: [INFO][SyncManagerImpl::ConfigureSyncer] Types to download:  with reason: 4
2025-05-20 04:55:05.997: [INFO][SyncEngineBackend::DoFinishConfigureDataTypes] Failed to download types:  and succeeded types: 
2025-05-20 04:55:05.997: [INFO][Sync] ConfigurationDone, failed: , succeeded: , remaining count: 2
2025-05-20 04:55:05.997: [INFO][SyncManagerImpl::ConfigureSyncer] Types to download:  with reason: 4
2025-05-20 04:55:05.997: [INFO][SyncEngineBackend::DoFinishConfigureDataTypes] Failed to download types:  and succeeded types: 
2025-05-20 04:55:05.997: [INFO][Sync] ConfigurationDone, failed: , succeeded: , remaining count: 1
2025-05-20 04:55:05.999: [INFO][SyncManagerImpl::ConfigureSyncer] Types to download:  with reason: 4
2025-05-20 04:55:05.999: [INFO][SyncEngineBackend::DoFinishConfigureDataTypes] Failed to download types:  and succeeded types: 
2025-05-20 04:55:05.999: [INFO][Sync] ConfigurationDone, failed: , succeeded: , remaining count: 0
2025-05-20 04:55:06.000: [INFO][Sync]     Configuration completed, state: 3
2025-05-20 04:55:06.000: [INFO][Sync] Configured DataTypeManager: Ok
2025-05-20 04:55:06.001: [INFO][SyncEngineBackend::DoStartSyncing] Start syncing
2025-05-20 07:05:01.094: [INFO][Sync] SyncState after authenticated was: FeatureCanStart
2025-05-20 07:05:01.491: [INFO][Sync] Try to start sync engine
2025-05-20 07:05:01.496: [INFO][SyncManagerImpl::NudgeForInitialDownload] Initial download nudge for Encryption Keys
2025-05-20 07:05:01.496: [INFO][SyncEngineBackend::LoadAndConnectNigoriController] Load and connect Nigori controller
2025-05-20 07:05:01.496: [INFO][SyncEngineBackend::DoInitialize] Control Types added: Encryption Keys
2025-05-20 07:05:01.496: [INFO][SyncManagerImpl::ConfigureSyncer] Types to download: Encryption Keys with reason: 3
2025-05-20 07:05:01.496: [INFO][SyncSchedulerImpl::DoConfigurationSyncCycleJob] Configure job was blocked
2025-05-20 07:05:02.758: [INFO][SyncAuthManager::SetLastAuthError] Current auth error: None
2025-05-20 07:05:02.758: [INFO][SyncAuthManager::EdgeLogTokenErrorState] Token error with: None for account type: AAD
2025-05-20 07:05:02.758: [INFO][Sync] Credentials changed for: EdgeSyncKeyDataScope
2025-05-20 07:05:02.758: [INFO][SyncEngineBackend::DoUpdateKeyDataCredentials] Update key data credentials
2025-05-20 07:05:02.900: [INFO][SyncAuthManager::SetLastAuthError] Current auth error: None
2025-05-20 07:05:02.900: [INFO][SyncAuthManager::EdgeLogTokenErrorState] Token error with: None for account type: AAD
2025-05-20 07:05:02.900: [INFO][Sync] Credentials changed for: EdgeSyncScopeNew
2025-05-20 07:05:02.900: [INFO][SyncEngineBackend::DoUpdateCredentials] Update credentials
2025-05-20 07:05:02.900: [INFO][SyncSchedulerImpl::DoConfigurationSyncCycleJob] Blocked types:  and types to download: Encryption Keys
2025-05-20 07:05:17.624: [INFO][SyncEngineBackend::DoUpdateKeyDataCredentials] Update key data credentials
2025-05-20 07:05:17.626: [INFO][Sync] Started DataTypeManager configuration, reason: 4
2025-05-20 07:05:17.626: [INFO][Sync] Configuring for: Bookmarks, Preferences, Passwords, Autofill Profiles, Autofill, Extensions, Sessions, Extension settings, History Delete Directives, Device Info, User Consents, Send Tab To Self, Web Apps, History, Saved Tab Group, Collection, Edge E Drop, Edge Hub App Usage, Edge Tab Group, Edge Wallet, Encryption Keys, reason: 4, current state: 0
2025-05-20 07:05:17.626: [INFO][SyncEngineBackend::DoStartConfiguration] Start configuration
2025-05-20 07:05:17.627: [INFO][Sync] Configure, desired: Bookmarks, Preferences, Passwords, Autofill Profiles, Autofill, Extensions, Sessions, Extension settings, History Delete Directives, Device Info, User Consents, Send Tab To Self, Web Apps, History, Saved Tab Group, Collection, Edge E Drop, Edge Hub App Usage, Edge Tab Group, Edge Wallet, Encryption Keys; Allow fail: 
2025-05-20 07:05:17.627: [INFO][Sync] Loading: Bookmarks
2025-05-20 07:05:17.627: [INFO][Sync] Loading: Preferences
2025-05-20 07:05:17.627: [INFO][Sync] Loading: Passwords
2025-05-20 07:05:17.627: [INFO][Sync] Loading: Autofill Profiles
2025-05-20 07:05:17.627: [INFO][Sync] Loading: Autofill
2025-05-20 07:05:17.627: [INFO][Sync] Loading: Extensions
2025-05-20 07:05:17.627: [INFO][Sync] Loading: Sessions
2025-05-20 07:05:17.627: [INFO][Sync] Loading: Extension settings
2025-05-20 07:05:17.627: [INFO][Sync] Loading: History Delete Directives
2025-05-20 07:05:17.627: [INFO][Sync] Loading: Device Info
2025-05-20 07:05:17.627: [INFO][Sync] Loading: User Consents
2025-05-20 07:05:17.627: [INFO][Sync] Loading: Send Tab To Self
2025-05-20 07:05:17.627: [INFO][Sync] Loading: Web Apps
2025-05-20 07:05:17.627: [INFO][Sync] Loading: History
2025-05-20 07:05:17.627: [INFO][Sync] Loading: Saved Tab Group
2025-05-20 07:05:17.627: [INFO][Sync] Loading: Collection
2025-05-20 07:05:17.627: [INFO][Sync] Loading: Edge E Drop
2025-05-20 07:05:17.627: [INFO][Sync] Loading: Edge Hub App Usage
2025-05-20 07:05:17.627: [INFO][Sync] Loading: Edge Tab Group
2025-05-20 07:05:17.627: [INFO][Sync] Loading: Edge Wallet
2025-05-20 07:05:17.628: [INFO][Sync] All data types are ready for configure.
2025-05-20 07:05:17.629: [INFO][SyncManagerImpl::ConfigureSyncer] Types to download:  with reason: 4
2025-05-20 07:05:17.629: [INFO][SyncEngineBackend::DoFinishConfigureDataTypes] Failed to download types:  and succeeded types: 
2025-05-20 07:05:17.629: [INFO][Sync] ConfigurationDone, failed: , succeeded: , remaining count: 4
2025-05-20 07:05:17.629: [INFO][SyncManagerImpl::ConfigureSyncer] Types to download:  with reason: 4
2025-05-20 07:05:17.629: [INFO][SyncEngineBackend::DoFinishConfigureDataTypes] Failed to download types:  and succeeded types: 
2025-05-20 07:05:17.629: [INFO][Sync] ConfigurationDone, failed: , succeeded: , remaining count: 3
2025-05-20 07:05:17.629: [INFO][SyncManagerImpl::ConfigureSyncer] Types to download:  with reason: 4
2025-05-20 07:05:17.629: [INFO][SyncEngineBackend::DoFinishConfigureDataTypes] Failed to download types:  and succeeded types: 
2025-05-20 07:05:17.629: [INFO][Sync] ConfigurationDone, failed: , succeeded: , remaining count: 2
2025-05-20 07:05:17.629: [INFO][SyncManagerImpl::ConfigureSyncer] Types to download:  with reason: 4
2025-05-20 07:05:17.629: [INFO][SyncEngineBackend::DoFinishConfigureDataTypes] Failed to download types:  and succeeded types: 
2025-05-20 07:05:17.629: [INFO][Sync] ConfigurationDone, failed: , succeeded: , remaining count: 1
2025-05-20 07:05:17.631: [INFO][SyncManagerImpl::ConfigureSyncer] Types to download:  with reason: 4
2025-05-20 07:05:17.632: [INFO][SyncEngineBackend::DoFinishConfigureDataTypes] Failed to download types:  and succeeded types: 
2025-05-20 07:05:17.633: [INFO][Sync] ConfigurationDone, failed: , succeeded: , remaining count: 0
2025-05-20 07:05:17.634: [INFO][Sync]     Configuration completed, state: 3
2025-05-20 07:05:17.634: [INFO][Sync] Configured DataTypeManager: Ok
2025-05-20 07:05:17.635: [INFO][SyncEngineBackend::DoStartSyncing] Start syncing
2025-05-20 07:21:11.110: [INFO][Sync] Reset engine, reason: 0
2025-05-20 07:21:11.110: [INFO][Sync] Reset engine with reason: 0
2025-05-20 07:21:37.407: [INFO][Sync] SyncState after authenticated was: FeatureCanStart
2025-05-20 07:21:37.716: [INFO][SyncAuthManager::SetLastAuthError] Current auth error: None
2025-05-20 07:21:37.716: [INFO][SyncAuthManager::EdgeLogTokenErrorState] Token error with: None for account type: AAD
2025-05-20 07:21:37.716: [INFO][Sync] Credentials changed for: EdgeSyncKeyDataScope
2025-05-20 07:21:37.716: [INFO][Sync] Try to start sync engine
2025-05-20 07:21:37.730: [INFO][SyncManagerImpl::NudgeForInitialDownload] Initial download nudge for Encryption Keys
2025-05-20 07:21:37.730: [INFO][SyncEngineBackend::LoadAndConnectNigoriController] Load and connect Nigori controller
2025-05-20 07:21:37.730: [INFO][SyncEngineBackend::DoInitialize] Control Types added: Encryption Keys
2025-05-20 07:21:37.730: [INFO][SyncManagerImpl::ConfigureSyncer] Types to download: Encryption Keys with reason: 3
2025-05-20 07:21:37.730: [INFO][SyncEngineBackend::DoUpdateKeyDataCredentials] Update key data credentials
2025-05-20 07:21:37.730: [INFO][SyncSchedulerImpl::DoConfigurationSyncCycleJob] Configure job was blocked
2025-05-20 07:21:37.744: [INFO][SyncAuthManager::SetLastAuthError] Current auth error: None
2025-05-20 07:21:37.744: [INFO][SyncAuthManager::EdgeLogTokenErrorState] Token error with: None for account type: AAD
2025-05-20 07:21:37.744: [INFO][Sync] Credentials changed for: EdgeSyncScopeNew
2025-05-20 07:21:37.744: [INFO][SyncEngineBackend::DoUpdateCredentials] Update credentials
2025-05-20 07:21:37.744: [INFO][SyncSchedulerImpl::DoConfigurationSyncCycleJob] Blocked types:  and types to download: Encryption Keys
2025-05-20 07:21:39.242: [INFO][SyncEngineBackend::DoUpdateKeyDataCredentials] Update key data credentials
2025-05-20 07:21:39.244: [INFO][Sync] Started DataTypeManager configuration, reason: 4
2025-05-20 07:21:39.244: [INFO][Sync] Configuring for: Bookmarks, Preferences, Passwords, Autofill Profiles, Autofill, Extensions, Sessions, Extension settings, History Delete Directives, Device Info, User Consents, Send Tab To Self, Web Apps, History, Saved Tab Group, Collection, Edge E Drop, Edge Hub App Usage, Edge Tab Group, Edge Wallet, Encryption Keys, reason: 4, current state: 0
2025-05-20 07:21:39.244: [INFO][SyncEngineBackend::DoStartConfiguration] Start configuration
2025-05-20 07:21:39.245: [INFO][Sync] Configure, desired: Bookmarks, Preferences, Passwords, Autofill Profiles, Autofill, Extensions, Sessions, Extension settings, History Delete Directives, Device Info, User Consents, Send Tab To Self, Web Apps, History, Saved Tab Group, Collection, Edge E Drop, Edge Hub App Usage, Edge Tab Group, Edge Wallet, Encryption Keys; Allow fail: 
2025-05-20 07:21:39.245: [INFO][Sync] Loading: Bookmarks
2025-05-20 07:21:39.245: [INFO][Sync] Loading: Preferences
2025-05-20 07:21:39.245: [INFO][Sync] Loading: Passwords
2025-05-20 07:21:39.245: [INFO][Sync] Loading: Autofill Profiles
2025-05-20 07:21:39.245: [INFO][Sync] Loading: Autofill
2025-05-20 07:21:39.245: [INFO][Sync] Loading: Extensions
2025-05-20 07:21:39.245: [INFO][Sync] Loading: Sessions
2025-05-20 07:21:39.245: [INFO][Sync] Loading: Extension settings
2025-05-20 07:21:39.245: [INFO][Sync] Loading: History Delete Directives
2025-05-20 07:21:39.245: [INFO][Sync] Loading: Device Info
2025-05-20 07:21:39.245: [INFO][Sync] Loading: User Consents
2025-05-20 07:21:39.245: [INFO][Sync] Loading: Send Tab To Self
2025-05-20 07:21:39.245: [INFO][Sync] Loading: Web Apps
2025-05-20 07:21:39.245: [INFO][Sync] Loading: History
2025-05-20 07:21:39.245: [INFO][Sync] Loading: Saved Tab Group
2025-05-20 07:21:39.245: [INFO][Sync] Loading: Collection
2025-05-20 07:21:39.245: [INFO][Sync] Loading: Edge E Drop
2025-05-20 07:21:39.245: [INFO][Sync] Loading: Edge Hub App Usage
2025-05-20 07:21:39.245: [INFO][Sync] Loading: Edge Tab Group
2025-05-20 07:21:39.245: [INFO][Sync] Loading: Edge Wallet
2025-05-20 07:21:39.247: [INFO][Sync] All data types are ready for configure.
2025-05-20 07:21:39.247: [INFO][SyncManagerImpl::ConfigureSyncer] Types to download:  with reason: 4
2025-05-20 07:21:39.248: [INFO][SyncEngineBackend::DoFinishConfigureDataTypes] Failed to download types:  and succeeded types: 
2025-05-20 07:21:39.248: [INFO][Sync] ConfigurationDone, failed: , succeeded: , remaining count: 4
2025-05-20 07:21:39.248: [INFO][SyncManagerImpl::ConfigureSyncer] Types to download:  with reason: 4
2025-05-20 07:21:39.248: [INFO][SyncEngineBackend::DoFinishConfigureDataTypes] Failed to download types:  and succeeded types: 
2025-05-20 07:21:39.248: [INFO][Sync] ConfigurationDone, failed: , succeeded: , remaining count: 3
2025-05-20 07:21:39.248: [INFO][SyncManagerImpl::ConfigureSyncer] Types to download:  with reason: 4
2025-05-20 07:21:39.248: [INFO][SyncEngineBackend::DoFinishConfigureDataTypes] Failed to download types:  and succeeded types: 
2025-05-20 07:21:39.248: [INFO][Sync] ConfigurationDone, failed: , succeeded: , remaining count: 2
2025-05-20 07:21:39.248: [INFO][SyncManagerImpl::ConfigureSyncer] Types to download:  with reason: 4
2025-05-20 07:21:39.248: [INFO][SyncEngineBackend::DoFinishConfigureDataTypes] Failed to download types:  and succeeded types: 
2025-05-20 07:21:39.248: [INFO][Sync] ConfigurationDone, failed: , succeeded: , remaining count: 1
2025-05-20 07:21:39.250: [INFO][SyncManagerImpl::ConfigureSyncer] Types to download:  with reason: 4
2025-05-20 07:21:39.250: [INFO][SyncEngineBackend::DoFinishConfigureDataTypes] Failed to download types:  and succeeded types: 
2025-05-20 07:21:39.250: [INFO][Sync] ConfigurationDone, failed: , succeeded: , remaining count: 0
2025-05-20 07:21:39.251: [INFO][Sync]     Configuration completed, state: 3
2025-05-20 07:21:39.251: [INFO][Sync] Configured DataTypeManager: Ok
2025-05-20 07:21:39.252: [INFO][SyncEngineBackend::DoStartSyncing] Start syncing
2025-05-20 08:25:08.724: [INFO][SyncSchedulerImpl::OnSyncNetworkError] Syncer error: HTTP error (401)
2025-05-20 08:25:08.724: [INFO][Sync] Connection status changed to: 2
2025-05-20 08:25:08.724: [INFO][Commit::ReportFullCommitFailure] Commit Sessions failed with error: AuthError
2025-05-20 08:25:08.725: [INFO][SyncSchedulerImpl::DoNudgeSyncCycleJob] Syncer error: HTTP error (401)
2025-05-20 08:25:08.727: [WARN][Sync] NetworkError: HTTP error (401)
2025-05-20 08:25:08.759: [INFO][SyncAuthManager::SetLastAuthError] Current auth error: None
2025-05-20 08:25:08.759: [INFO][SyncAuthManager::EdgeLogTokenErrorState] Token error with: None for account type: AAD
2025-05-20 08:25:08.759: [INFO][Sync] Credentials changed for: EdgeSyncScopeNew
2025-05-20 08:25:10.047: [INFO][SyncAuthManager::SetLastAuthError] Current auth error: None
2025-05-20 08:25:10.047: [INFO][SyncAuthManager::EdgeLogTokenErrorState] Token error with: None for account type: AAD
2025-05-20 08:25:10.047: [INFO][Sync] Credentials changed for: EdgeSyncKeyDataScope
2025-05-20 08:25:10.047: [INFO][SyncEngineBackend::DoUpdateKeyDataCredentials] Update key data credentials
2025-05-20 08:25:10.047: [INFO][SyncEngineBackend::DoUpdateCredentials] Update credentials
2025-05-20 08:47:58.594: [INFO][Sync] Reset engine, reason: 0
2025-05-20 08:47:58.594: [INFO][Sync] Reset engine with reason: 0
2025-05-20 16:14:56.023: [INFO][Sync] SyncState after authenticated was: FeatureCanStart
2025-05-20 16:14:56.400: [INFO][Sync] Try to start sync engine
2025-05-20 16:14:56.401: [INFO][SyncManagerImpl::NudgeForInitialDownload] Initial download nudge for Encryption Keys
2025-05-20 16:14:56.401: [INFO][SyncEngineBackend::LoadAndConnectNigoriController] Load and connect Nigori controller
2025-05-20 16:14:56.401: [INFO][SyncEngineBackend::DoInitialize] Control Types added: Encryption Keys
2025-05-20 16:14:56.401: [INFO][SyncManagerImpl::ConfigureSyncer] Types to download: Encryption Keys with reason: 3
2025-05-20 16:14:56.401: [INFO][SyncSchedulerImpl::DoConfigurationSyncCycleJob] Configure job was blocked
2025-05-20 16:14:59.490: [INFO][SyncAuthManager::SetLastAuthError] Current auth error: None
2025-05-20 16:14:59.490: [INFO][SyncAuthManager::EdgeLogTokenErrorState] Token error with: None for account type: AAD
2025-05-20 16:14:59.490: [INFO][Sync] Credentials changed for: EdgeSyncScopeNew
2025-05-20 16:14:59.980: [INFO][SyncAuthManager::SetLastAuthError] Current auth error: None
2025-05-20 16:14:59.980: [INFO][SyncAuthManager::EdgeLogTokenErrorState] Token error with: None for account type: AAD
2025-05-20 16:14:59.980: [INFO][Sync] Credentials changed for: EdgeSyncKeyDataScope
2025-05-20 16:14:59.981: [INFO][SyncEngineBackend::DoUpdateKeyDataCredentials] Update key data credentials
2025-05-20 16:14:59.981: [INFO][SyncEngineBackend::DoUpdateCredentials] Update credentials
2025-05-20 16:14:59.981: [INFO][SyncSchedulerImpl::DoConfigurationSyncCycleJob] Blocked types:  and types to download: Encryption Keys
2025-05-20 16:15:01.778: [INFO][Sync] Started DataTypeManager configuration, reason: 4
2025-05-20 16:15:01.778: [INFO][Sync] Configuring for: Bookmarks, Preferences, Passwords, Autofill Profiles, Autofill, Extensions, Sessions, Extension settings, History Delete Directives, Device Info, User Consents, Send Tab To Self, Web Apps, History, Saved Tab Group, Collection, Edge E Drop, Edge Hub App Usage, Edge Tab Group, Edge Wallet, Encryption Keys, reason: 4, current state: 0
2025-05-20 16:15:01.780: [INFO][Sync] Configure, desired: Bookmarks, Preferences, Passwords, Autofill Profiles, Autofill, Extensions, Sessions, Extension settings, History Delete Directives, Device Info, User Consents, Send Tab To Self, Web Apps, History, Saved Tab Group, Collection, Edge E Drop, Edge Hub App Usage, Edge Tab Group, Edge Wallet, Encryption Keys; Allow fail: 
2025-05-20 16:15:01.780: [INFO][Sync] Loading: Bookmarks
2025-05-20 16:15:01.780: [INFO][Sync] Loading: Preferences
2025-05-20 16:15:01.780: [INFO][Sync] Loading: Passwords
2025-05-20 16:15:01.780: [INFO][Sync] Loading: Autofill Profiles
2025-05-20 16:15:01.780: [INFO][Sync] Loading: Autofill
2025-05-20 16:15:01.780: [INFO][Sync] Loading: Extensions
2025-05-20 16:15:01.780: [INFO][Sync] Loading: Sessions
2025-05-20 16:15:01.780: [INFO][Sync] Loading: Extension settings
2025-05-20 16:15:01.780: [INFO][Sync] Loading: History Delete Directives
2025-05-20 16:15:01.780: [INFO][Sync] Loading: Device Info
2025-05-20 16:15:01.780: [INFO][Sync] Loading: User Consents
2025-05-20 16:15:01.780: [INFO][Sync] Loading: Send Tab To Self
2025-05-20 16:15:01.780: [INFO][Sync] Loading: Web Apps
2025-05-20 16:15:01.780: [INFO][Sync] Loading: History
2025-05-20 16:15:01.780: [INFO][Sync] Loading: Saved Tab Group
2025-05-20 16:15:01.780: [INFO][Sync] Loading: Collection
2025-05-20 16:15:01.780: [INFO][Sync] Loading: Edge E Drop
2025-05-20 16:15:01.780: [INFO][Sync] Loading: Edge Hub App Usage
2025-05-20 16:15:01.780: [INFO][Sync] Loading: Edge Tab Group
2025-05-20 16:15:01.780: [INFO][Sync] Loading: Edge Wallet
2025-05-20 16:15:01.785: [INFO][SyncEngineBackend::DoStartConfiguration] Start configuration
2025-05-20 16:15:01.785: [INFO][Sync] All data types are ready for configure.
2025-05-20 16:15:01.786: [INFO][SyncManagerImpl::ConfigureSyncer] Types to download:  with reason: 4
2025-05-20 16:15:01.786: [INFO][SyncEngineBackend::DoFinishConfigureDataTypes] Failed to download types:  and succeeded types: 
2025-05-20 16:15:01.786: [INFO][Sync] ConfigurationDone, failed: , succeeded: , remaining count: 4
2025-05-20 16:15:01.787: [INFO][SyncManagerImpl::ConfigureSyncer] Types to download:  with reason: 4
2025-05-20 16:15:01.787: [INFO][SyncEngineBackend::DoFinishConfigureDataTypes] Failed to download types:  and succeeded types: 
2025-05-20 16:15:01.787: [INFO][Sync] ConfigurationDone, failed: , succeeded: , remaining count: 3
2025-05-20 16:15:01.787: [INFO][SyncManagerImpl::ConfigureSyncer] Types to download:  with reason: 4
2025-05-20 16:15:01.787: [INFO][SyncEngineBackend::DoFinishConfigureDataTypes] Failed to download types:  and succeeded types: 
2025-05-20 16:15:01.787: [INFO][Sync] ConfigurationDone, failed: , succeeded: , remaining count: 2
2025-05-20 16:15:01.787: [INFO][SyncManagerImpl::ConfigureSyncer] Types to download:  with reason: 4
2025-05-20 16:15:01.787: [INFO][SyncEngineBackend::DoFinishConfigureDataTypes] Failed to download types:  and succeeded types: 
2025-05-20 16:15:01.787: [INFO][Sync] ConfigurationDone, failed: , succeeded: , remaining count: 1
2025-05-20 16:15:01.788: [INFO][SyncManagerImpl::ConfigureSyncer] Types to download:  with reason: 4
2025-05-20 16:15:01.788: [INFO][SyncEngineBackend::DoFinishConfigureDataTypes] Failed to download types:  and succeeded types: 
2025-05-20 16:15:01.788: [INFO][Sync] ConfigurationDone, failed: , succeeded: , remaining count: 0
2025-05-20 16:15:01.789: [INFO][Sync]     Configuration completed, state: 3
2025-05-20 16:15:01.789: [INFO][Sync] Configured DataTypeManager: Ok
2025-05-20 16:15:01.791: [INFO][SyncEngineBackend::DoStartSyncing] Start syncing
2025-05-20 16:16:05.291: [INFO][Sync] Reset engine, reason: 0
2025-05-20 16:16:05.291: [INFO][Sync] Reset engine with reason: 0
2025-05-21 02:34:31.211: [INFO][Sync] SyncState after authenticated was: FeatureCanStart
2025-05-21 02:34:33.587: [INFO][Sync] Try to start sync engine
2025-05-21 02:34:33.592: [INFO][SyncManagerImpl::NudgeForInitialDownload] Initial download nudge for Encryption Keys
2025-05-21 02:34:33.592: [INFO][SyncEngineBackend::LoadAndConnectNigoriController] Load and connect Nigori controller
2025-05-21 02:34:33.592: [INFO][SyncEngineBackend::DoInitialize] Control Types added: Encryption Keys
2025-05-21 02:34:33.592: [INFO][SyncManagerImpl::ConfigureSyncer] Types to download: Encryption Keys with reason: 3
2025-05-21 02:34:33.592: [INFO][SyncSchedulerImpl::DoConfigurationSyncCycleJob] Configure job was blocked
2025-05-21 02:34:34.602: [INFO][SyncAuthManager::SetLastAuthError] Current auth error: None
2025-05-21 02:34:34.602: [INFO][SyncAuthManager::EdgeLogTokenErrorState] Token error with: None for account type: AAD
2025-05-21 02:34:34.602: [INFO][Sync] Credentials changed for: EdgeSyncKeyDataScope
2025-05-21 02:34:34.602: [INFO][SyncEngineBackend::DoUpdateKeyDataCredentials] Update key data credentials
2025-05-21 02:34:34.812: [INFO][SyncAuthManager::SetLastAuthError] Current auth error: None
2025-05-21 02:34:34.812: [INFO][SyncAuthManager::EdgeLogTokenErrorState] Token error with: None for account type: AAD
2025-05-21 02:34:34.812: [INFO][Sync] Credentials changed for: EdgeSyncScopeNew
2025-05-21 02:34:34.812: [INFO][SyncEngineBackend::DoUpdateCredentials] Update credentials
2025-05-21 02:34:34.812: [INFO][SyncSchedulerImpl::DoConfigurationSyncCycleJob] Blocked types:  and types to download: Encryption Keys
2025-05-21 02:34:38.973: [INFO][SyncEngineBackend::DoUpdateKeyDataCredentials] Update key data credentials
2025-05-21 02:34:38.976: [INFO][Sync] Started DataTypeManager configuration, reason: 4
2025-05-21 02:34:38.976: [INFO][Sync] Configuring for: Bookmarks, Preferences, Passwords, Autofill Profiles, Autofill, Extensions, Sessions, Extension settings, History Delete Directives, Device Info, User Consents, Send Tab To Self, Web Apps, History, Saved Tab Group, Collection, Edge E Drop, Edge Hub App Usage, Edge Tab Group, Edge Wallet, Encryption Keys, reason: 4, current state: 0
2025-05-21 02:34:38.976: [INFO][SyncEngineBackend::DoStartConfiguration] Start configuration
2025-05-21 02:34:38.977: [INFO][Sync] Configure, desired: Bookmarks, Preferences, Passwords, Autofill Profiles, Autofill, Extensions, Sessions, Extension settings, History Delete Directives, Device Info, User Consents, Send Tab To Self, Web Apps, History, Saved Tab Group, Collection, Edge E Drop, Edge Hub App Usage, Edge Tab Group, Edge Wallet, Encryption Keys; Allow fail: 
2025-05-21 02:34:38.977: [INFO][Sync] Loading: Bookmarks
2025-05-21 02:34:38.977: [INFO][Sync] Loading: Preferences
2025-05-21 02:34:38.977: [INFO][Sync] Loading: Passwords
2025-05-21 02:34:38.977: [INFO][Sync] Loading: Autofill Profiles
2025-05-21 02:34:38.977: [INFO][Sync] Loading: Autofill
2025-05-21 02:34:38.977: [INFO][Sync] Loading: Extensions
2025-05-21 02:34:38.977: [INFO][Sync] Loading: Sessions
2025-05-21 02:34:38.977: [INFO][Sync] Loading: Extension settings
2025-05-21 02:34:38.977: [INFO][Sync] Loading: History Delete Directives
2025-05-21 02:34:38.977: [INFO][Sync] Loading: Device Info
2025-05-21 02:34:38.977: [INFO][Sync] Loading: User Consents
2025-05-21 02:34:38.977: [INFO][Sync] Loading: Send Tab To Self
2025-05-21 02:34:38.977: [INFO][Sync] Loading: Web Apps
2025-05-21 02:34:38.977: [INFO][Sync] Loading: History
2025-05-21 02:34:38.977: [INFO][Sync] Loading: Saved Tab Group
2025-05-21 02:34:38.977: [INFO][Sync] Loading: Collection
2025-05-21 02:34:38.977: [INFO][Sync] Loading: Edge E Drop
2025-05-21 02:34:38.977: [INFO][Sync] Loading: Edge Hub App Usage
2025-05-21 02:34:38.977: [INFO][Sync] Loading: Edge Tab Group
2025-05-21 02:34:38.977: [INFO][Sync] Loading: Edge Wallet
2025-05-21 02:34:38.981: [INFO][Sync] All data types are ready for configure.
2025-05-21 02:34:38.982: [INFO][SyncManagerImpl::ConfigureSyncer] Types to download:  with reason: 4
2025-05-21 02:34:38.982: [INFO][SyncEngineBackend::DoFinishConfigureDataTypes] Failed to download types:  and succeeded types: 
2025-05-21 02:34:38.982: [INFO][Sync] ConfigurationDone, failed: , succeeded: , remaining count: 4
2025-05-21 02:34:38.983: [INFO][SyncManagerImpl::ConfigureSyncer] Types to download:  with reason: 4
2025-05-21 02:34:38.983: [INFO][SyncEngineBackend::DoFinishConfigureDataTypes] Failed to download types:  and succeeded types: 
2025-05-21 02:34:38.983: [INFO][Sync] ConfigurationDone, failed: , succeeded: , remaining count: 3
2025-05-21 02:34:38.983: [INFO][SyncManagerImpl::ConfigureSyncer] Types to download:  with reason: 4
2025-05-21 02:34:38.983: [INFO][SyncEngineBackend::DoFinishConfigureDataTypes] Failed to download types:  and succeeded types: 
2025-05-21 02:34:38.983: [INFO][Sync] ConfigurationDone, failed: , succeeded: , remaining count: 2
2025-05-21 02:34:38.983: [INFO][SyncManagerImpl::ConfigureSyncer] Types to download:  with reason: 4
2025-05-21 02:34:38.983: [INFO][SyncEngineBackend::DoFinishConfigureDataTypes] Failed to download types:  and succeeded types: 
2025-05-21 02:34:38.983: [INFO][Sync] ConfigurationDone, failed: , succeeded: , remaining count: 1
2025-05-21 02:34:38.984: [INFO][SyncManagerImpl::ConfigureSyncer] Types to download:  with reason: 4
2025-05-21 02:34:38.984: [INFO][SyncEngineBackend::DoFinishConfigureDataTypes] Failed to download types:  and succeeded types: 
2025-05-21 02:34:38.984: [INFO][Sync] ConfigurationDone, failed: , succeeded: , remaining count: 0
2025-05-21 02:34:38.985: [INFO][Sync]     Configuration completed, state: 3
2025-05-21 02:34:38.985: [INFO][Sync] Configured DataTypeManager: Ok
2025-05-21 02:34:38.987: [INFO][SyncEngineBackend::DoStartSyncing] Start syncing
2025-05-21 02:41:54.144: [INFO][Sync] Reset engine, reason: 0
2025-05-21 02:41:54.144: [INFO][Sync] Reset engine with reason: 0
2025-05-21 03:05:35.667: [INFO][Sync] SyncState after authenticated was: FeatureCanStart
2025-05-21 03:05:36.034: [INFO][SyncAuthManager::SetLastAuthError] Current auth error: None
2025-05-21 03:05:36.034: [INFO][SyncAuthManager::EdgeLogTokenErrorState] Token error with: None for account type: AAD
2025-05-21 03:05:36.034: [INFO][Sync] Credentials changed for: EdgeSyncKeyDataScope
2025-05-21 03:05:36.043: [INFO][Sync] Try to start sync engine
2025-05-21 03:05:36.044: [INFO][SyncManagerImpl::NudgeForInitialDownload] Initial download nudge for Encryption Keys
2025-05-21 03:05:36.044: [INFO][SyncEngineBackend::LoadAndConnectNigoriController] Load and connect Nigori controller
2025-05-21 03:05:36.044: [INFO][SyncEngineBackend::DoInitialize] Control Types added: Encryption Keys
2025-05-21 03:05:36.044: [INFO][SyncManagerImpl::ConfigureSyncer] Types to download: Encryption Keys with reason: 3
2025-05-21 03:05:36.044: [INFO][SyncEngineBackend::DoUpdateKeyDataCredentials] Update key data credentials
2025-05-21 03:05:36.044: [INFO][SyncSchedulerImpl::DoConfigurationSyncCycleJob] Configure job was blocked
2025-05-21 03:05:36.094: [INFO][SyncAuthManager::SetLastAuthError] Current auth error: None
2025-05-21 03:05:36.095: [INFO][SyncAuthManager::EdgeLogTokenErrorState] Token error with: None for account type: AAD
2025-05-21 03:05:36.095: [INFO][Sync] Credentials changed for: EdgeSyncScopeNew
2025-05-21 03:05:36.095: [INFO][SyncEngineBackend::DoUpdateCredentials] Update credentials
2025-05-21 03:05:36.095: [INFO][SyncSchedulerImpl::DoConfigurationSyncCycleJob] Blocked types:  and types to download: Encryption Keys
2025-05-21 03:05:39.019: [INFO][SyncEngineBackend::DoUpdateKeyDataCredentials] Update key data credentials
2025-05-21 03:05:39.021: [INFO][Sync] Started DataTypeManager configuration, reason: 4
2025-05-21 03:05:39.022: [INFO][Sync] Configuring for: Bookmarks, Preferences, Passwords, Autofill Profiles, Autofill, Extensions, Sessions, Extension settings, History Delete Directives, Device Info, User Consents, Send Tab To Self, Web Apps, History, Saved Tab Group, Collection, Edge E Drop, Edge Hub App Usage, Edge Tab Group, Edge Wallet, Encryption Keys, reason: 4, current state: 0
2025-05-21 03:05:39.022: [INFO][SyncEngineBackend::DoStartConfiguration] Start configuration
2025-05-21 03:05:39.023: [INFO][Sync] Configure, desired: Bookmarks, Preferences, Passwords, Autofill Profiles, Autofill, Extensions, Sessions, Extension settings, History Delete Directives, Device Info, User Consents, Send Tab To Self, Web Apps, History, Saved Tab Group, Collection, Edge E Drop, Edge Hub App Usage, Edge Tab Group, Edge Wallet, Encryption Keys; Allow fail: 
2025-05-21 03:05:39.023: [INFO][Sync] Loading: Bookmarks
2025-05-21 03:05:39.023: [INFO][Sync] Loading: Preferences
2025-05-21 03:05:39.023: [INFO][Sync] Loading: Passwords
2025-05-21 03:05:39.023: [INFO][Sync] Loading: Autofill Profiles
2025-05-21 03:05:39.023: [INFO][Sync] Loading: Autofill
2025-05-21 03:05:39.023: [INFO][Sync] Loading: Extensions
2025-05-21 03:05:39.023: [INFO][Sync] Loading: Sessions
2025-05-21 03:05:39.023: [INFO][Sync] Loading: Extension settings
2025-05-21 03:05:39.023: [INFO][Sync] Loading: History Delete Directives
2025-05-21 03:05:39.023: [INFO][Sync] Loading: Device Info
2025-05-21 03:05:39.023: [INFO][Sync] Loading: User Consents
2025-05-21 03:05:39.023: [INFO][Sync] Loading: Send Tab To Self
2025-05-21 03:05:39.023: [INFO][Sync] Loading: Web Apps
2025-05-21 03:05:39.023: [INFO][Sync] Loading: History
2025-05-21 03:05:39.023: [INFO][Sync] Loading: Saved Tab Group
2025-05-21 03:05:39.023: [INFO][Sync] Loading: Collection
2025-05-21 03:05:39.023: [INFO][Sync] Loading: Edge E Drop
2025-05-21 03:05:39.023: [INFO][Sync] Loading: Edge Hub App Usage
2025-05-21 03:05:39.023: [INFO][Sync] Loading: Edge Tab Group
2025-05-21 03:05:39.023: [INFO][Sync] Loading: Edge Wallet
2025-05-21 03:05:39.028: [INFO][Sync] All data types are ready for configure.
2025-05-21 03:05:39.028: [INFO][SyncManagerImpl::ConfigureSyncer] Types to download:  with reason: 4
2025-05-21 03:05:39.028: [INFO][SyncEngineBackend::DoFinishConfigureDataTypes] Failed to download types:  and succeeded types: 
2025-05-21 03:05:39.028: [INFO][Sync] ConfigurationDone, failed: , succeeded: , remaining count: 4
2025-05-21 03:05:39.029: [INFO][SyncManagerImpl::ConfigureSyncer] Types to download:  with reason: 4
2025-05-21 03:05:39.029: [INFO][SyncEngineBackend::DoFinishConfigureDataTypes] Failed to download types:  and succeeded types: 
2025-05-21 03:05:39.029: [INFO][Sync] ConfigurationDone, failed: , succeeded: , remaining count: 3
2025-05-21 03:05:39.029: [INFO][SyncManagerImpl::ConfigureSyncer] Types to download:  with reason: 4
2025-05-21 03:05:39.029: [INFO][SyncEngineBackend::DoFinishConfigureDataTypes] Failed to download types:  and succeeded types: 
2025-05-21 03:05:39.029: [INFO][Sync] ConfigurationDone, failed: , succeeded: , remaining count: 2
2025-05-21 03:05:39.029: [INFO][SyncManagerImpl::ConfigureSyncer] Types to download:  with reason: 4
2025-05-21 03:05:39.029: [INFO][SyncEngineBackend::DoFinishConfigureDataTypes] Failed to download types:  and succeeded types: 
2025-05-21 03:05:39.029: [INFO][Sync] ConfigurationDone, failed: , succeeded: , remaining count: 1
2025-05-21 03:05:39.034: [INFO][SyncManagerImpl::ConfigureSyncer] Types to download:  with reason: 4
2025-05-21 03:05:39.034: [INFO][SyncEngineBackend::DoFinishConfigureDataTypes] Failed to download types:  and succeeded types: 
2025-05-21 03:05:39.034: [INFO][Sync] ConfigurationDone, failed: , succeeded: , remaining count: 0
2025-05-21 03:05:39.036: [INFO][Sync]     Configuration completed, state: 3
2025-05-21 03:05:39.036: [INFO][Sync] Configured DataTypeManager: Ok
2025-05-21 03:05:39.037: [INFO][SyncEngineBackend::DoStartSyncing] Start syncing
2025-05-21 03:10:32.318: [INFO][Sync] Reset engine, reason: 0
2025-05-21 03:10:32.318: [INFO][Sync] Reset engine with reason: 0
2025-05-21 03:11:06.461: [INFO][Sync] SyncState after authenticated was: FeatureCanStart
2025-05-21 03:11:06.825: [INFO][Sync] Try to start sync engine
2025-05-21 03:11:06.831: [INFO][SyncManagerImpl::NudgeForInitialDownload] Initial download nudge for Encryption Keys
2025-05-21 03:11:06.831: [INFO][SyncEngineBackend::LoadAndConnectNigoriController] Load and connect Nigori controller
2025-05-21 03:11:06.831: [INFO][SyncEngineBackend::DoInitialize] Control Types added: Encryption Keys
2025-05-21 03:11:06.831: [INFO][SyncManagerImpl::ConfigureSyncer] Types to download: Encryption Keys with reason: 3
2025-05-21 03:11:06.831: [INFO][SyncSchedulerImpl::DoConfigurationSyncCycleJob] Configure job was blocked
2025-05-21 03:11:06.870: [INFO][SyncAuthManager::SetLastAuthError] Current auth error: None
2025-05-21 03:11:06.870: [INFO][SyncAuthManager::EdgeLogTokenErrorState] Token error with: None for account type: AAD
2025-05-21 03:11:06.870: [INFO][Sync] Credentials changed for: EdgeSyncKeyDataScope
2025-05-21 03:11:06.870: [INFO][SyncEngineBackend::DoUpdateKeyDataCredentials] Update key data credentials
2025-05-21 03:11:06.912: [INFO][SyncAuthManager::SetLastAuthError] Current auth error: None
2025-05-21 03:11:06.912: [INFO][SyncAuthManager::EdgeLogTokenErrorState] Token error with: None for account type: AAD
2025-05-21 03:11:06.912: [INFO][Sync] Credentials changed for: EdgeSyncScopeNew
2025-05-21 03:11:06.912: [INFO][SyncEngineBackend::DoUpdateCredentials] Update credentials
2025-05-21 03:11:06.912: [INFO][SyncSchedulerImpl::DoConfigurationSyncCycleJob] Blocked types:  and types to download: Encryption Keys
2025-05-21 03:11:08.877: [INFO][SyncEngineBackend::DoUpdateKeyDataCredentials] Update key data credentials
2025-05-21 03:11:08.880: [INFO][Sync] Started DataTypeManager configuration, reason: 4
2025-05-21 03:11:08.880: [INFO][Sync] Configuring for: Bookmarks, Preferences, Passwords, Autofill Profiles, Autofill, Extensions, Sessions, Extension settings, History Delete Directives, Device Info, User Consents, Send Tab To Self, Web Apps, History, Saved Tab Group, Collection, Edge E Drop, Edge Hub App Usage, Edge Tab Group, Edge Wallet, Encryption Keys, reason: 4, current state: 0
2025-05-21 03:11:08.880: [INFO][SyncEngineBackend::DoStartConfiguration] Start configuration
2025-05-21 03:11:08.882: [INFO][Sync] Configure, desired: Bookmarks, Preferences, Passwords, Autofill Profiles, Autofill, Extensions, Sessions, Extension settings, History Delete Directives, Device Info, User Consents, Send Tab To Self, Web Apps, History, Saved Tab Group, Collection, Edge E Drop, Edge Hub App Usage, Edge Tab Group, Edge Wallet, Encryption Keys; Allow fail: 
2025-05-21 03:11:08.882: [INFO][Sync] Loading: Bookmarks
2025-05-21 03:11:08.882: [INFO][Sync] Loading: Preferences
2025-05-21 03:11:08.882: [INFO][Sync] Loading: Passwords
2025-05-21 03:11:08.882: [INFO][Sync] Loading: Autofill Profiles
2025-05-21 03:11:08.882: [INFO][Sync] Loading: Autofill
2025-05-21 03:11:08.882: [INFO][Sync] Loading: Extensions
2025-05-21 03:11:08.882: [INFO][Sync] Loading: Sessions
2025-05-21 03:11:08.882: [INFO][Sync] Loading: Extension settings
2025-05-21 03:11:08.882: [INFO][Sync] Loading: History Delete Directives
2025-05-21 03:11:08.882: [INFO][Sync] Loading: Device Info
2025-05-21 03:11:08.882: [INFO][Sync] Loading: User Consents
2025-05-21 03:11:08.882: [INFO][Sync] Loading: Send Tab To Self
2025-05-21 03:11:08.882: [INFO][Sync] Loading: Web Apps
2025-05-21 03:11:08.882: [INFO][Sync] Loading: History
2025-05-21 03:11:08.882: [INFO][Sync] Loading: Saved Tab Group
2025-05-21 03:11:08.882: [INFO][Sync] Loading: Collection
2025-05-21 03:11:08.882: [INFO][Sync] Loading: Edge E Drop
2025-05-21 03:11:08.882: [INFO][Sync] Loading: Edge Hub App Usage
2025-05-21 03:11:08.882: [INFO][Sync] Loading: Edge Tab Group
2025-05-21 03:11:08.882: [INFO][Sync] Loading: Edge Wallet
2025-05-21 03:11:08.885: [INFO][Sync] All data types are ready for configure.
2025-05-21 03:11:08.886: [INFO][SyncManagerImpl::ConfigureSyncer] Types to download:  with reason: 4
2025-05-21 03:11:08.886: [INFO][SyncEngineBackend::DoFinishConfigureDataTypes] Failed to download types:  and succeeded types: 
2025-05-21 03:11:08.886: [INFO][Sync] ConfigurationDone, failed: , succeeded: , remaining count: 4
2025-05-21 03:11:08.886: [INFO][SyncManagerImpl::ConfigureSyncer] Types to download:  with reason: 4
2025-05-21 03:11:08.886: [INFO][SyncEngineBackend::DoFinishConfigureDataTypes] Failed to download types:  and succeeded types: 
2025-05-21 03:11:08.886: [INFO][Sync] ConfigurationDone, failed: , succeeded: , remaining count: 3
2025-05-21 03:11:08.886: [INFO][SyncManagerImpl::ConfigureSyncer] Types to download:  with reason: 4
2025-05-21 03:11:08.886: [INFO][SyncEngineBackend::DoFinishConfigureDataTypes] Failed to download types:  and succeeded types: 
2025-05-21 03:11:08.886: [INFO][Sync] ConfigurationDone, failed: , succeeded: , remaining count: 2
2025-05-21 03:11:08.886: [INFO][SyncManagerImpl::ConfigureSyncer] Types to download:  with reason: 4
2025-05-21 03:11:08.886: [INFO][SyncEngineBackend::DoFinishConfigureDataTypes] Failed to download types:  and succeeded types: 
2025-05-21 03:11:08.886: [INFO][Sync] ConfigurationDone, failed: , succeeded: , remaining count: 1
2025-05-21 03:11:08.888: [INFO][SyncManagerImpl::ConfigureSyncer] Types to download:  with reason: 4
2025-05-21 03:11:08.888: [INFO][SyncEngineBackend::DoFinishConfigureDataTypes] Failed to download types:  and succeeded types: 
2025-05-21 03:11:08.888: [INFO][Sync] ConfigurationDone, failed: , succeeded: , remaining count: 0
2025-05-21 03:11:08.891: [INFO][Sync]     Configuration completed, state: 3
2025-05-21 03:11:08.891: [INFO][Sync] Configured DataTypeManager: Ok
2025-05-21 03:11:08.893: [INFO][SyncEngineBackend::DoStartSyncing] Start syncing
2025-05-21 03:17:15.474: [INFO][Sync] Reset engine, reason: 0
2025-05-21 03:17:15.474: [INFO][Sync] Reset engine with reason: 0
2025-05-21 03:18:10.979: [INFO][Sync] SyncState after authenticated was: FeatureCanStart
2025-05-21 03:18:11.287: [INFO][SyncAuthManager::SetLastAuthError] Current auth error: None
2025-05-21 03:18:11.287: [INFO][SyncAuthManager::EdgeLogTokenErrorState] Token error with: None for account type: AAD
2025-05-21 03:18:11.287: [INFO][Sync] Credentials changed for: EdgeSyncKeyDataScope
2025-05-21 03:18:11.287: [INFO][Sync] Try to start sync engine
2025-05-21 03:18:11.294: [INFO][SyncManagerImpl::NudgeForInitialDownload] Initial download nudge for Encryption Keys
2025-05-21 03:18:11.294: [INFO][SyncEngineBackend::LoadAndConnectNigoriController] Load and connect Nigori controller
2025-05-21 03:18:11.294: [INFO][SyncEngineBackend::DoInitialize] Control Types added: Encryption Keys
2025-05-21 03:18:11.294: [INFO][SyncManagerImpl::ConfigureSyncer] Types to download: Encryption Keys with reason: 3
2025-05-21 03:18:11.294: [INFO][SyncEngineBackend::DoUpdateKeyDataCredentials] Update key data credentials
2025-05-21 03:18:11.295: [INFO][SyncSchedulerImpl::DoConfigurationSyncCycleJob] Configure job was blocked
2025-05-21 03:18:11.375: [INFO][SyncAuthManager::SetLastAuthError] Current auth error: None
2025-05-21 03:18:11.375: [INFO][SyncAuthManager::EdgeLogTokenErrorState] Token error with: None for account type: AAD
2025-05-21 03:18:11.375: [INFO][Sync] Credentials changed for: EdgeSyncScopeNew
2025-05-21 03:18:11.376: [INFO][SyncEngineBackend::DoUpdateCredentials] Update credentials
2025-05-21 03:18:11.376: [INFO][SyncEngineBackend::DoUpdateKeyDataCredentials] Update key data credentials
2025-05-21 03:18:11.376: [INFO][SyncSchedulerImpl::DoConfigurationSyncCycleJob] Blocked types:  and types to download: Encryption Keys
2025-05-21 03:18:14.955: [INFO][Sync] Started DataTypeManager configuration, reason: 4
2025-05-21 03:18:14.955: [INFO][Sync] Configuring for: Bookmarks, Preferences, Passwords, Autofill Profiles, Autofill, Extensions, Sessions, Extension settings, History Delete Directives, Device Info, User Consents, Send Tab To Self, Web Apps, History, Saved Tab Group, Collection, Edge E Drop, Edge Hub App Usage, Edge Tab Group, Edge Wallet, Encryption Keys, reason: 4, current state: 0
2025-05-21 03:18:14.955: [INFO][SyncEngineBackend::DoStartConfiguration] Start configuration
2025-05-21 03:18:14.957: [INFO][Sync] Configure, desired: Bookmarks, Preferences, Passwords, Autofill Profiles, Autofill, Extensions, Sessions, Extension settings, History Delete Directives, Device Info, User Consents, Send Tab To Self, Web Apps, History, Saved Tab Group, Collection, Edge E Drop, Edge Hub App Usage, Edge Tab Group, Edge Wallet, Encryption Keys; Allow fail: 
2025-05-21 03:18:14.957: [INFO][Sync] Loading: Bookmarks
2025-05-21 03:18:14.957: [INFO][Sync] Loading: Preferences
2025-05-21 03:18:14.957: [INFO][Sync] Loading: Passwords
2025-05-21 03:18:14.957: [INFO][Sync] Loading: Autofill Profiles
2025-05-21 03:18:14.957: [INFO][Sync] Loading: Autofill
2025-05-21 03:18:14.957: [INFO][Sync] Loading: Extensions
2025-05-21 03:18:14.957: [INFO][Sync] Loading: Sessions
2025-05-21 03:18:14.957: [INFO][Sync] Loading: Extension settings
2025-05-21 03:18:14.957: [INFO][Sync] Loading: History Delete Directives
2025-05-21 03:18:14.957: [INFO][Sync] Loading: Device Info
2025-05-21 03:18:14.957: [INFO][Sync] Loading: User Consents
2025-05-21 03:18:14.957: [INFO][Sync] Loading: Send Tab To Self
2025-05-21 03:18:14.957: [INFO][Sync] Loading: Web Apps
2025-05-21 03:18:14.957: [INFO][Sync] Loading: History
2025-05-21 03:18:14.957: [INFO][Sync] Loading: Saved Tab Group
2025-05-21 03:18:14.957: [INFO][Sync] Loading: Collection
2025-05-21 03:18:14.957: [INFO][Sync] Loading: Edge E Drop
2025-05-21 03:18:14.957: [INFO][Sync] Loading: Edge Hub App Usage
2025-05-21 03:18:14.957: [INFO][Sync] Loading: Edge Tab Group
2025-05-21 03:18:14.957: [INFO][Sync] Loading: Edge Wallet
2025-05-21 03:18:14.958: [INFO][Sync] All data types are ready for configure.
2025-05-21 03:18:14.959: [INFO][SyncManagerImpl::ConfigureSyncer] Types to download:  with reason: 4
2025-05-21 03:18:14.959: [INFO][SyncEngineBackend::DoFinishConfigureDataTypes] Failed to download types:  and succeeded types: 
2025-05-21 03:18:14.959: [INFO][Sync] ConfigurationDone, failed: , succeeded: , remaining count: 4
2025-05-21 03:18:14.959: [INFO][SyncManagerImpl::ConfigureSyncer] Types to download:  with reason: 4
2025-05-21 03:18:14.959: [INFO][SyncEngineBackend::DoFinishConfigureDataTypes] Failed to download types:  and succeeded types: 
2025-05-21 03:18:14.959: [INFO][Sync] ConfigurationDone, failed: , succeeded: , remaining count: 3
2025-05-21 03:18:14.959: [INFO][SyncManagerImpl::ConfigureSyncer] Types to download:  with reason: 4
2025-05-21 03:18:14.959: [INFO][SyncEngineBackend::DoFinishConfigureDataTypes] Failed to download types:  and succeeded types: 
2025-05-21 03:18:14.959: [INFO][Sync] ConfigurationDone, failed: , succeeded: , remaining count: 2
2025-05-21 03:18:14.959: [INFO][SyncManagerImpl::ConfigureSyncer] Types to download:  with reason: 4
2025-05-21 03:18:14.959: [INFO][SyncEngineBackend::DoFinishConfigureDataTypes] Failed to download types:  and succeeded types: 
2025-05-21 03:18:14.959: [INFO][Sync] ConfigurationDone, failed: , succeeded: , remaining count: 1
2025-05-21 03:18:14.961: [INFO][SyncManagerImpl::ConfigureSyncer] Types to download:  with reason: 4
2025-05-21 03:18:14.961: [INFO][SyncEngineBackend::DoFinishConfigureDataTypes] Failed to download types:  and succeeded types: 
2025-05-21 03:18:14.961: [INFO][Sync] ConfigurationDone, failed: , succeeded: , remaining count: 0
2025-05-21 03:18:14.962: [INFO][Sync]     Configuration completed, state: 3
2025-05-21 03:18:14.962: [INFO][Sync] Configured DataTypeManager: Ok
2025-05-21 03:18:14.965: [INFO][SyncEngineBackend::DoStartSyncing] Start syncing
